CRITICAL - 2022-02-07 03:43:17 --> Undefined variable $logins
#0 C:\wamp\www\statut\app\Views\usersettings.php(20): CodeIgniter\Debug\Exceptions->errorHandler(2, 'Undefined varia...', 'C:\\wamp\\www\\sta...', 20)
#1 C:\wamp\www\statut\system\View\View.php(210): include('C:\\wamp\\www\\sta...')
#2 C:\wamp\www\statut\system\View\View.php(213): CodeIgniter\View\View->CodeIgniter\View\{closure}()
#3 C:\wamp\www\statut\system\Common.php(1089): CodeIgniter\View\View->render('usersettings', Array, true)
#4 C:\wamp\www\statut\app\Controllers\UserSettings.php(13): view('usersettings')
#5 C:\wamp\www\statut\system\CodeIgniter.php(802): App\Controllers\UserSettings->__construct()
#6 C:\wamp\www\statut\system\CodeIgniter.php(403): CodeIgniter\CodeIgniter->createController()
#7 C:\wamp\www\statut\system\CodeIgniter.php(320): CodeIgniter\CodeIgniter->handleRequest(NULL, Object(Config\Cache), false)
#8 C:\wamp\www\statut\public\index.php(37): CodeIgniter\CodeIgniter->run()
#9 C:\wamp\www\statut\system\Commands\Server\rewrite.php(43): require_once('C:\\wamp\\www\\sta...')
#10 {main}
CRITICAL - 2022-02-07 03:59:57 --> view(): Argument #3 ($options) must be of type array, string given, called in C:\wamp\www\statut\app\Controllers\UserSettings.php on line 20
#0 C:\wamp\www\statut\app\Controllers\UserSettings.php(20): view('usersettings', Array, '1', 'first', 'first@test.com')
#1 C:\wamp\www\statut\system\CodeIgniter.php(802): App\Controllers\UserSettings->__construct()
#2 C:\wamp\www\statut\system\CodeIgniter.php(403): CodeIgniter\CodeIgniter->createController()
#3 C:\wamp\www\statut\system\CodeIgniter.php(320): CodeIgniter\CodeIgniter->handleRequest(NULL, Object(Config\Cache), false)
#4 C:\wamp\www\statut\public\index.php(37): CodeIgniter\CodeIgniter->run()
#5 C:\wamp\www\statut\system\Commands\Server\rewrite.php(43): require_once('C:\\wamp\\www\\sta...')
#6 {main}
CRITICAL - 2022-02-07 04:00:25 --> Undefined variable $name
#0 C:\wamp\www\statut\app\Views\usersettings.php(31): CodeIgniter\Debug\Exceptions->errorHandler(2, 'Undefined varia...', 'C:\\wamp\\www\\sta...', 31)
#1 C:\wamp\www\statut\system\View\View.php(210): include('C:\\wamp\\www\\sta...')
#2 C:\wamp\www\statut\system\View\View.php(213): CodeIgniter\View\View->CodeIgniter\View\{closure}()
#3 C:\wamp\www\statut\system\Common.php(1089): CodeIgniter\View\View->render('usersettings', Array, true)
#4 C:\wamp\www\statut\app\Controllers\UserSettings.php(20): view('usersettings', Array)
#5 C:\wamp\www\statut\system\CodeIgniter.php(802): App\Controllers\UserSettings->__construct()
#6 C:\wamp\www\statut\system\CodeIgniter.php(403): CodeIgniter\CodeIgniter->createController()
#7 C:\wamp\www\statut\system\CodeIgniter.php(320): CodeIgniter\CodeIgniter->handleRequest(NULL, Object(Config\Cache), false)
#8 C:\wamp\www\statut\public\index.php(37): CodeIgniter\CodeIgniter->run()
#9 C:\wamp\www\statut\system\Commands\Server\rewrite.php(43): require_once('C:\\wamp\\www\\sta...')
#10 {main}
CRITICAL - 2022-02-07 04:17:11 --> Undefined variable $session
#0 C:\wamp\www\statut\app\Views\usersettings.php(20): CodeIgniter\Debug\Exceptions->errorHandler(2, 'Undefined varia...', 'C:\\wamp\\www\\sta...', 20)
#1 C:\wamp\www\statut\system\View\View.php(210): include('C:\\wamp\\www\\sta...')
#2 C:\wamp\www\statut\system\View\View.php(213): CodeIgniter\View\View->CodeIgniter\View\{closure}()
#3 C:\wamp\www\statut\system\Common.php(1089): CodeIgniter\View\View->render('usersettings', Array, true)
#4 C:\wamp\www\statut\app\Controllers\UserSettings.php(21): view('usersettings', Array)
#5 C:\wamp\www\statut\system\CodeIgniter.php(802): App\Controllers\UserSettings->__construct()
#6 C:\wamp\www\statut\system\CodeIgniter.php(403): CodeIgniter\CodeIgniter->createController()
#7 C:\wamp\www\statut\system\CodeIgniter.php(320): CodeIgniter\CodeIgniter->handleRequest(NULL, Object(Config\Cache), false)
#8 C:\wamp\www\statut\public\index.php(37): CodeIgniter\CodeIgniter->run()
#9 C:\wamp\www\statut\system\Commands\Server\rewrite.php(43): require_once('C:\\wamp\\www\\sta...')
#10 {main}
CRITICAL - 2022-02-07 04:19:51 --> Undefined variable $session
#0 C:\wamp\www\statut\app\Views\usersettings.php(20): CodeIgniter\Debug\Exceptions->errorHandler(2, 'Undefined varia...', 'C:\\wamp\\www\\sta...', 20)
#1 C:\wamp\www\statut\system\View\View.php(210): include('C:\\wamp\\www\\sta...')
#2 C:\wamp\www\statut\system\View\View.php(213): CodeIgniter\View\View->CodeIgniter\View\{closure}()
#3 C:\wamp\www\statut\system\Common.php(1089): CodeIgniter\View\View->render('usersettings', Array, true)
#4 C:\wamp\www\statut\app\Controllers\UserSettings.php(20): view('usersettings', Array)
#5 C:\wamp\www\statut\system\CodeIgniter.php(802): App\Controllers\UserSettings->__construct()
#6 C:\wamp\www\statut\system\CodeIgniter.php(403): CodeIgniter\CodeIgniter->createController()
#7 C:\wamp\www\statut\system\CodeIgniter.php(320): CodeIgniter\CodeIgniter->handleRequest(NULL, Object(Config\Cache), false)
#8 C:\wamp\www\statut\public\index.php(37): CodeIgniter\CodeIgniter->run()
#9 C:\wamp\www\statut\system\Commands\Server\rewrite.php(43): require_once('C:\\wamp\\www\\sta...')
#10 {main}
CRITICAL - 2022-02-07 04:20:22 --> Trying to access array offset on value of type null
#0 C:\wamp\www\statut\app\Views\usersettings.php(31): CodeIgniter\Debug\Exceptions->errorHandler(2, 'Trying to acces...', 'C:\\wamp\\www\\sta...', 31)
#1 C:\wamp\www\statut\system\View\View.php(210): include('C:\\wamp\\www\\sta...')
#2 C:\wamp\www\statut\system\View\View.php(213): CodeIgniter\View\View->CodeIgniter\View\{closure}()
#3 C:\wamp\www\statut\system\Common.php(1089): CodeIgniter\View\View->render('usersettings', Array, true)
#4 C:\wamp\www\statut\app\Controllers\UserSettings.php(20): view('usersettings', Array)
#5 C:\wamp\www\statut\system\CodeIgniter.php(802): App\Controllers\UserSettings->__construct()
#6 C:\wamp\www\statut\system\CodeIgniter.php(403): CodeIgniter\CodeIgniter->createController()
#7 C:\wamp\www\statut\system\CodeIgniter.php(320): CodeIgniter\CodeIgniter->handleRequest(NULL, Object(Config\Cache), false)
#8 C:\wamp\www\statut\public\index.php(37): CodeIgniter\CodeIgniter->run()
#9 C:\wamp\www\statut\system\Commands\Server\rewrite.php(43): require_once('C:\\wamp\\www\\sta...')
#10 {main}
CRITICAL - 2022-02-07 04:21:00 --> CodeIgniter\Database\BaseBuilder::get(): Argument #1 ($limit) must be of type ?int, string given, called in C:\wamp\www\statut\system\Model.php on line 728
#0 C:\wamp\www\statut\system\Model.php(728): CodeIgniter\Database\BaseBuilder->get('name')
#1 C:\wamp\www\statut\app\Controllers\UserSettings.php(16): CodeIgniter\Model->__call('get', Array)
#2 C:\wamp\www\statut\system\CodeIgniter.php(802): App\Controllers\UserSettings->__construct()
#3 C:\wamp\www\statut\system\CodeIgniter.php(403): CodeIgniter\CodeIgniter->createController()
#4 C:\wamp\www\statut\system\CodeIgniter.php(320): CodeIgniter\CodeIgniter->handleRequest(NULL, Object(Config\Cache), false)
#5 C:\wamp\www\statut\public\index.php(37): CodeIgniter\CodeIgniter->run()
#6 C:\wamp\www\statut\system\Commands\Server\rewrite.php(43): require_once('C:\\wamp\\www\\sta...')
#7 {main}
CRITICAL - 2022-02-07 04:21:28 --> Trying to access array offset on value of type null
#0 C:\wamp\www\statut\app\Views\usersettings.php(31): CodeIgniter\Debug\Exceptions->errorHandler(2, 'Trying to acces...', 'C:\\wamp\\www\\sta...', 31)
#1 C:\wamp\www\statut\system\View\View.php(210): include('C:\\wamp\\www\\sta...')
#2 C:\wamp\www\statut\system\View\View.php(213): CodeIgniter\View\View->CodeIgniter\View\{closure}()
#3 C:\wamp\www\statut\system\Common.php(1089): CodeIgniter\View\View->render('usersettings', Array, true)
#4 C:\wamp\www\statut\app\Controllers\UserSettings.php(20): view('usersettings', Array)
#5 C:\wamp\www\statut\system\CodeIgniter.php(802): App\Controllers\UserSettings->__construct()
#6 C:\wamp\www\statut\system\CodeIgniter.php(403): CodeIgniter\CodeIgniter->createController()
#7 C:\wamp\www\statut\system\CodeIgniter.php(320): CodeIgniter\CodeIgniter->handleRequest(NULL, Object(Config\Cache), false)
#8 C:\wamp\www\statut\public\index.php(37): CodeIgniter\CodeIgniter->run()
#9 C:\wamp\www\statut\system\Commands\Server\rewrite.php(43): require_once('C:\\wamp\\www\\sta...')
#10 {main}
CRITICAL - 2022-02-07 04:22:55 --> Trying to access array offset on value of type null
#0 C:\wamp\www\statut\app\Views\usersettings.php(31): CodeIgniter\Debug\Exceptions->errorHandler(2, 'Trying to acces...', 'C:\\wamp\\www\\sta...', 31)
#1 C:\wamp\www\statut\system\View\View.php(210): include('C:\\wamp\\www\\sta...')
#2 C:\wamp\www\statut\system\View\View.php(213): CodeIgniter\View\View->CodeIgniter\View\{closure}()
#3 C:\wamp\www\statut\system\Common.php(1089): CodeIgniter\View\View->render('usersettings', Array, true)
#4 C:\wamp\www\statut\app\Controllers\UserSettings.php(20): view('usersettings', Array)
#5 C:\wamp\www\statut\system\CodeIgniter.php(802): App\Controllers\UserSettings->__construct()
#6 C:\wamp\www\statut\system\CodeIgniter.php(403): CodeIgniter\CodeIgniter->createController()
#7 C:\wamp\www\statut\system\CodeIgniter.php(320): CodeIgniter\CodeIgniter->handleRequest(NULL, Object(Config\Cache), false)
#8 C:\wamp\www\statut\public\index.php(37): CodeIgniter\CodeIgniter->run()
#9 C:\wamp\www\statut\system\Commands\Server\rewrite.php(43): require_once('C:\\wamp\\www\\sta...')
#10 {main}
CRITICAL - 2022-02-07 04:23:13 --> Trying to access array offset on value of type null
#0 C:\wamp\www\statut\app\Views\usersettings.php(31): CodeIgniter\Debug\Exceptions->errorHandler(2, 'Trying to acces...', 'C:\\wamp\\www\\sta...', 31)
#1 C:\wamp\www\statut\system\View\View.php(210): include('C:\\wamp\\www\\sta...')
#2 C:\wamp\www\statut\system\View\View.php(213): CodeIgniter\View\View->CodeIgniter\View\{closure}()
#3 C:\wamp\www\statut\system\Common.php(1089): CodeIgniter\View\View->render('usersettings', Array, true)
#4 C:\wamp\www\statut\app\Controllers\UserSettings.php(20): view('usersettings', Array)
#5 C:\wamp\www\statut\system\CodeIgniter.php(802): App\Controllers\UserSettings->__construct()
#6 C:\wamp\www\statut\system\CodeIgniter.php(403): CodeIgniter\CodeIgniter->createController()
#7 C:\wamp\www\statut\system\CodeIgniter.php(320): CodeIgniter\CodeIgniter->handleRequest(NULL, Object(Config\Cache), false)
#8 C:\wamp\www\statut\public\index.php(37): CodeIgniter\CodeIgniter->run()
#9 C:\wamp\www\statut\system\Commands\Server\rewrite.php(43): require_once('C:\\wamp\\www\\sta...')
#10 {main}
