ERROR - 2022-02-09 03:13:07 --> Error connecting to the database: Aucune connexion n’a pu être établie car l’ordinateur cible l’a expressément refusée
CRITICAL - 2022-02-09 03:13:07 --> Unable to connect to the database.
Main connection [MySQLi]: Aucune connexion n’a pu être établie car l’ordinateur cible l’a expressément refusée
#0 C:\wamp\www\statut\system\Database\BaseConnection.php(577): CodeIgniter\Database\BaseConnection->initialize()
#1 C:\wamp\www\statut\system\Database\BaseBuilder.php(1455): CodeIgniter\Database\BaseConnection->query('SELECT *\nFROM `...', Array, false)
#2 C:\wamp\www\statut\system\Model.php(142): CodeIgniter\Database\BaseBuilder->get()
#3 C:\wamp\www\statut\system\BaseModel.php(523): CodeIgniter\Model->doFind(true, 1)
#4 C:\wamp\www\statut\app\Controllers\Login.php(20): CodeIgniter\BaseModel->find(1)
#5 C:\wamp\www\statut\system\CodeIgniter.php(802): App\Controllers\Login->__construct()
#6 C:\wamp\www\statut\system\CodeIgniter.php(403): CodeIgniter\CodeIgniter->createController()
#7 C:\wamp\www\statut\system\CodeIgniter.php(320): CodeIgniter\CodeIgniter->handleRequest(NULL, Object(Config\Cache), false)
#8 C:\wamp\www\statut\public\index.php(37): CodeIgniter\CodeIgniter->run()
#9 C:\wamp\www\statut\system\Commands\Server\rewrite.php(43): require_once('C:\\wamp\\www\\sta...')
#10 {main}
ERROR - 2022-02-09 03:14:11 --> Error connecting to the database: Aucune connexion n’a pu être établie car l’ordinateur cible l’a expressément refusée
CRITICAL - 2022-02-09 03:14:11 --> Unable to connect to the database.
Main connection [MySQLi]: Aucune connexion n’a pu être établie car l’ordinateur cible l’a expressément refusée
#0 C:\wamp\www\statut\system\Database\BaseConnection.php(577): CodeIgniter\Database\BaseConnection->initialize()
#1 C:\wamp\www\statut\system\Database\BaseBuilder.php(1455): CodeIgniter\Database\BaseConnection->query('SELECT *\nFROM `...', Array, false)
#2 C:\wamp\www\statut\system\Model.php(142): CodeIgniter\Database\BaseBuilder->get()
#3 C:\wamp\www\statut\system\BaseModel.php(523): CodeIgniter\Model->doFind(true, 1)
#4 C:\wamp\www\statut\app\Controllers\Login.php(20): CodeIgniter\BaseModel->find(1)
#5 C:\wamp\www\statut\system\CodeIgniter.php(802): App\Controllers\Login->__construct()
#6 C:\wamp\www\statut\system\CodeIgniter.php(403): CodeIgniter\CodeIgniter->createController()
#7 C:\wamp\www\statut\system\CodeIgniter.php(320): CodeIgniter\CodeIgniter->handleRequest(NULL, Object(Config\Cache), false)
#8 C:\wamp\www\statut\public\index.php(37): CodeIgniter\CodeIgniter->run()
#9 C:\wamp\www\statut\system\Commands\Server\rewrite.php(43): require_once('C:\\wamp\\www\\sta...')
#10 {main}
CRITICAL - 2022-02-09 03:30:58 --> Undefined array key "title"
#0 C:\wamp\www\statut\app\Views\index.php(45): CodeIgniter\Debug\Exceptions->errorHandler(2, 'Undefined array...', 'C:\\wamp\\www\\sta...', 45)
#1 C:\wamp\www\statut\system\View\View.php(210): include('C:\\wamp\\www\\sta...')
#2 C:\wamp\www\statut\system\View\View.php(213): CodeIgniter\View\View->CodeIgniter\View\{closure}()
#3 C:\wamp\www\statut\system\Common.php(1089): CodeIgniter\View\View->render('index', Array, true)
#4 C:\wamp\www\statut\app\Controllers\Index.php(39): view('index', Array, Array)
#5 C:\wamp\www\statut\system\CodeIgniter.php(802): App\Controllers\Index->__construct()
#6 C:\wamp\www\statut\system\CodeIgniter.php(403): CodeIgniter\CodeIgniter->createController()
#7 C:\wamp\www\statut\system\CodeIgniter.php(320): CodeIgniter\CodeIgniter->handleRequest(NULL, Object(Config\Cache), false)
#8 C:\wamp\www\statut\public\index.php(37): CodeIgniter\CodeIgniter->run()
#9 C:\wamp\www\statut\system\Commands\Server\rewrite.php(43): require_once('C:\\wamp\\www\\sta...')
#10 {main}
CRITICAL - 2022-02-09 03:33:41 --> Undefined array key "title"
#0 C:\wamp\www\statut\app\Views\index.php(45): CodeIgniter\Debug\Exceptions->errorHandler(2, 'Undefined array...', 'C:\\wamp\\www\\sta...', 45)
#1 C:\wamp\www\statut\system\View\View.php(210): include('C:\\wamp\\www\\sta...')
#2 C:\wamp\www\statut\system\View\View.php(213): CodeIgniter\View\View->CodeIgniter\View\{closure}()
#3 C:\wamp\www\statut\system\Common.php(1089): CodeIgniter\View\View->render('index', Array, true)
#4 C:\wamp\www\statut\app\Controllers\Index.php(39): view('index', Array, Array)
#5 C:\wamp\www\statut\system\CodeIgniter.php(802): App\Controllers\Index->__construct()
#6 C:\wamp\www\statut\system\CodeIgniter.php(403): CodeIgniter\CodeIgniter->createController()
#7 C:\wamp\www\statut\system\CodeIgniter.php(320): CodeIgniter\CodeIgniter->handleRequest(NULL, Object(Config\Cache), false)
#8 C:\wamp\www\statut\public\index.php(37): CodeIgniter\CodeIgniter->run()
#9 C:\wamp\www\statut\system\Commands\Server\rewrite.php(43): require_once('C:\\wamp\\www\\sta...')
#10 {main}
CRITICAL - 2022-02-09 03:33:50 --> Cannot use object of type App\Models\CategoryModel as array
#0 C:\wamp\www\statut\system\View\View.php(210): include()
#1 C:\wamp\www\statut\system\View\View.php(213): CodeIgniter\View\View->CodeIgniter\View\{closure}()
#2 C:\wamp\www\statut\system\Common.php(1089): CodeIgniter\View\View->render('index', Array, true)
#3 C:\wamp\www\statut\app\Controllers\Index.php(39): view('index', Array, Array)
#4 C:\wamp\www\statut\system\CodeIgniter.php(802): App\Controllers\Index->__construct()
#5 C:\wamp\www\statut\system\CodeIgniter.php(403): CodeIgniter\CodeIgniter->createController()
#6 C:\wamp\www\statut\system\CodeIgniter.php(320): CodeIgniter\CodeIgniter->handleRequest(NULL, Object(Config\Cache), false)
#7 C:\wamp\www\statut\public\index.php(37): CodeIgniter\CodeIgniter->run()
#8 C:\wamp\www\statut\system\Commands\Server\rewrite.php(43): require_once('C:\\wamp\\www\\sta...')
#9 {main}
CRITICAL - 2022-02-09 03:33:59 --> Undefined array key "title"
#0 C:\wamp\www\statut\app\Views\index.php(45): CodeIgniter\Debug\Exceptions->errorHandler(2, 'Undefined array...', 'C:\\wamp\\www\\sta...', 45)
#1 C:\wamp\www\statut\system\View\View.php(210): include('C:\\wamp\\www\\sta...')
#2 C:\wamp\www\statut\system\View\View.php(213): CodeIgniter\View\View->CodeIgniter\View\{closure}()
#3 C:\wamp\www\statut\system\Common.php(1089): CodeIgniter\View\View->render('index', Array, true)
#4 C:\wamp\www\statut\app\Controllers\Index.php(39): view('index', Array, Array)
#5 C:\wamp\www\statut\system\CodeIgniter.php(802): App\Controllers\Index->__construct()
#6 C:\wamp\www\statut\system\CodeIgniter.php(403): CodeIgniter\CodeIgniter->createController()
#7 C:\wamp\www\statut\system\CodeIgniter.php(320): CodeIgniter\CodeIgniter->handleRequest(NULL, Object(Config\Cache), false)
#8 C:\wamp\www\statut\public\index.php(37): CodeIgniter\CodeIgniter->run()
#9 C:\wamp\www\statut\system\Commands\Server\rewrite.php(43): require_once('C:\\wamp\\www\\sta...')
#10 {main}
CRITICAL - 2022-02-09 03:34:14 --> Cannot use object of type App\Models\CategoryModel as array
#0 C:\wamp\www\statut\system\View\View.php(210): include()
#1 C:\wamp\www\statut\system\View\View.php(213): CodeIgniter\View\View->CodeIgniter\View\{closure}()
#2 C:\wamp\www\statut\system\Common.php(1089): CodeIgniter\View\View->render('index', Array, true)
#3 C:\wamp\www\statut\app\Controllers\Index.php(39): view('index', Array, Array)
#4 C:\wamp\www\statut\system\CodeIgniter.php(802): App\Controllers\Index->__construct()
#5 C:\wamp\www\statut\system\CodeIgniter.php(403): CodeIgniter\CodeIgniter->createController()
#6 C:\wamp\www\statut\system\CodeIgniter.php(320): CodeIgniter\CodeIgniter->handleRequest(NULL, Object(Config\Cache), false)
#7 C:\wamp\www\statut\public\index.php(37): CodeIgniter\CodeIgniter->run()
#8 C:\wamp\www\statut\system\Commands\Server\rewrite.php(43): require_once('C:\\wamp\\www\\sta...')
#9 {main}
ERROR - 2022-02-09 03:35:24 --> Erreur de syntaxe près de 'YOUR QUERY' à la ligne 1
CRITICAL - 2022-02-09 03:35:24 --> Erreur de syntaxe près de 'YOUR QUERY' à la ligne 1
#0 C:\wamp\www\statut\system\Database\MySQLi\Connection.php(292): mysqli->query('YOUR QUERY', 0)
#1 C:\wamp\www\statut\system\Database\BaseConnection.php(670): CodeIgniter\Database\MySQLi\Connection->execute('YOUR QUERY')
#2 C:\wamp\www\statut\app\Controllers\Index.php(37): CodeIgniter\Database\BaseConnection->simpleQuery('YOUR QUERY')
#3 C:\wamp\www\statut\system\CodeIgniter.php(802): App\Controllers\Index->__construct()
#4 C:\wamp\www\statut\system\CodeIgniter.php(403): CodeIgniter\CodeIgniter->createController()
#5 C:\wamp\www\statut\system\CodeIgniter.php(320): CodeIgniter\CodeIgniter->handleRequest(NULL, Object(Config\Cache), false)
#6 C:\wamp\www\statut\public\index.php(37): CodeIgniter\CodeIgniter->run()
#7 C:\wamp\www\statut\system\Commands\Server\rewrite.php(43): require_once('C:\\wamp\\www\\sta...')
#8 {main}
ERROR - 2022-02-09 03:35:40 --> Erreur de syntaxe près de 'YOUR QUERY' à la ligne 1
CRITICAL - 2022-02-09 03:35:40 --> Erreur de syntaxe près de 'YOUR QUERY' à la ligne 1
#0 C:\wamp\www\statut\system\Database\MySQLi\Connection.php(292): mysqli->query('YOUR QUERY', 0)
#1 C:\wamp\www\statut\system\Database\BaseConnection.php(670): CodeIgniter\Database\MySQLi\Connection->execute('YOUR QUERY')
#2 C:\wamp\www\statut\app\Controllers\Index.php(37): CodeIgniter\Database\BaseConnection->simpleQuery('YOUR QUERY')
#3 C:\wamp\www\statut\system\CodeIgniter.php(802): App\Controllers\Index->__construct()
#4 C:\wamp\www\statut\system\CodeIgniter.php(403): CodeIgniter\CodeIgniter->createController()
#5 C:\wamp\www\statut\system\CodeIgniter.php(320): CodeIgniter\CodeIgniter->handleRequest(NULL, Object(Config\Cache), false)
#6 C:\wamp\www\statut\public\index.php(37): CodeIgniter\CodeIgniter->run()
#7 C:\wamp\www\statut\system\Commands\Server\rewrite.php(43): require_once('C:\\wamp\\www\\sta...')
#8 {main}
CRITICAL - 2022-02-09 03:41:45 --> Cannot use object of type stdClass as array
#0 C:\wamp\www\statut\system\CodeIgniter.php(802): App\Controllers\Index->__construct()
#1 C:\wamp\www\statut\system\CodeIgniter.php(403): CodeIgniter\CodeIgniter->createController()
#2 C:\wamp\www\statut\system\CodeIgniter.php(320): CodeIgniter\CodeIgniter->handleRequest(NULL, Object(Config\Cache), false)
#3 C:\wamp\www\statut\public\index.php(37): CodeIgniter\CodeIgniter->run()
#4 C:\wamp\www\statut\system\Commands\Server\rewrite.php(43): require_once('C:\\wamp\\www\\sta...')
#5 {main}
CRITICAL - 2022-02-09 03:42:04 --> Object of class stdClass could not be converted to string
#0 C:\wamp\www\statut\system\CodeIgniter.php(802): App\Controllers\Index->__construct()
#1 C:\wamp\www\statut\system\CodeIgniter.php(403): CodeIgniter\CodeIgniter->createController()
#2 C:\wamp\www\statut\system\CodeIgniter.php(320): CodeIgniter\CodeIgniter->handleRequest(NULL, Object(Config\Cache), false)
#3 C:\wamp\www\statut\public\index.php(37): CodeIgniter\CodeIgniter->run()
#4 C:\wamp\www\statut\system\Commands\Server\rewrite.php(43): require_once('C:\\wamp\\www\\sta...')
#5 {main}
CRITICAL - 2022-02-09 03:42:16 --> Array to string conversion
#0 C:\wamp\www\statut\app\Controllers\Index.php(36): CodeIgniter\Debug\Exceptions->errorHandler(2, 'Array to string...', 'C:\\wamp\\www\\sta...', 36)
#1 C:\wamp\www\statut\system\CodeIgniter.php(802): App\Controllers\Index->__construct()
#2 C:\wamp\www\statut\system\CodeIgniter.php(403): CodeIgniter\CodeIgniter->createController()
#3 C:\wamp\www\statut\system\CodeIgniter.php(320): CodeIgniter\CodeIgniter->handleRequest(NULL, Object(Config\Cache), false)
#4 C:\wamp\www\statut\public\index.php(37): CodeIgniter\CodeIgniter->run()
#5 C:\wamp\www\statut\system\Commands\Server\rewrite.php(43): require_once('C:\\wamp\\www\\sta...')
#6 {main}
CRITICAL - 2022-02-09 03:42:30 --> Undefined array key ""
#0 C:\wamp\www\statut\app\Controllers\Index.php(36): CodeIgniter\Debug\Exceptions->errorHandler(2, 'Undefined array...', 'C:\\wamp\\www\\sta...', 36)
#1 C:\wamp\www\statut\system\CodeIgniter.php(802): App\Controllers\Index->__construct()
#2 C:\wamp\www\statut\system\CodeIgniter.php(403): CodeIgniter\CodeIgniter->createController()
#3 C:\wamp\www\statut\system\CodeIgniter.php(320): CodeIgniter\CodeIgniter->handleRequest(NULL, Object(Config\Cache), false)
#4 C:\wamp\www\statut\public\index.php(37): CodeIgniter\CodeIgniter->run()
#5 C:\wamp\www\statut\system\Commands\Server\rewrite.php(43): require_once('C:\\wamp\\www\\sta...')
#6 {main}
CRITICAL - 2022-02-09 03:43:15 --> Object of class CodeIgniter\Database\MySQLi\Result could not be converted to string
#0 C:\wamp\www\statut\system\CodeIgniter.php(802): App\Controllers\Index->__construct()
#1 C:\wamp\www\statut\system\CodeIgniter.php(403): CodeIgniter\CodeIgniter->createController()
#2 C:\wamp\www\statut\system\CodeIgniter.php(320): CodeIgniter\CodeIgniter->handleRequest(NULL, Object(Config\Cache), false)
#3 C:\wamp\www\statut\public\index.php(37): CodeIgniter\CodeIgniter->run()
#4 C:\wamp\www\statut\system\Commands\Server\rewrite.php(43): require_once('C:\\wamp\\www\\sta...')
#5 {main}
CRITICAL - 2022-02-09 03:43:28 --> Object of class CodeIgniter\Database\MySQLi\Result could not be converted to string
#0 C:\wamp\www\statut\system\CodeIgniter.php(802): App\Controllers\Index->__construct()
#1 C:\wamp\www\statut\system\CodeIgniter.php(403): CodeIgniter\CodeIgniter->createController()
#2 C:\wamp\www\statut\system\CodeIgniter.php(320): CodeIgniter\CodeIgniter->handleRequest(NULL, Object(Config\Cache), false)
#3 C:\wamp\www\statut\public\index.php(37): CodeIgniter\CodeIgniter->run()
#4 C:\wamp\www\statut\system\Commands\Server\rewrite.php(43): require_once('C:\\wamp\\www\\sta...')
#5 {main}
CRITICAL - 2022-02-09 03:50:55 --> Undefined property: App\Controllers\Index::$db
#0 C:\wamp\www\statut\app\Controllers\Index.php(34): CodeIgniter\Debug\Exceptions->errorHandler(2, 'Undefined prope...', 'C:\\wamp\\www\\sta...', 34)
#1 C:\wamp\www\statut\system\CodeIgniter.php(802): App\Controllers\Index->__construct()
#2 C:\wamp\www\statut\system\CodeIgniter.php(403): CodeIgniter\CodeIgniter->createController()
#3 C:\wamp\www\statut\system\CodeIgniter.php(320): CodeIgniter\CodeIgniter->handleRequest(NULL, Object(Config\Cache), false)
#4 C:\wamp\www\statut\public\index.php(37): CodeIgniter\CodeIgniter->run()
#5 C:\wamp\www\statut\system\Commands\Server\rewrite.php(43): require_once('C:\\wamp\\www\\sta...')
#6 {main}
CRITICAL - 2022-02-09 03:51:39 --> Array to string conversion
#0 C:\wamp\www\statut\app\Controllers\Index.php(35): CodeIgniter\Debug\Exceptions->errorHandler(2, 'Array to string...', 'C:\\wamp\\www\\sta...', 35)
#1 C:\wamp\www\statut\system\CodeIgniter.php(802): App\Controllers\Index->__construct()
#2 C:\wamp\www\statut\system\CodeIgniter.php(403): CodeIgniter\CodeIgniter->createController()
#3 C:\wamp\www\statut\system\CodeIgniter.php(320): CodeIgniter\CodeIgniter->handleRequest(NULL, Object(Config\Cache), false)
#4 C:\wamp\www\statut\public\index.php(37): CodeIgniter\CodeIgniter->run()
#5 C:\wamp\www\statut\system\Commands\Server\rewrite.php(43): require_once('C:\\wamp\\www\\sta...')
#6 {main}
CRITICAL - 2022-02-09 03:51:58 --> CodeIgniter\Database\BaseBuilder::get(): Argument #1 ($limit) must be of type ?int, string given, called in C:\wamp\www\statut\app\Controllers\Index.php on line 34
#0 C:\wamp\www\statut\app\Controllers\Index.php(34): CodeIgniter\Database\BaseBuilder->get('title')
#1 C:\wamp\www\statut\system\CodeIgniter.php(802): App\Controllers\Index->__construct()
#2 C:\wamp\www\statut\system\CodeIgniter.php(403): CodeIgniter\CodeIgniter->createController()
#3 C:\wamp\www\statut\system\CodeIgniter.php(320): CodeIgniter\CodeIgniter->handleRequest(NULL, Object(Config\Cache), false)
#4 C:\wamp\www\statut\public\index.php(37): CodeIgniter\CodeIgniter->run()
#5 C:\wamp\www\statut\system\Commands\Server\rewrite.php(43): require_once('C:\\wamp\\www\\sta...')
#6 {main}
CRITICAL - 2022-02-09 03:55:51 --> CodeIgniter\Database\BaseBuilder::orderBy(): Argument #1 ($orderBy) must be of type string, array given, called in C:\wamp\www\statut\app\Controllers\Index.php on line 34
#0 C:\wamp\www\statut\app\Controllers\Index.php(34): CodeIgniter\Database\BaseBuilder->orderBy(Array)
#1 C:\wamp\www\statut\system\CodeIgniter.php(802): App\Controllers\Index->__construct()
#2 C:\wamp\www\statut\system\CodeIgniter.php(403): CodeIgniter\CodeIgniter->createController()
#3 C:\wamp\www\statut\system\CodeIgniter.php(320): CodeIgniter\CodeIgniter->handleRequest(NULL, Object(Config\Cache), false)
#4 C:\wamp\www\statut\public\index.php(37): CodeIgniter\CodeIgniter->run()
#5 C:\wamp\www\statut\system\Commands\Server\rewrite.php(43): require_once('C:\\wamp\\www\\sta...')
#6 {main}
CRITICAL - 2022-02-09 03:57:29 --> view(): Argument #3 ($options) must be of type array, stdClass given, called in C:\wamp\www\statut\app\Controllers\Index.php on line 38
#0 C:\wamp\www\statut\app\Controllers\Index.php(38): view('index', Array, Object(stdClass))
#1 C:\wamp\www\statut\system\CodeIgniter.php(802): App\Controllers\Index->__construct()
#2 C:\wamp\www\statut\system\CodeIgniter.php(403): CodeIgniter\CodeIgniter->createController()
#3 C:\wamp\www\statut\system\CodeIgniter.php(320): CodeIgniter\CodeIgniter->handleRequest(NULL, Object(Config\Cache), false)
#4 C:\wamp\www\statut\public\index.php(37): CodeIgniter\CodeIgniter->run()
#5 C:\wamp\www\statut\system\Commands\Server\rewrite.php(43): require_once('C:\\wamp\\www\\sta...')
#6 {main}
ERROR - 2022-02-09 04:02:14 --> Erreur de syntaxe près de ':0:
AND 1 = :1:' à la ligne 3
CRITICAL - 2022-02-09 04:02:14 --> Erreur de syntaxe près de ':0:
AND 1 = :1:' à la ligne 3
#0 C:\wamp\www\statut\system\Database\MySQLi\Connection.php(292): mysqli->query('SELECT *\nFROM `...', 0)
#1 C:\wamp\www\statut\system\Database\BaseConnection.php(670): CodeIgniter\Database\MySQLi\Connection->execute('SELECT *\nFROM `...')
#2 C:\wamp\www\statut\system\Database\BaseConnection.php(598): CodeIgniter\Database\BaseConnection->simpleQuery('SELECT *\nFROM `...')
#3 C:\wamp\www\statut\system\Database\BaseBuilder.php(1455): CodeIgniter\Database\BaseConnection->query('SELECT *\nFROM `...', Array, false)
#4 C:\wamp\www\statut\app\Controllers\Index.php(34): CodeIgniter\Database\BaseBuilder->get()
#5 C:\wamp\www\statut\system\CodeIgniter.php(802): App\Controllers\Index->__construct()
#6 C:\wamp\www\statut\system\CodeIgniter.php(403): CodeIgniter\CodeIgniter->createController()
#7 C:\wamp\www\statut\system\CodeIgniter.php(320): CodeIgniter\CodeIgniter->handleRequest(NULL, Object(Config\Cache), false)
#8 C:\wamp\www\statut\public\index.php(37): CodeIgniter\CodeIgniter->run()
#9 C:\wamp\www\statut\system\Commands\Server\rewrite.php(43): require_once('C:\\wamp\\www\\sta...')
#10 {main}
CRITICAL - 2022-02-09 04:09:47 --> Undefined variable $test
#0 C:\wamp\www\statut\app\Views\index.php(58): CodeIgniter\Debug\Exceptions->errorHandler(2, 'Undefined varia...', 'C:\\wamp\\www\\sta...', 58)
#1 C:\wamp\www\statut\system\View\View.php(210): include('C:\\wamp\\www\\sta...')
#2 C:\wamp\www\statut\system\View\View.php(213): CodeIgniter\View\View->CodeIgniter\View\{closure}()
#3 C:\wamp\www\statut\system\Common.php(1089): CodeIgniter\View\View->render('index', Array, true)
#4 C:\wamp\www\statut\app\Controllers\Index.php(38): view('index', Array, Array)
#5 C:\wamp\www\statut\system\CodeIgniter.php(802): App\Controllers\Index->__construct()
#6 C:\wamp\www\statut\system\CodeIgniter.php(403): CodeIgniter\CodeIgniter->createController()
#7 C:\wamp\www\statut\system\CodeIgniter.php(320): CodeIgniter\CodeIgniter->handleRequest(NULL, Object(Config\Cache), false)
#8 C:\wamp\www\statut\public\index.php(37): CodeIgniter\CodeIgniter->run()
#9 C:\wamp\www\statut\system\Commands\Server\rewrite.php(43): require_once('C:\\wamp\\www\\sta...')
#10 {main}
CRITICAL - 2022-02-09 04:09:55 --> Undefined variable $test
#0 C:\wamp\www\statut\app\Views\index.php(58): CodeIgniter\Debug\Exceptions->errorHandler(2, 'Undefined varia...', 'C:\\wamp\\www\\sta...', 58)
#1 C:\wamp\www\statut\system\View\View.php(210): include('C:\\wamp\\www\\sta...')
#2 C:\wamp\www\statut\system\View\View.php(213): CodeIgniter\View\View->CodeIgniter\View\{closure}()
#3 C:\wamp\www\statut\system\Common.php(1089): CodeIgniter\View\View->render('index', Array, true)
#4 C:\wamp\www\statut\app\Controllers\Index.php(38): view('index', Array, Array)
#5 C:\wamp\www\statut\system\CodeIgniter.php(802): App\Controllers\Index->__construct()
#6 C:\wamp\www\statut\system\CodeIgniter.php(403): CodeIgniter\CodeIgniter->createController()
#7 C:\wamp\www\statut\system\CodeIgniter.php(320): CodeIgniter\CodeIgniter->handleRequest(NULL, Object(Config\Cache), false)
#8 C:\wamp\www\statut\public\index.php(37): CodeIgniter\CodeIgniter->run()
#9 C:\wamp\www\statut\system\Commands\Server\rewrite.php(43): require_once('C:\\wamp\\www\\sta...')
#10 {main}
CRITICAL - 2022-02-09 04:10:58 --> Undefined array key "title"
#0 C:\wamp\www\statut\app\Views\index.php(136): CodeIgniter\Debug\Exceptions->errorHandler(2, 'Undefined array...', 'C:\\wamp\\www\\sta...', 136)
#1 C:\wamp\www\statut\system\View\View.php(210): include('C:\\wamp\\www\\sta...')
#2 C:\wamp\www\statut\system\View\View.php(213): CodeIgniter\View\View->CodeIgniter\View\{closure}()
#3 C:\wamp\www\statut\system\Common.php(1089): CodeIgniter\View\View->render('index', Array, true)
#4 C:\wamp\www\statut\app\Controllers\Index.php(37): view('index', Array)
#5 C:\wamp\www\statut\system\CodeIgniter.php(802): App\Controllers\Index->__construct()
#6 C:\wamp\www\statut\system\CodeIgniter.php(403): CodeIgniter\CodeIgniter->createController()
#7 C:\wamp\www\statut\system\CodeIgniter.php(320): CodeIgniter\CodeIgniter->handleRequest(NULL, Object(Config\Cache), false)
#8 C:\wamp\www\statut\public\index.php(37): CodeIgniter\CodeIgniter->run()
#9 C:\wamp\www\statut\system\Commands\Server\rewrite.php(43): require_once('C:\\wamp\\www\\sta...')
#10 {main}
CRITICAL - 2022-02-09 04:11:44 --> Array to string conversion
#0 C:\wamp\www\statut\app\Views\index.php(136): CodeIgniter\Debug\Exceptions->errorHandler(2, 'Array to string...', 'C:\\wamp\\www\\sta...', 136)
#1 C:\wamp\www\statut\system\View\View.php(210): include('C:\\wamp\\www\\sta...')
#2 C:\wamp\www\statut\system\View\View.php(213): CodeIgniter\View\View->CodeIgniter\View\{closure}()
#3 C:\wamp\www\statut\system\Common.php(1089): CodeIgniter\View\View->render('index', Array, true)
#4 C:\wamp\www\statut\app\Controllers\Index.php(37): view('index', Array)
#5 C:\wamp\www\statut\system\CodeIgniter.php(802): App\Controllers\Index->__construct()
#6 C:\wamp\www\statut\system\CodeIgniter.php(403): CodeIgniter\CodeIgniter->createController()
#7 C:\wamp\www\statut\system\CodeIgniter.php(320): CodeIgniter\CodeIgniter->handleRequest(NULL, Object(Config\Cache), false)
#8 C:\wamp\www\statut\public\index.php(37): CodeIgniter\CodeIgniter->run()
#9 C:\wamp\www\statut\system\Commands\Server\rewrite.php(43): require_once('C:\\wamp\\www\\sta...')
#10 {main}
CRITICAL - 2022-02-09 04:11:52 --> Undefined array key ""
#0 C:\wamp\www\statut\app\Views\index.php(136): CodeIgniter\Debug\Exceptions->errorHandler(2, 'Undefined array...', 'C:\\wamp\\www\\sta...', 136)
#1 C:\wamp\www\statut\system\View\View.php(210): include('C:\\wamp\\www\\sta...')
#2 C:\wamp\www\statut\system\View\View.php(213): CodeIgniter\View\View->CodeIgniter\View\{closure}()
#3 C:\wamp\www\statut\system\Common.php(1089): CodeIgniter\View\View->render('index', Array, true)
#4 C:\wamp\www\statut\app\Controllers\Index.php(37): view('index', Array)
#5 C:\wamp\www\statut\system\CodeIgniter.php(802): App\Controllers\Index->__construct()
#6 C:\wamp\www\statut\system\CodeIgniter.php(403): CodeIgniter\CodeIgniter->createController()
#7 C:\wamp\www\statut\system\CodeIgniter.php(320): CodeIgniter\CodeIgniter->handleRequest(NULL, Object(Config\Cache), false)
#8 C:\wamp\www\statut\public\index.php(37): CodeIgniter\CodeIgniter->run()
#9 C:\wamp\www\statut\system\Commands\Server\rewrite.php(43): require_once('C:\\wamp\\www\\sta...')
#10 {main}
CRITICAL - 2022-02-09 04:12:03 --> Undefined array key "title"
#0 C:\wamp\www\statut\app\Views\index.php(136): CodeIgniter\Debug\Exceptions->errorHandler(2, 'Undefined array...', 'C:\\wamp\\www\\sta...', 136)
#1 C:\wamp\www\statut\system\View\View.php(210): include('C:\\wamp\\www\\sta...')
#2 C:\wamp\www\statut\system\View\View.php(213): CodeIgniter\View\View->CodeIgniter\View\{closure}()
#3 C:\wamp\www\statut\system\Common.php(1089): CodeIgniter\View\View->render('index', Array, true)
#4 C:\wamp\www\statut\app\Controllers\Index.php(37): view('index', Array)
#5 C:\wamp\www\statut\system\CodeIgniter.php(802): App\Controllers\Index->__construct()
#6 C:\wamp\www\statut\system\CodeIgniter.php(403): CodeIgniter\CodeIgniter->createController()
#7 C:\wamp\www\statut\system\CodeIgniter.php(320): CodeIgniter\CodeIgniter->handleRequest(NULL, Object(Config\Cache), false)
#8 C:\wamp\www\statut\public\index.php(37): CodeIgniter\CodeIgniter->run()
#9 C:\wamp\www\statut\system\Commands\Server\rewrite.php(43): require_once('C:\\wamp\\www\\sta...')
#10 {main}
CRITICAL - 2022-02-09 04:12:30 --> Cannot use object of type CodeIgniter\Database\MySQLi\Result as array
#0 C:\wamp\www\statut\system\View\View.php(210): include()
#1 C:\wamp\www\statut\system\View\View.php(213): CodeIgniter\View\View->CodeIgniter\View\{closure}()
#2 C:\wamp\www\statut\system\Common.php(1089): CodeIgniter\View\View->render('index', Array, true)
#3 C:\wamp\www\statut\app\Controllers\Index.php(37): view('index', Array)
#4 C:\wamp\www\statut\system\CodeIgniter.php(802): App\Controllers\Index->__construct()
#5 C:\wamp\www\statut\system\CodeIgniter.php(403): CodeIgniter\CodeIgniter->createController()
#6 C:\wamp\www\statut\system\CodeIgniter.php(320): CodeIgniter\CodeIgniter->handleRequest(NULL, Object(Config\Cache), false)
#7 C:\wamp\www\statut\public\index.php(37): CodeIgniter\CodeIgniter->run()
#8 C:\wamp\www\statut\system\Commands\Server\rewrite.php(43): require_once('C:\\wamp\\www\\sta...')
#9 {main}
CRITICAL - 2022-02-09 04:33:06 --> Undefined array key "title"
#0 C:\wamp\www\statut\app\Views\index.php(136): CodeIgniter\Debug\Exceptions->errorHandler(2, 'Undefined array...', 'C:\\wamp\\www\\sta...', 136)
#1 C:\wamp\www\statut\system\View\View.php(210): include('C:\\wamp\\www\\sta...')
#2 C:\wamp\www\statut\system\View\View.php(213): CodeIgniter\View\View->CodeIgniter\View\{closure}()
#3 C:\wamp\www\statut\system\Common.php(1089): CodeIgniter\View\View->render('index', Array, true)
#4 C:\wamp\www\statut\app\Controllers\Index.php(37): view('index', Array)
#5 C:\wamp\www\statut\system\CodeIgniter.php(802): App\Controllers\Index->__construct()
#6 C:\wamp\www\statut\system\CodeIgniter.php(403): CodeIgniter\CodeIgniter->createController()
#7 C:\wamp\www\statut\system\CodeIgniter.php(320): CodeIgniter\CodeIgniter->handleRequest(NULL, Object(Config\Cache), false)
#8 C:\wamp\www\statut\public\index.php(37): CodeIgniter\CodeIgniter->run()
#9 C:\wamp\www\statut\system\Commands\Server\rewrite.php(43): require_once('C:\\wamp\\www\\sta...')
#10 {main}
CRITICAL - 2022-02-09 04:33:19 --> CodeIgniter\BaseModel::findAll(): Argument #1 ($limit) must be of type int, string given, called in C:\wamp\www\statut\app\Controllers\Index.php on line 33
#0 C:\wamp\www\statut\app\Controllers\Index.php(33): CodeIgniter\BaseModel->findAll('title')
#1 C:\wamp\www\statut\system\CodeIgniter.php(802): App\Controllers\Index->__construct()
#2 C:\wamp\www\statut\system\CodeIgniter.php(403): CodeIgniter\CodeIgniter->createController()
#3 C:\wamp\www\statut\system\CodeIgniter.php(320): CodeIgniter\CodeIgniter->handleRequest(NULL, Object(Config\Cache), false)
#4 C:\wamp\www\statut\public\index.php(37): CodeIgniter\CodeIgniter->run()
#5 C:\wamp\www\statut\system\Commands\Server\rewrite.php(43): require_once('C:\\wamp\\www\\sta...')
#6 {main}
CRITICAL - 2022-02-09 04:42:28 --> Undefined variable $services
#0 C:\wamp\www\statut\app\Views\index.php(58): CodeIgniter\Debug\Exceptions->errorHandler(2, 'Undefined varia...', 'C:\\wamp\\www\\sta...', 58)
#1 C:\wamp\www\statut\system\View\View.php(210): include('C:\\wamp\\www\\sta...')
#2 C:\wamp\www\statut\system\View\View.php(213): CodeIgniter\View\View->CodeIgniter\View\{closure}()
#3 C:\wamp\www\statut\system\Common.php(1089): CodeIgniter\View\View->render('index', Array, true)
#4 C:\wamp\www\statut\app\Controllers\Index.php(30): view('index', Array)
#5 C:\wamp\www\statut\system\CodeIgniter.php(802): App\Controllers\Index->__construct()
#6 C:\wamp\www\statut\system\CodeIgniter.php(403): CodeIgniter\CodeIgniter->createController()
#7 C:\wamp\www\statut\system\CodeIgniter.php(320): CodeIgniter\CodeIgniter->handleRequest(NULL, Object(Config\Cache), false)
#8 C:\wamp\www\statut\public\index.php(37): CodeIgniter\CodeIgniter->run()
#9 C:\wamp\www\statut\system\Commands\Server\rewrite.php(43): require_once('C:\\wamp\\www\\sta...')
#10 {main}
CRITICAL - 2022-02-09 04:43:05 --> Undefined variable $services
#0 C:\wamp\www\statut\app\Views\index.php(58): CodeIgniter\Debug\Exceptions->errorHandler(2, 'Undefined varia...', 'C:\\wamp\\www\\sta...', 58)
#1 C:\wamp\www\statut\system\View\View.php(210): include('C:\\wamp\\www\\sta...')
#2 C:\wamp\www\statut\system\View\View.php(213): CodeIgniter\View\View->CodeIgniter\View\{closure}()
#3 C:\wamp\www\statut\system\Common.php(1089): CodeIgniter\View\View->render('index', Array, true)
#4 C:\wamp\www\statut\app\Controllers\Index.php(30): view('index', Array)
#5 C:\wamp\www\statut\system\CodeIgniter.php(802): App\Controllers\Index->__construct()
#6 C:\wamp\www\statut\system\CodeIgniter.php(403): CodeIgniter\CodeIgniter->createController()
#7 C:\wamp\www\statut\system\CodeIgniter.php(320): CodeIgniter\CodeIgniter->handleRequest(NULL, Object(Config\Cache), false)
#8 C:\wamp\www\statut\public\index.php(37): CodeIgniter\CodeIgniter->run()
#9 C:\wamp\www\statut\system\Commands\Server\rewrite.php(43): require_once('C:\\wamp\\www\\sta...')
#10 {main}
CRITICAL - 2022-02-09 04:52:05 --> Trying to access array offset on value of type null
#0 C:\wamp\www\statut\app\Views\index.php(43): CodeIgniter\Debug\Exceptions->errorHandler(2, 'Trying to acces...', 'C:\\wamp\\www\\sta...', 43)
#1 C:\wamp\www\statut\system\View\View.php(210): include('C:\\wamp\\www\\sta...')
#2 C:\wamp\www\statut\system\View\View.php(213): CodeIgniter\View\View->CodeIgniter\View\{closure}()
#3 C:\wamp\www\statut\system\Common.php(1089): CodeIgniter\View\View->render('index', Array, true)
#4 C:\wamp\www\statut\app\Controllers\Index.php(32): view('index', Array)
#5 C:\wamp\www\statut\system\CodeIgniter.php(802): App\Controllers\Index->__construct()
#6 C:\wamp\www\statut\system\CodeIgniter.php(403): CodeIgniter\CodeIgniter->createController()
#7 C:\wamp\www\statut\system\CodeIgniter.php(320): CodeIgniter\CodeIgniter->handleRequest(NULL, Object(Config\Cache), false)
#8 C:\wamp\www\statut\public\index.php(37): CodeIgniter\CodeIgniter->run()
#9 C:\wamp\www\statut\system\Commands\Server\rewrite.php(43): require_once('C:\\wamp\\www\\sta...')
#10 {main}
CRITICAL - 2022-02-09 04:52:18 --> Trying to access array offset on value of type null
#0 C:\wamp\www\statut\app\Views\index.php(43): CodeIgniter\Debug\Exceptions->errorHandler(2, 'Trying to acces...', 'C:\\wamp\\www\\sta...', 43)
#1 C:\wamp\www\statut\system\View\View.php(210): include('C:\\wamp\\www\\sta...')
#2 C:\wamp\www\statut\system\View\View.php(213): CodeIgniter\View\View->CodeIgniter\View\{closure}()
#3 C:\wamp\www\statut\system\Common.php(1089): CodeIgniter\View\View->render('index', Array, true)
#4 C:\wamp\www\statut\app\Controllers\Index.php(32): view('index', Array)
#5 C:\wamp\www\statut\system\CodeIgniter.php(802): App\Controllers\Index->__construct()
#6 C:\wamp\www\statut\system\CodeIgniter.php(403): CodeIgniter\CodeIgniter->createController()
#7 C:\wamp\www\statut\system\CodeIgniter.php(320): CodeIgniter\CodeIgniter->handleRequest(NULL, Object(Config\Cache), false)
#8 C:\wamp\www\statut\public\index.php(37): CodeIgniter\CodeIgniter->run()
#9 C:\wamp\www\statut\system\Commands\Server\rewrite.php(43): require_once('C:\\wamp\\www\\sta...')
#10 {main}
CRITICAL - 2022-02-09 08:47:29 --> Undefined array key "message"
#0 C:\wamp\www\statut\app\Views\index.php(112): CodeIgniter\Debug\Exceptions->errorHandler(2, 'Undefined array...', 'C:\\wamp\\www\\sta...', 112)
#1 C:\wamp\www\statut\system\View\View.php(210): include('C:\\wamp\\www\\sta...')
#2 C:\wamp\www\statut\system\View\View.php(213): CodeIgniter\View\View->CodeIgniter\View\{closure}()
#3 C:\wamp\www\statut\system\Common.php(1089): CodeIgniter\View\View->render('index', Array, true)
#4 C:\wamp\www\statut\app\Controllers\Index.php(33): view('index', Array)
#5 C:\wamp\www\statut\system\CodeIgniter.php(802): App\Controllers\Index->__construct()
#6 C:\wamp\www\statut\system\CodeIgniter.php(403): CodeIgniter\CodeIgniter->createController()
#7 C:\wamp\www\statut\system\CodeIgniter.php(320): CodeIgniter\CodeIgniter->handleRequest(NULL, Object(Config\Cache), false)
#8 C:\wamp\www\statut\public\index.php(37): CodeIgniter\CodeIgniter->run()
#9 C:\wamp\www\statut\system\Commands\Server\rewrite.php(43): require_once('C:\\wamp\\www\\sta...')
#10 {main}
CRITICAL - 2022-02-09 08:55:07 --> Call to a member function orderBy() on null
#0 C:\wamp\www\statut\system\CodeIgniter.php(802): App\Controllers\Index->__construct()
#1 C:\wamp\www\statut\system\CodeIgniter.php(403): CodeIgniter\CodeIgniter->createController()
#2 C:\wamp\www\statut\system\CodeIgniter.php(320): CodeIgniter\CodeIgniter->handleRequest(NULL, Object(Config\Cache), false)
#3 C:\wamp\www\statut\public\index.php(37): CodeIgniter\CodeIgniter->run()
#4 C:\wamp\www\statut\system\Commands\Server\rewrite.php(43): require_once('C:\\wamp\\www\\sta...')
#5 {main}
CRITICAL - 2022-02-09 08:55:41 --> Call to a member function orderBy() on null
#0 C:\wamp\www\statut\system\CodeIgniter.php(802): App\Controllers\Index->__construct()
#1 C:\wamp\www\statut\system\CodeIgniter.php(403): CodeIgniter\CodeIgniter->createController()
#2 C:\wamp\www\statut\system\CodeIgniter.php(320): CodeIgniter\CodeIgniter->handleRequest(NULL, Object(Config\Cache), false)
#3 C:\wamp\www\statut\public\index.php(37): CodeIgniter\CodeIgniter->run()
#4 C:\wamp\www\statut\system\Commands\Server\rewrite.php(43): require_once('C:\\wamp\\www\\sta...')
#5 {main}
CRITICAL - 2022-02-09 08:56:55 --> Call to a member function orderBy() on null
#0 C:\wamp\www\statut\system\CodeIgniter.php(802): App\Controllers\Dashboard->__construct()
#1 C:\wamp\www\statut\system\CodeIgniter.php(403): CodeIgniter\CodeIgniter->createController()
#2 C:\wamp\www\statut\system\CodeIgniter.php(320): CodeIgniter\CodeIgniter->handleRequest(NULL, Object(Config\Cache), false)
#3 C:\wamp\www\statut\public\index.php(37): CodeIgniter\CodeIgniter->run()
#4 C:\wamp\www\statut\system\Commands\Server\rewrite.php(43): require_once('C:\\wamp\\www\\sta...')
#5 {main}
CRITICAL - 2022-02-09 08:57:26 --> There is no data to update.
#0 C:\wamp\www\statut\system\BaseModel.php(846): CodeIgniter\Database\Exceptions\DataException::forEmptyDataset('update')
#1 C:\wamp\www\statut\system\Model.php(651): CodeIgniter\BaseModel->update(Array, Array)
#2 C:\wamp\www\statut\app\Controllers\Dashboard.php(110): CodeIgniter\Model->update('7', Array)
#3 C:\wamp\www\statut\system\CodeIgniter.php(825): App\Controllers\Dashboard->update()
#4 C:\wamp\www\statut\system\CodeIgniter.php(412): CodeIgniter\CodeIgniter->runController(Object(App\Controllers\Dashboard))
#5 C:\wamp\www\statut\system\CodeIgniter.php(320): CodeIgniter\CodeIgniter->handleRequest(NULL, Object(Config\Cache), false)
#6 C:\wamp\www\statut\public\index.php(37): CodeIgniter\CodeIgniter->run()
#7 C:\wamp\www\statut\system\Commands\Server\rewrite.php(43): require_once('C:\\wamp\\www\\sta...')
#8 {main}
CRITICAL - 2022-02-09 09:01:15 --> Cannot assign an empty string to a string offset
#0 C:\wamp\www\statut\system\CodeIgniter.php(825): App\Controllers\Dashboard->update()
#1 C:\wamp\www\statut\system\CodeIgniter.php(412): CodeIgniter\CodeIgniter->runController(Object(App\Controllers\Dashboard))
#2 C:\wamp\www\statut\system\CodeIgniter.php(320): CodeIgniter\CodeIgniter->handleRequest(NULL, Object(Config\Cache), false)
#3 C:\wamp\www\statut\public\index.php(37): CodeIgniter\CodeIgniter->run()
#4 C:\wamp\www\statut\system\Commands\Server\rewrite.php(43): require_once('C:\\wamp\\www\\sta...')
#5 {main}
CRITICAL - 2022-02-09 09:01:46 --> There is no data to update.
#0 C:\wamp\www\statut\system\BaseModel.php(846): CodeIgniter\Database\Exceptions\DataException::forEmptyDataset('update')
#1 C:\wamp\www\statut\system\Model.php(651): CodeIgniter\BaseModel->update(Array, Array)
#2 C:\wamp\www\statut\app\Controllers\Dashboard.php(113): CodeIgniter\Model->update('7', Array)
#3 C:\wamp\www\statut\system\CodeIgniter.php(825): App\Controllers\Dashboard->update()
#4 C:\wamp\www\statut\system\CodeIgniter.php(412): CodeIgniter\CodeIgniter->runController(Object(App\Controllers\Dashboard))
#5 C:\wamp\www\statut\system\CodeIgniter.php(320): CodeIgniter\CodeIgniter->handleRequest(NULL, Object(Config\Cache), false)
#6 C:\wamp\www\statut\public\index.php(37): CodeIgniter\CodeIgniter->run()
#7 C:\wamp\www\statut\system\Commands\Server\rewrite.php(43): require_once('C:\\wamp\\www\\sta...')
#8 {main}
CRITICAL - 2022-02-09 09:03:03 --> There is no data to update.
#0 C:\wamp\www\statut\system\BaseModel.php(846): CodeIgniter\Database\Exceptions\DataException::forEmptyDataset('update')
#1 C:\wamp\www\statut\system\Model.php(651): CodeIgniter\BaseModel->update(Array, Array)
#2 C:\wamp\www\statut\app\Controllers\Dashboard.php(113): CodeIgniter\Model->update('7', Array)
#3 C:\wamp\www\statut\system\CodeIgniter.php(825): App\Controllers\Dashboard->update()
#4 C:\wamp\www\statut\system\CodeIgniter.php(412): CodeIgniter\CodeIgniter->runController(Object(App\Controllers\Dashboard))
#5 C:\wamp\www\statut\system\CodeIgniter.php(320): CodeIgniter\CodeIgniter->handleRequest(NULL, Object(Config\Cache), false)
#6 C:\wamp\www\statut\public\index.php(37): CodeIgniter\CodeIgniter->run()
#7 C:\wamp\www\statut\system\Commands\Server\rewrite.php(43): require_once('C:\\wamp\\www\\sta...')
#8 {main}
CRITICAL - 2022-02-09 09:03:24 --> There is no data to update.
#0 C:\wamp\www\statut\system\BaseModel.php(846): CodeIgniter\Database\Exceptions\DataException::forEmptyDataset('update')
#1 C:\wamp\www\statut\system\Model.php(651): CodeIgniter\BaseModel->update(Array, Array)
#2 C:\wamp\www\statut\app\Controllers\Dashboard.php(113): CodeIgniter\Model->update('7', Array)
#3 C:\wamp\www\statut\system\CodeIgniter.php(825): App\Controllers\Dashboard->update()
#4 C:\wamp\www\statut\system\CodeIgniter.php(412): CodeIgniter\CodeIgniter->runController(Object(App\Controllers\Dashboard))
#5 C:\wamp\www\statut\system\CodeIgniter.php(320): CodeIgniter\CodeIgniter->handleRequest(NULL, Object(Config\Cache), false)
#6 C:\wamp\www\statut\public\index.php(37): CodeIgniter\CodeIgniter->run()
#7 C:\wamp\www\statut\system\Commands\Server\rewrite.php(43): require_once('C:\\wamp\\www\\sta...')
#8 {main}
CRITICAL - 2022-02-09 09:05:16 --> Call to undefined method App\Models\LogoModel::add
#0 C:\wamp\www\statut\app\Controllers\Dashboard.php(111): CodeIgniter\Model->__call('add', Array)
#1 C:\wamp\www\statut\system\CodeIgniter.php(825): App\Controllers\Dashboard->update()
#2 C:\wamp\www\statut\system\CodeIgniter.php(412): CodeIgniter\CodeIgniter->runController(Object(App\Controllers\Dashboard))
#3 C:\wamp\www\statut\system\CodeIgniter.php(320): CodeIgniter\CodeIgniter->handleRequest(NULL, Object(Config\Cache), false)
#4 C:\wamp\www\statut\public\index.php(37): CodeIgniter\CodeIgniter->run()
#5 C:\wamp\www\statut\system\Commands\Server\rewrite.php(43): require_once('C:\\wamp\\www\\sta...')
#6 {main}
CRITICAL - 2022-02-09 09:07:18 --> Call to undefined method App\Models\MessageModel::add
#0 C:\wamp\www\statut\app\Controllers\Dashboard.php(112): CodeIgniter\Model->__call('add', Array)
#1 C:\wamp\www\statut\system\CodeIgniter.php(825): App\Controllers\Dashboard->update()
#2 C:\wamp\www\statut\system\CodeIgniter.php(412): CodeIgniter\CodeIgniter->runController(Object(App\Controllers\Dashboard))
#3 C:\wamp\www\statut\system\CodeIgniter.php(320): CodeIgniter\CodeIgniter->handleRequest(NULL, Object(Config\Cache), false)
#4 C:\wamp\www\statut\public\index.php(37): CodeIgniter\CodeIgniter->run()
#5 C:\wamp\www\statut\system\Commands\Server\rewrite.php(43): require_once('C:\\wamp\\www\\sta...')
#6 {main}
CRITICAL - 2022-02-09 09:08:01 --> CodeIgniter\BaseModel::transformDataToArray(): Return value must be of type array, string returned
#0 C:\wamp\www\statut\system\BaseModel.php(704): CodeIgniter\BaseModel->transformDataToArray('7', 'insert')
#1 C:\wamp\www\statut\system\Model.php(625): CodeIgniter\BaseModel->insert('7', false)
#2 C:\wamp\www\statut\system\BaseModel.php(658): CodeIgniter\Model->insert('7', false)
#3 C:\wamp\www\statut\app\Controllers\Dashboard.php(112): CodeIgniter\BaseModel->save('7', Array)
#4 C:\wamp\www\statut\system\CodeIgniter.php(825): App\Controllers\Dashboard->update()
#5 C:\wamp\www\statut\system\CodeIgniter.php(412): CodeIgniter\CodeIgniter->runController(Object(App\Controllers\Dashboard))
#6 C:\wamp\www\statut\system\CodeIgniter.php(320): CodeIgniter\CodeIgniter->handleRequest(NULL, Object(Config\Cache), false)
#7 C:\wamp\www\statut\public\index.php(37): CodeIgniter\CodeIgniter->run()
#8 C:\wamp\www\statut\system\Commands\Server\rewrite.php(43): require_once('C:\\wamp\\www\\sta...')
#9 {main}
CRITICAL - 2022-02-09 09:08:59 --> CodeIgniter\BaseModel::transformDataToArray(): Return value must be of type array, string returned
#0 C:\wamp\www\statut\system\BaseModel.php(704): CodeIgniter\BaseModel->transformDataToArray('7', 'insert')
#1 C:\wamp\www\statut\system\Model.php(625): CodeIgniter\BaseModel->insert('7', false)
#2 C:\wamp\www\statut\system\BaseModel.php(658): CodeIgniter\Model->insert('7', false)
#3 C:\wamp\www\statut\app\Controllers\Dashboard.php(112): CodeIgniter\BaseModel->save('7', Array)
#4 C:\wamp\www\statut\system\CodeIgniter.php(825): App\Controllers\Dashboard->update()
#5 C:\wamp\www\statut\system\CodeIgniter.php(412): CodeIgniter\CodeIgniter->runController(Object(App\Controllers\Dashboard))
#6 C:\wamp\www\statut\system\CodeIgniter.php(320): CodeIgniter\CodeIgniter->handleRequest(NULL, Object(Config\Cache), false)
#7 C:\wamp\www\statut\public\index.php(37): CodeIgniter\CodeIgniter->run()
#8 C:\wamp\www\statut\system\Commands\Server\rewrite.php(43): require_once('C:\\wamp\\www\\sta...')
#9 {main}
CRITICAL - 2022-02-09 09:09:44 --> CodeIgniter\BaseModel::transformDataToArray(): Return value must be of type array, string returned
#0 C:\wamp\www\statut\system\BaseModel.php(704): CodeIgniter\BaseModel->transformDataToArray('7', 'insert')
#1 C:\wamp\www\statut\system\Model.php(625): CodeIgniter\BaseModel->insert('7', false)
#2 C:\wamp\www\statut\system\BaseModel.php(658): CodeIgniter\Model->insert('7', false)
#3 C:\wamp\www\statut\app\Controllers\Dashboard.php(112): CodeIgniter\BaseModel->save('7', Array)
#4 C:\wamp\www\statut\system\CodeIgniter.php(825): App\Controllers\Dashboard->update()
#5 C:\wamp\www\statut\system\CodeIgniter.php(412): CodeIgniter\CodeIgniter->runController(Object(App\Controllers\Dashboard))
#6 C:\wamp\www\statut\system\CodeIgniter.php(320): CodeIgniter\CodeIgniter->handleRequest(NULL, Object(Config\Cache), false)
#7 C:\wamp\www\statut\public\index.php(37): CodeIgniter\CodeIgniter->run()
#8 C:\wamp\www\statut\system\Commands\Server\rewrite.php(43): require_once('C:\\wamp\\www\\sta...')
#9 {main}
CRITICAL - 2022-02-09 09:10:22 --> CodeIgniter\BaseModel::transformDataToArray(): Return value must be of type array, string returned
#0 C:\wamp\www\statut\system\BaseModel.php(704): CodeIgniter\BaseModel->transformDataToArray('7', 'insert')
#1 C:\wamp\www\statut\system\Model.php(625): CodeIgniter\BaseModel->insert('7', false)
#2 C:\wamp\www\statut\system\BaseModel.php(658): CodeIgniter\Model->insert('7', false)
#3 C:\wamp\www\statut\app\Controllers\Dashboard.php(112): CodeIgniter\BaseModel->save('7', Array)
#4 C:\wamp\www\statut\system\CodeIgniter.php(825): App\Controllers\Dashboard->update()
#5 C:\wamp\www\statut\system\CodeIgniter.php(412): CodeIgniter\CodeIgniter->runController(Object(App\Controllers\Dashboard))
#6 C:\wamp\www\statut\system\CodeIgniter.php(320): CodeIgniter\CodeIgniter->handleRequest(NULL, Object(Config\Cache), false)
#7 C:\wamp\www\statut\public\index.php(37): CodeIgniter\CodeIgniter->run()
#8 C:\wamp\www\statut\system\Commands\Server\rewrite.php(43): require_once('C:\\wamp\\www\\sta...')
#9 {main}
CRITICAL - 2022-02-09 09:11:04 --> Call to a member function orderBy() on null
#0 C:\wamp\www\statut\system\CodeIgniter.php(802): App\Controllers\Index->__construct()
#1 C:\wamp\www\statut\system\CodeIgniter.php(403): CodeIgniter\CodeIgniter->createController()
#2 C:\wamp\www\statut\system\CodeIgniter.php(320): CodeIgniter\CodeIgniter->handleRequest(NULL, Object(Config\Cache), false)
#3 C:\wamp\www\statut\public\index.php(37): CodeIgniter\CodeIgniter->run()
#4 C:\wamp\www\statut\system\Commands\Server\rewrite.php(43): require_once('C:\\wamp\\www\\sta...')
#5 {main}
CRITICAL - 2022-02-09 09:11:18 --> Call to a member function orderBy() on null
#0 C:\wamp\www\statut\system\CodeIgniter.php(802): App\Controllers\Index->__construct()
#1 C:\wamp\www\statut\system\CodeIgniter.php(403): CodeIgniter\CodeIgniter->createController()
#2 C:\wamp\www\statut\system\CodeIgniter.php(320): CodeIgniter\CodeIgniter->handleRequest(NULL, Object(Config\Cache), false)
#3 C:\wamp\www\statut\public\index.php(37): CodeIgniter\CodeIgniter->run()
#4 C:\wamp\www\statut\system\Commands\Server\rewrite.php(43): require_once('C:\\wamp\\www\\sta...')
#5 {main}
CRITICAL - 2022-02-09 09:12:18 --> Undefined variable $messages
#0 C:\wamp\www\statut\app\Views\index.php(105): CodeIgniter\Debug\Exceptions->errorHandler(2, 'Undefined varia...', 'C:\\wamp\\www\\sta...', 105)
#1 C:\wamp\www\statut\system\View\View.php(210): include('C:\\wamp\\www\\sta...')
#2 C:\wamp\www\statut\system\View\View.php(213): CodeIgniter\View\View->CodeIgniter\View\{closure}()
#3 C:\wamp\www\statut\system\Common.php(1089): CodeIgniter\View\View->render('index', Array, true)
#4 C:\wamp\www\statut\app\Controllers\Index.php(39): view('index', Array)
#5 C:\wamp\www\statut\system\CodeIgniter.php(802): App\Controllers\Index->__construct()
#6 C:\wamp\www\statut\system\CodeIgniter.php(403): CodeIgniter\CodeIgniter->createController()
#7 C:\wamp\www\statut\system\CodeIgniter.php(320): CodeIgniter\CodeIgniter->handleRequest(NULL, Object(Config\Cache), false)
#8 C:\wamp\www\statut\public\index.php(37): CodeIgniter\CodeIgniter->run()
#9 C:\wamp\www\statut\system\Commands\Server\rewrite.php(43): require_once('C:\\wamp\\www\\sta...')
#10 {main}
CRITICAL - 2022-02-09 10:07:15 --> Undefined variable $message
#0 C:\wamp\www\statut\app\Views\index.php(65): CodeIgniter\Debug\Exceptions->errorHandler(2, 'Undefined varia...', 'C:\\wamp\\www\\sta...', 65)
#1 C:\wamp\www\statut\system\View\View.php(210): include('C:\\wamp\\www\\sta...')
#2 C:\wamp\www\statut\system\View\View.php(213): CodeIgniter\View\View->CodeIgniter\View\{closure}()
#3 C:\wamp\www\statut\system\Common.php(1089): CodeIgniter\View\View->render('index', Array, true)
#4 C:\wamp\www\statut\app\Controllers\Index.php(39): view('index', Array)
#5 C:\wamp\www\statut\system\CodeIgniter.php(802): App\Controllers\Index->__construct()
#6 C:\wamp\www\statut\system\CodeIgniter.php(403): CodeIgniter\CodeIgniter->createController()
#7 C:\wamp\www\statut\system\CodeIgniter.php(320): CodeIgniter\CodeIgniter->handleRequest(NULL, Object(Config\Cache), false)
#8 C:\wamp\www\statut\public\index.php(37): CodeIgniter\CodeIgniter->run()
#9 C:\wamp\www\statut\system\Commands\Server\rewrite.php(43): require_once('C:\\wamp\\www\\sta...')
#10 {main}
