CRITICAL - 2022-01-31 06:13:00 --> There is no data to insert.
#0 C:\wamp\www\statut\system\BaseModel.php(718): CodeIgniter\Database\Exceptions\DataException::forEmptyDataset('insert')
#1 C:\wamp\www\statut\system\Model.php(625): CodeIgniter\BaseModel->insert(Array, false)
#2 C:\wamp\www\statut\system\BaseModel.php(658): CodeIgniter\Model->insert(Array, false)
#3 C:\wamp\www\statut\app\Controllers\Users.php(35): CodeIgniter\BaseModel->save(Array)
#4 C:\wamp\www\statut\system\CodeIgniter.php(825): App\Controllers\Users->save()
#5 C:\wamp\www\statut\system\CodeIgniter.php(412): CodeIgniter\CodeIgniter->runController(Object(App\Controllers\Users))
#6 C:\wamp\www\statut\system\CodeIgniter.php(320): CodeIgniter\CodeIgniter->handleRequest(NULL, Object(Config\Cache), false)
#7 C:\wamp\www\statut\public\index.php(37): CodeIgniter\CodeIgniter->run()
#8 {main}
CRITICAL - 2022-01-31 06:14:01 --> There is no data to insert.
#0 C:\wamp\www\statut\system\BaseModel.php(718): CodeIgniter\Database\Exceptions\DataException::forEmptyDataset('insert')
#1 C:\wamp\www\statut\system\Model.php(625): CodeIgniter\BaseModel->insert(Array, false)
#2 C:\wamp\www\statut\system\BaseModel.php(658): CodeIgniter\Model->insert(Array, false)
#3 C:\wamp\www\statut\app\Controllers\Users.php(35): CodeIgniter\BaseModel->save(Array)
#4 C:\wamp\www\statut\system\CodeIgniter.php(825): App\Controllers\Users->save()
#5 C:\wamp\www\statut\system\CodeIgniter.php(412): CodeIgniter\CodeIgniter->runController(Object(App\Controllers\Users))
#6 C:\wamp\www\statut\system\CodeIgniter.php(320): CodeIgniter\CodeIgniter->handleRequest(NULL, Object(Config\Cache), false)
#7 C:\wamp\www\statut\public\index.php(37): CodeIgniter\CodeIgniter->run()
#8 {main}
CRITICAL - 2022-01-31 06:21:35 --> There is no data to insert.
#0 C:\wamp\www\statut\system\BaseModel.php(718): CodeIgniter\Database\Exceptions\DataException::forEmptyDataset('insert')
#1 C:\wamp\www\statut\system\Model.php(625): CodeIgniter\BaseModel->insert(Array, false)
#2 C:\wamp\www\statut\system\BaseModel.php(658): CodeIgniter\Model->insert(Array, false)
#3 C:\wamp\www\statut\app\Controllers\Users.php(35): CodeIgniter\BaseModel->save(Array)
#4 C:\wamp\www\statut\system\CodeIgniter.php(825): App\Controllers\Users->save()
#5 C:\wamp\www\statut\system\CodeIgniter.php(412): CodeIgniter\CodeIgniter->runController(Object(App\Controllers\Users))
#6 C:\wamp\www\statut\system\CodeIgniter.php(320): CodeIgniter\CodeIgniter->handleRequest(NULL, Object(Config\Cache), false)
#7 C:\wamp\www\statut\public\index.php(37): CodeIgniter\CodeIgniter->run()
#8 {main}
CRITICAL - 2022-01-31 08:31:14 --> Undefined variable $predicat
#0 C:\wamp\www\statut\app\Views\dashboard.php(87): CodeIgniter\Debug\Exceptions->errorHandler(2, 'Undefined varia...', 'C:\\wamp\\www\\sta...', 87)
#1 C:\wamp\www\statut\system\View\View.php(210): include('C:\\wamp\\www\\sta...')
#2 C:\wamp\www\statut\system\View\View.php(213): CodeIgniter\View\View->CodeIgniter\View\{closure}()
#3 C:\wamp\www\statut\system\Common.php(1089): CodeIgniter\View\View->render('dashboard', Array, true)
#4 C:\wamp\www\statut\app\Controllers\Dashboard.php(9): view('dashboard')
#5 C:\wamp\www\statut\system\CodeIgniter.php(825): App\Controllers\Dashboard->index()
#6 C:\wamp\www\statut\system\CodeIgniter.php(412): CodeIgniter\CodeIgniter->runController(Object(App\Controllers\Dashboard))
#7 C:\wamp\www\statut\system\CodeIgniter.php(320): CodeIgniter\CodeIgniter->handleRequest(NULL, Object(Config\Cache), false)
#8 C:\wamp\www\statut\public\index.php(37): CodeIgniter\CodeIgniter->run()
#9 {main}
CRITICAL - 2022-01-31 08:31:46 --> Undefined variable $predicat
#0 C:\wamp\www\statut\app\Views\dashboard.php(87): CodeIgniter\Debug\Exceptions->errorHandler(2, 'Undefined varia...', 'C:\\wamp\\www\\sta...', 87)
#1 C:\wamp\www\statut\system\View\View.php(210): include('C:\\wamp\\www\\sta...')
#2 C:\wamp\www\statut\system\View\View.php(213): CodeIgniter\View\View->CodeIgniter\View\{closure}()
#3 C:\wamp\www\statut\system\Common.php(1089): CodeIgniter\View\View->render('dashboard', Array, true)
#4 C:\wamp\www\statut\app\Controllers\Dashboard.php(9): view('dashboard')
#5 C:\wamp\www\statut\system\CodeIgniter.php(825): App\Controllers\Dashboard->index()
#6 C:\wamp\www\statut\system\CodeIgniter.php(412): CodeIgniter\CodeIgniter->runController(Object(App\Controllers\Dashboard))
#7 C:\wamp\www\statut\system\CodeIgniter.php(320): CodeIgniter\CodeIgniter->handleRequest(NULL, Object(Config\Cache), false)
#8 C:\wamp\www\statut\public\index.php(37): CodeIgniter\CodeIgniter->run()
#9 {main}
CRITICAL - 2022-01-31 08:31:56 --> Undefined variable $predicat
#0 C:\wamp\www\statut\app\Views\dashboard.php(87): CodeIgniter\Debug\Exceptions->errorHandler(2, 'Undefined varia...', 'C:\\wamp\\www\\sta...', 87)
#1 C:\wamp\www\statut\system\View\View.php(210): include('C:\\wamp\\www\\sta...')
#2 C:\wamp\www\statut\system\View\View.php(213): CodeIgniter\View\View->CodeIgniter\View\{closure}()
#3 C:\wamp\www\statut\system\Common.php(1089): CodeIgniter\View\View->render('dashboard', Array, true)
#4 C:\wamp\www\statut\app\Controllers\Dashboard.php(9): view('dashboard')
#5 C:\wamp\www\statut\system\CodeIgniter.php(825): App\Controllers\Dashboard->index()
#6 C:\wamp\www\statut\system\CodeIgniter.php(412): CodeIgniter\CodeIgniter->runController(Object(App\Controllers\Dashboard))
#7 C:\wamp\www\statut\system\CodeIgniter.php(320): CodeIgniter\CodeIgniter->handleRequest(NULL, Object(Config\Cache), false)
#8 C:\wamp\www\statut\public\index.php(37): CodeIgniter\CodeIgniter->run()
#9 {main}
CRITICAL - 2022-01-31 08:31:56 --> Undefined variable $predicat
#0 C:\wamp\www\statut\app\Views\dashboard.php(87): CodeIgniter\Debug\Exceptions->errorHandler(2, 'Undefined varia...', 'C:\\wamp\\www\\sta...', 87)
#1 C:\wamp\www\statut\system\View\View.php(210): include('C:\\wamp\\www\\sta...')
#2 C:\wamp\www\statut\system\View\View.php(213): CodeIgniter\View\View->CodeIgniter\View\{closure}()
#3 C:\wamp\www\statut\system\Common.php(1089): CodeIgniter\View\View->render('dashboard', Array, true)
#4 C:\wamp\www\statut\app\Controllers\Dashboard.php(9): view('dashboard')
#5 C:\wamp\www\statut\system\CodeIgniter.php(825): App\Controllers\Dashboard->index()
#6 C:\wamp\www\statut\system\CodeIgniter.php(412): CodeIgniter\CodeIgniter->runController(Object(App\Controllers\Dashboard))
#7 C:\wamp\www\statut\system\CodeIgniter.php(320): CodeIgniter\CodeIgniter->handleRequest(NULL, Object(Config\Cache), false)
#8 C:\wamp\www\statut\public\index.php(37): CodeIgniter\CodeIgniter->run()
#9 {main}
CRITICAL - 2022-01-31 08:31:56 --> Undefined variable $predicat
#0 C:\wamp\www\statut\app\Views\dashboard.php(87): CodeIgniter\Debug\Exceptions->errorHandler(2, 'Undefined varia...', 'C:\\wamp\\www\\sta...', 87)
#1 C:\wamp\www\statut\system\View\View.php(210): include('C:\\wamp\\www\\sta...')
#2 C:\wamp\www\statut\system\View\View.php(213): CodeIgniter\View\View->CodeIgniter\View\{closure}()
#3 C:\wamp\www\statut\system\Common.php(1089): CodeIgniter\View\View->render('dashboard', Array, true)
#4 C:\wamp\www\statut\app\Controllers\Dashboard.php(9): view('dashboard')
#5 C:\wamp\www\statut\system\CodeIgniter.php(825): App\Controllers\Dashboard->index()
#6 C:\wamp\www\statut\system\CodeIgniter.php(412): CodeIgniter\CodeIgniter->runController(Object(App\Controllers\Dashboard))
#7 C:\wamp\www\statut\system\CodeIgniter.php(320): CodeIgniter\CodeIgniter->handleRequest(NULL, Object(Config\Cache), false)
#8 C:\wamp\www\statut\public\index.php(37): CodeIgniter\CodeIgniter->run()
#9 {main}
ERROR - 2022-01-31 08:57:03 --> Le champ 'intitule' ne peut être vide (null)
ERROR - 2022-01-31 09:54:35 --> Champ 'mail' inconnu dans where clause
CRITICAL - 2022-01-31 09:54:35 --> Call to a member function getRow() on bool
#0 C:\wamp\www\statut\system\Validation\Validation.php(292): CodeIgniter\Validation\Rules->is_unique('test@test.com', 'mail', Array, NULL)
#1 C:\wamp\www\statut\system\Validation\Validation.php(157): CodeIgniter\Validation\Validation->processRules('email', 'email', 'test@test.com', Array, Array)
#2 C:\wamp\www\statut\system\Controller.php(160): CodeIgniter\Validation\Validation->run()
#3 C:\wamp\www\statut\app\Controllers\Users.php(26): CodeIgniter\Controller->validate(Array)
#4 C:\wamp\www\statut\system\CodeIgniter.php(825): App\Controllers\Users->save()
#5 C:\wamp\www\statut\system\CodeIgniter.php(412): CodeIgniter\CodeIgniter->runController(Object(App\Controllers\Users))
#6 C:\wamp\www\statut\system\CodeIgniter.php(320): CodeIgniter\CodeIgniter->handleRequest(NULL, Object(Config\Cache), false)
#7 C:\wamp\www\statut\public\index.php(37): CodeIgniter\CodeIgniter->run()
#8 {main}
ERROR - 2022-01-31 09:54:57 --> Champ 'mail' inconnu dans where clause
CRITICAL - 2022-01-31 09:54:57 --> Call to a member function getRow() on bool
#0 C:\wamp\www\statut\system\Validation\Validation.php(292): CodeIgniter\Validation\Rules->is_unique('test@test.com', 'mail', Array, NULL)
#1 C:\wamp\www\statut\system\Validation\Validation.php(157): CodeIgniter\Validation\Validation->processRules('email', 'email', 'test@test.com', Array, Array)
#2 C:\wamp\www\statut\system\Controller.php(160): CodeIgniter\Validation\Validation->run()
#3 C:\wamp\www\statut\app\Controllers\Users.php(26): CodeIgniter\Controller->validate(Array)
#4 C:\wamp\www\statut\system\CodeIgniter.php(825): App\Controllers\Users->save()
#5 C:\wamp\www\statut\system\CodeIgniter.php(412): CodeIgniter\CodeIgniter->runController(Object(App\Controllers\Users))
#6 C:\wamp\www\statut\system\CodeIgniter.php(320): CodeIgniter\CodeIgniter->handleRequest(NULL, Object(Config\Cache), false)
#7 C:\wamp\www\statut\public\index.php(37): CodeIgniter\CodeIgniter->run()
#8 {main}
ERROR - 2022-01-31 09:56:25 --> Champ 'mail' inconnu dans where clause
CRITICAL - 2022-01-31 09:56:25 --> Call to a member function getRow() on bool
#0 C:\wamp\www\statut\system\Validation\Validation.php(292): CodeIgniter\Validation\Rules->is_unique('test@test.com', 'mail', Array, NULL)
#1 C:\wamp\www\statut\system\Validation\Validation.php(157): CodeIgniter\Validation\Validation->processRules('email', 'email', 'test@test.com', Array, Array)
#2 C:\wamp\www\statut\system\Controller.php(160): CodeIgniter\Validation\Validation->run()
#3 C:\wamp\www\statut\app\Controllers\Users.php(26): CodeIgniter\Controller->validate(Array)
#4 C:\wamp\www\statut\system\CodeIgniter.php(825): App\Controllers\Users->save()
#5 C:\wamp\www\statut\system\CodeIgniter.php(412): CodeIgniter\CodeIgniter->runController(Object(App\Controllers\Users))
#6 C:\wamp\www\statut\system\CodeIgniter.php(320): CodeIgniter\CodeIgniter->handleRequest(NULL, Object(Config\Cache), false)
#7 C:\wamp\www\statut\public\index.php(37): CodeIgniter\CodeIgniter->run()
#8 {main}
ERROR - 2022-01-31 09:59:52 --> Champ 'mail' inconnu dans where clause
CRITICAL - 2022-01-31 09:59:52 --> Call to a member function getRow() on bool
#0 C:\wamp\www\statut\system\Validation\Validation.php(292): CodeIgniter\Validation\Rules->is_unique('test@test.com', 'mail', Array, NULL)
#1 C:\wamp\www\statut\system\Validation\Validation.php(157): CodeIgniter\Validation\Validation->processRules('email', 'email', 'test@test.com', Array, Array)
#2 C:\wamp\www\statut\system\Controller.php(160): CodeIgniter\Validation\Validation->run()
#3 C:\wamp\www\statut\app\Controllers\Users.php(26): CodeIgniter\Controller->validate(Array)
#4 C:\wamp\www\statut\system\CodeIgniter.php(825): App\Controllers\Users->save()
#5 C:\wamp\www\statut\system\CodeIgniter.php(412): CodeIgniter\CodeIgniter->runController(Object(App\Controllers\Users))
#6 C:\wamp\www\statut\system\CodeIgniter.php(320): CodeIgniter\CodeIgniter->handleRequest(NULL, Object(Config\Cache), false)
#7 C:\wamp\www\statut\public\index.php(37): CodeIgniter\CodeIgniter->run()
#8 {main}
ERROR - 2022-01-31 10:02:59 --> Champ 'mail' inconnu dans where clause
CRITICAL - 2022-01-31 10:02:59 --> Call to a member function getRow() on bool
#0 C:\wamp\www\statut\system\Validation\Validation.php(292): CodeIgniter\Validation\Rules->is_unique('test@test.com', 'mail', Array, NULL)
#1 C:\wamp\www\statut\system\Validation\Validation.php(157): CodeIgniter\Validation\Validation->processRules('email', 'email', 'test@test.com', Array, Array)
#2 C:\wamp\www\statut\system\Controller.php(160): CodeIgniter\Validation\Validation->run()
#3 C:\wamp\www\statut\app\Controllers\Users.php(26): CodeIgniter\Controller->validate(Array)
#4 C:\wamp\www\statut\system\CodeIgniter.php(825): App\Controllers\Users->save()
#5 C:\wamp\www\statut\system\CodeIgniter.php(412): CodeIgniter\CodeIgniter->runController(Object(App\Controllers\Users))
#6 C:\wamp\www\statut\system\CodeIgniter.php(320): CodeIgniter\CodeIgniter->handleRequest(NULL, Object(Config\Cache), false)
#7 C:\wamp\www\statut\public\index.php(37): CodeIgniter\CodeIgniter->run()
#8 {main}
ERROR - 2022-01-31 10:04:01 --> Champ 'mail' inconnu dans where clause
CRITICAL - 2022-01-31 10:04:01 --> Call to a member function getRow() on bool
#0 C:\wamp\www\statut\system\Validation\Validation.php(292): CodeIgniter\Validation\Rules->is_unique('test@test.com', 'mail', Array, NULL)
#1 C:\wamp\www\statut\system\Validation\Validation.php(157): CodeIgniter\Validation\Validation->processRules('email', 'email', 'test@test.com', Array, Array)
#2 C:\wamp\www\statut\system\Controller.php(160): CodeIgniter\Validation\Validation->run()
#3 C:\wamp\www\statut\app\Controllers\Users.php(26): CodeIgniter\Controller->validate(Array)
#4 C:\wamp\www\statut\system\CodeIgniter.php(825): App\Controllers\Users->save()
#5 C:\wamp\www\statut\system\CodeIgniter.php(412): CodeIgniter\CodeIgniter->runController(Object(App\Controllers\Users))
#6 C:\wamp\www\statut\system\CodeIgniter.php(320): CodeIgniter\CodeIgniter->handleRequest(NULL, Object(Config\Cache), false)
#7 C:\wamp\www\statut\public\index.php(37): CodeIgniter\CodeIgniter->run()
#8 {main}
