ERROR - 2022-02-10 03:01:28 --> Error connecting to the database: Aucune connexion n’a pu être établie car l’ordinateur cible l’a expressément refusée
CRITICAL - 2022-02-10 03:01:28 --> Unable to connect to the database.
Main connection [MySQLi]: Aucune connexion n’a pu être établie car l’ordinateur cible l’a expressément refusée
#0 C:\wamp\www\statut\system\Database\BaseConnection.php(577): CodeIgniter\Database\BaseConnection->initialize()
#1 C:\wamp\www\statut\system\Database\BaseBuilder.php(1455): CodeIgniter\Database\BaseConnection->query('SELECT *\nFROM `...', Array, false)
#2 C:\wamp\www\statut\system\Model.php(142): CodeIgniter\Database\BaseBuilder->get()
#3 C:\wamp\www\statut\system\BaseModel.php(523): CodeIgniter\Model->doFind(true, 1)
#4 C:\wamp\www\statut\app\Controllers\Index.php(22): CodeIgniter\BaseModel->find(1)
#5 C:\wamp\www\statut\system\CodeIgniter.php(802): App\Controllers\Index->__construct()
#6 C:\wamp\www\statut\system\CodeIgniter.php(403): CodeIgniter\CodeIgniter->createController()
#7 C:\wamp\www\statut\system\CodeIgniter.php(320): CodeIgniter\CodeIgniter->handleRequest(NULL, Object(Config\Cache), false)
#8 C:\wamp\www\statut\public\index.php(37): CodeIgniter\CodeIgniter->run()
#9 C:\wamp\www\statut\system\Commands\Server\rewrite.php(43): require_once('C:\\wamp\\www\\sta...')
#10 {main}
ERROR - 2022-02-10 03:01:35 --> Error connecting to the database: Aucune connexion n’a pu être établie car l’ordinateur cible l’a expressément refusée
CRITICAL - 2022-02-10 03:01:35 --> Unable to connect to the database.
Main connection [MySQLi]: Aucune connexion n’a pu être établie car l’ordinateur cible l’a expressément refusée
#0 C:\wamp\www\statut\system\Database\BaseConnection.php(577): CodeIgniter\Database\BaseConnection->initialize()
#1 C:\wamp\www\statut\system\Database\BaseBuilder.php(1455): CodeIgniter\Database\BaseConnection->query('SELECT *\nFROM `...', Array, false)
#2 C:\wamp\www\statut\system\Model.php(142): CodeIgniter\Database\BaseBuilder->get()
#3 C:\wamp\www\statut\system\BaseModel.php(523): CodeIgniter\Model->doFind(true, 1)
#4 C:\wamp\www\statut\app\Controllers\Login.php(20): CodeIgniter\BaseModel->find(1)
#5 C:\wamp\www\statut\system\CodeIgniter.php(802): App\Controllers\Login->__construct()
#6 C:\wamp\www\statut\system\CodeIgniter.php(403): CodeIgniter\CodeIgniter->createController()
#7 C:\wamp\www\statut\system\CodeIgniter.php(320): CodeIgniter\CodeIgniter->handleRequest(NULL, Object(Config\Cache), false)
#8 C:\wamp\www\statut\public\index.php(37): CodeIgniter\CodeIgniter->run()
#9 C:\wamp\www\statut\system\Commands\Server\rewrite.php(43): require_once('C:\\wamp\\www\\sta...')
#10 {main}
CRITICAL - 2022-02-10 03:17:34 --> syntax error, unexpected token ")", expecting ";"
#0 C:\wamp\www\statut\system\View\View.php(213): CodeIgniter\View\View->CodeIgniter\View\{closure}()
#1 C:\wamp\www\statut\system\Common.php(1089): CodeIgniter\View\View->render('index', Array, true)
#2 C:\wamp\www\statut\app\Controllers\Index.php(39): view('index', Array)
#3 C:\wamp\www\statut\system\CodeIgniter.php(802): App\Controllers\Index->__construct()
#4 C:\wamp\www\statut\system\CodeIgniter.php(403): CodeIgniter\CodeIgniter->createController()
#5 C:\wamp\www\statut\system\CodeIgniter.php(320): CodeIgniter\CodeIgniter->handleRequest(NULL, Object(Config\Cache), false)
#6 C:\wamp\www\statut\public\index.php(37): CodeIgniter\CodeIgniter->run()
#7 C:\wamp\www\statut\system\Commands\Server\rewrite.php(43): require_once('C:\\wamp\\www\\sta...')
#8 {main}
CRITICAL - 2022-02-10 04:11:58 --> in_array(): Argument #2 ($haystack) must be of type array, string given
#0 C:\wamp\www\statut\app\Views\index.php(66): in_array(''En ligne'', 'Maintenance')
#1 C:\wamp\www\statut\system\View\View.php(210): include('C:\\wamp\\www\\sta...')
#2 C:\wamp\www\statut\system\View\View.php(213): CodeIgniter\View\View->CodeIgniter\View\{closure}()
#3 C:\wamp\www\statut\system\Common.php(1089): CodeIgniter\View\View->render('index', Array, true)
#4 C:\wamp\www\statut\app\Controllers\Index.php(39): view('index', Array)
#5 C:\wamp\www\statut\system\CodeIgniter.php(802): App\Controllers\Index->__construct()
#6 C:\wamp\www\statut\system\CodeIgniter.php(403): CodeIgniter\CodeIgniter->createController()
#7 C:\wamp\www\statut\system\CodeIgniter.php(320): CodeIgniter\CodeIgniter->handleRequest(NULL, Object(Config\Cache), false)
#8 C:\wamp\www\statut\public\index.php(37): CodeIgniter\CodeIgniter->run()
#9 C:\wamp\www\statut\system\Commands\Server\rewrite.php(43): require_once('C:\\wamp\\www\\sta...')
#10 {main}
CRITICAL - 2022-02-10 04:12:50 --> Undefined array key "state"
#0 C:\wamp\www\statut\app\Views\index.php(66): CodeIgniter\Debug\Exceptions->errorHandler(2, 'Undefined array...', 'C:\\wamp\\www\\sta...', 66)
#1 C:\wamp\www\statut\system\View\View.php(210): include('C:\\wamp\\www\\sta...')
#2 C:\wamp\www\statut\system\View\View.php(213): CodeIgniter\View\View->CodeIgniter\View\{closure}()
#3 C:\wamp\www\statut\system\Common.php(1089): CodeIgniter\View\View->render('index', Array, true)
#4 C:\wamp\www\statut\app\Controllers\Index.php(39): view('index', Array)
#5 C:\wamp\www\statut\system\CodeIgniter.php(802): App\Controllers\Index->__construct()
#6 C:\wamp\www\statut\system\CodeIgniter.php(403): CodeIgniter\CodeIgniter->createController()
#7 C:\wamp\www\statut\system\CodeIgniter.php(320): CodeIgniter\CodeIgniter->handleRequest(NULL, Object(Config\Cache), false)
#8 C:\wamp\www\statut\public\index.php(37): CodeIgniter\CodeIgniter->run()
#9 C:\wamp\www\statut\system\Commands\Server\rewrite.php(43): require_once('C:\\wamp\\www\\sta...')
#10 {main}
CRITICAL - 2022-02-10 04:13:13 --> in_array(): Argument #2 ($haystack) must be of type array, string given
#0 C:\wamp\www\statut\app\Views\index.php(66): in_array(''En ligne'', 'Maintenance')
#1 C:\wamp\www\statut\system\View\View.php(210): include('C:\\wamp\\www\\sta...')
#2 C:\wamp\www\statut\system\View\View.php(213): CodeIgniter\View\View->CodeIgniter\View\{closure}()
#3 C:\wamp\www\statut\system\Common.php(1089): CodeIgniter\View\View->render('index', Array, true)
#4 C:\wamp\www\statut\app\Controllers\Index.php(39): view('index', Array)
#5 C:\wamp\www\statut\system\CodeIgniter.php(802): App\Controllers\Index->__construct()
#6 C:\wamp\www\statut\system\CodeIgniter.php(403): CodeIgniter\CodeIgniter->createController()
#7 C:\wamp\www\statut\system\CodeIgniter.php(320): CodeIgniter\CodeIgniter->handleRequest(NULL, Object(Config\Cache), false)
#8 C:\wamp\www\statut\public\index.php(37): CodeIgniter\CodeIgniter->run()
#9 C:\wamp\www\statut\system\Commands\Server\rewrite.php(43): require_once('C:\\wamp\\www\\sta...')
#10 {main}
CRITICAL - 2022-02-10 04:14:52 --> in_array(): Argument #2 ($haystack) must be of type array, string given
#0 C:\wamp\www\statut\app\Views\index.php(64): in_array('En ligne', 'Maintenance')
#1 C:\wamp\www\statut\system\View\View.php(210): include('C:\\wamp\\www\\sta...')
#2 C:\wamp\www\statut\system\View\View.php(213): CodeIgniter\View\View->CodeIgniter\View\{closure}()
#3 C:\wamp\www\statut\system\Common.php(1089): CodeIgniter\View\View->render('index', Array, true)
#4 C:\wamp\www\statut\app\Controllers\Index.php(39): view('index', Array)
#5 C:\wamp\www\statut\system\CodeIgniter.php(802): App\Controllers\Index->__construct()
#6 C:\wamp\www\statut\system\CodeIgniter.php(403): CodeIgniter\CodeIgniter->createController()
#7 C:\wamp\www\statut\system\CodeIgniter.php(320): CodeIgniter\CodeIgniter->handleRequest(NULL, Object(Config\Cache), false)
#8 C:\wamp\www\statut\public\index.php(37): CodeIgniter\CodeIgniter->run()
#9 C:\wamp\www\statut\system\Commands\Server\rewrite.php(43): require_once('C:\\wamp\\www\\sta...')
#10 {main}
CRITICAL - 2022-02-10 04:15:08 --> Undefined array key "state"
#0 C:\wamp\www\statut\app\Views\index.php(64): CodeIgniter\Debug\Exceptions->errorHandler(2, 'Undefined array...', 'C:\\wamp\\www\\sta...', 64)
#1 C:\wamp\www\statut\system\View\View.php(210): include('C:\\wamp\\www\\sta...')
#2 C:\wamp\www\statut\system\View\View.php(213): CodeIgniter\View\View->CodeIgniter\View\{closure}()
#3 C:\wamp\www\statut\system\Common.php(1089): CodeIgniter\View\View->render('index', Array, true)
#4 C:\wamp\www\statut\app\Controllers\Index.php(39): view('index', Array)
#5 C:\wamp\www\statut\system\CodeIgniter.php(802): App\Controllers\Index->__construct()
#6 C:\wamp\www\statut\system\CodeIgniter.php(403): CodeIgniter\CodeIgniter->createController()
#7 C:\wamp\www\statut\system\CodeIgniter.php(320): CodeIgniter\CodeIgniter->handleRequest(NULL, Object(Config\Cache), false)
#8 C:\wamp\www\statut\public\index.php(37): CodeIgniter\CodeIgniter->run()
#9 C:\wamp\www\statut\system\Commands\Server\rewrite.php(43): require_once('C:\\wamp\\www\\sta...')
#10 {main}
CRITICAL - 2022-02-10 04:34:57 --> Cannot use object of type mysqli as array
#0 C:\wamp\www\statut\system\View\View.php(210): include()
#1 C:\wamp\www\statut\system\View\View.php(213): CodeIgniter\View\View->CodeIgniter\View\{closure}()
#2 C:\wamp\www\statut\system\Common.php(1089): CodeIgniter\View\View->render('index', Array, true)
#3 C:\wamp\www\statut\app\Controllers\Index.php(37): view('index', Array)
#4 C:\wamp\www\statut\system\CodeIgniter.php(802): App\Controllers\Index->__construct()
#5 C:\wamp\www\statut\system\CodeIgniter.php(403): CodeIgniter\CodeIgniter->createController()
#6 C:\wamp\www\statut\system\CodeIgniter.php(320): CodeIgniter\CodeIgniter->handleRequest(NULL, Object(Config\Cache), false)
#7 C:\wamp\www\statut\public\index.php(37): CodeIgniter\CodeIgniter->run()
#8 C:\wamp\www\statut\system\Commands\Server\rewrite.php(43): require_once('C:\\wamp\\www\\sta...')
#9 {main}
CRITICAL - 2022-02-10 04:35:44 --> Call to undefined method CodeIgniter\Database\MySQLi\Result::result_array()
#0 C:\wamp\www\statut\system\CodeIgniter.php(802): App\Controllers\Index->__construct()
#1 C:\wamp\www\statut\system\CodeIgniter.php(403): CodeIgniter\CodeIgniter->createController()
#2 C:\wamp\www\statut\system\CodeIgniter.php(320): CodeIgniter\CodeIgniter->handleRequest(NULL, Object(Config\Cache), false)
#3 C:\wamp\www\statut\public\index.php(37): CodeIgniter\CodeIgniter->run()
#4 C:\wamp\www\statut\system\Commands\Server\rewrite.php(43): require_once('C:\\wamp\\www\\sta...')
#5 {main}
CRITICAL - 2022-02-10 04:36:17 --> Call to undefined method CodeIgniter\Database\MySQLi\Result::array()
#0 C:\wamp\www\statut\system\CodeIgniter.php(802): App\Controllers\Index->__construct()
#1 C:\wamp\www\statut\system\CodeIgniter.php(403): CodeIgniter\CodeIgniter->createController()
#2 C:\wamp\www\statut\system\CodeIgniter.php(320): CodeIgniter\CodeIgniter->handleRequest(NULL, Object(Config\Cache), false)
#3 C:\wamp\www\statut\public\index.php(37): CodeIgniter\CodeIgniter->run()
#4 C:\wamp\www\statut\system\Commands\Server\rewrite.php(43): require_once('C:\\wamp\\www\\sta...')
#5 {main}
CRITICAL - 2022-02-10 04:36:40 --> Undefined property: CodeIgniter\Database\MySQLi\Result::$is_array
#0 C:\wamp\www\statut\app\Controllers\Index.php(34): CodeIgniter\Debug\Exceptions->errorHandler(2, 'Undefined prope...', 'C:\\wamp\\www\\sta...', 34)
#1 C:\wamp\www\statut\system\CodeIgniter.php(802): App\Controllers\Index->__construct()
#2 C:\wamp\www\statut\system\CodeIgniter.php(403): CodeIgniter\CodeIgniter->createController()
#3 C:\wamp\www\statut\system\CodeIgniter.php(320): CodeIgniter\CodeIgniter->handleRequest(NULL, Object(Config\Cache), false)
#4 C:\wamp\www\statut\public\index.php(37): CodeIgniter\CodeIgniter->run()
#5 C:\wamp\www\statut\system\Commands\Server\rewrite.php(43): require_once('C:\\wamp\\www\\sta...')
#6 {main}
CRITICAL - 2022-02-10 06:02:39 --> Unmatched '}'
#0 C:\wamp\www\statut\system\View\View.php(213): CodeIgniter\View\View->CodeIgniter\View\{closure}()
#1 C:\wamp\www\statut\system\Common.php(1089): CodeIgniter\View\View->render('index', Array, true)
#2 C:\wamp\www\statut\app\Controllers\Index.php(37): view('index', Array)
#3 C:\wamp\www\statut\system\CodeIgniter.php(802): App\Controllers\Index->__construct()
#4 C:\wamp\www\statut\system\CodeIgniter.php(403): CodeIgniter\CodeIgniter->createController()
#5 C:\wamp\www\statut\system\CodeIgniter.php(320): CodeIgniter\CodeIgniter->handleRequest(NULL, Object(Config\Cache), false)
#6 C:\wamp\www\statut\public\index.php(37): CodeIgniter\CodeIgniter->run()
#7 C:\wamp\www\statut\system\Commands\Server\rewrite.php(43): require_once('C:\\wamp\\www\\sta...')
#8 {main}
CRITICAL - 2022-02-10 07:08:20 --> Undefined array key "name"
#0 C:\wamp\www\statut\app\Views\index.php(70): CodeIgniter\Debug\Exceptions->errorHandler(2, 'Undefined array...', 'C:\\wamp\\www\\sta...', 70)
#1 C:\wamp\www\statut\system\View\View.php(210): include('C:\\wamp\\www\\sta...')
#2 C:\wamp\www\statut\system\View\View.php(213): CodeIgniter\View\View->CodeIgniter\View\{closure}()
#3 C:\wamp\www\statut\system\Common.php(1089): CodeIgniter\View\View->render('index', Array, true)
#4 C:\wamp\www\statut\app\Controllers\Index.php(37): view('index', Array)
#5 C:\wamp\www\statut\system\CodeIgniter.php(802): App\Controllers\Index->__construct()
#6 C:\wamp\www\statut\system\CodeIgniter.php(403): CodeIgniter\CodeIgniter->createController()
#7 C:\wamp\www\statut\system\CodeIgniter.php(320): CodeIgniter\CodeIgniter->handleRequest(NULL, Object(Config\Cache), false)
#8 C:\wamp\www\statut\public\index.php(37): CodeIgniter\CodeIgniter->run()
#9 C:\wamp\www\statut\system\Commands\Server\rewrite.php(43): require_once('C:\\wamp\\www\\sta...')
#10 {main}
CRITICAL - 2022-02-10 07:08:30 --> Undefined array key "state"
#0 C:\wamp\www\statut\app\Views\index.php(70): CodeIgniter\Debug\Exceptions->errorHandler(2, 'Undefined array...', 'C:\\wamp\\www\\sta...', 70)
#1 C:\wamp\www\statut\system\View\View.php(210): include('C:\\wamp\\www\\sta...')
#2 C:\wamp\www\statut\system\View\View.php(213): CodeIgniter\View\View->CodeIgniter\View\{closure}()
#3 C:\wamp\www\statut\system\Common.php(1089): CodeIgniter\View\View->render('index', Array, true)
#4 C:\wamp\www\statut\app\Controllers\Index.php(37): view('index', Array)
#5 C:\wamp\www\statut\system\CodeIgniter.php(802): App\Controllers\Index->__construct()
#6 C:\wamp\www\statut\system\CodeIgniter.php(403): CodeIgniter\CodeIgniter->createController()
#7 C:\wamp\www\statut\system\CodeIgniter.php(320): CodeIgniter\CodeIgniter->handleRequest(NULL, Object(Config\Cache), false)
#8 C:\wamp\www\statut\public\index.php(37): CodeIgniter\CodeIgniter->run()
#9 C:\wamp\www\statut\system\Commands\Server\rewrite.php(43): require_once('C:\\wamp\\www\\sta...')
#10 {main}
CRITICAL - 2022-02-10 08:44:38 --> syntax error, unexpected token "endforeach"
#0 C:\wamp\www\statut\system\View\View.php(213): CodeIgniter\View\View->CodeIgniter\View\{closure}()
#1 C:\wamp\www\statut\system\Common.php(1089): CodeIgniter\View\View->render('index', Array, true)
#2 C:\wamp\www\statut\app\Controllers\Index.php(37): view('index', Array)
#3 C:\wamp\www\statut\system\CodeIgniter.php(802): App\Controllers\Index->__construct()
#4 C:\wamp\www\statut\system\CodeIgniter.php(403): CodeIgniter\CodeIgniter->createController()
#5 C:\wamp\www\statut\system\CodeIgniter.php(320): CodeIgniter\CodeIgniter->handleRequest(NULL, Object(Config\Cache), false)
#6 C:\wamp\www\statut\public\index.php(37): CodeIgniter\CodeIgniter->run()
#7 C:\wamp\www\statut\system\Commands\Server\rewrite.php(43): require_once('C:\\wamp\\www\\sta...')
#8 {main}
CRITICAL - 2022-02-10 08:45:09 --> syntax error, unexpected token "endforeach"
#0 C:\wamp\www\statut\system\View\View.php(213): CodeIgniter\View\View->CodeIgniter\View\{closure}()
#1 C:\wamp\www\statut\system\Common.php(1089): CodeIgniter\View\View->render('index', Array, true)
#2 C:\wamp\www\statut\app\Controllers\Index.php(37): view('index', Array)
#3 C:\wamp\www\statut\system\CodeIgniter.php(802): App\Controllers\Index->__construct()
#4 C:\wamp\www\statut\system\CodeIgniter.php(403): CodeIgniter\CodeIgniter->createController()
#5 C:\wamp\www\statut\system\CodeIgniter.php(320): CodeIgniter\CodeIgniter->handleRequest(NULL, Object(Config\Cache), false)
#6 C:\wamp\www\statut\public\index.php(37): CodeIgniter\CodeIgniter->run()
#7 C:\wamp\www\statut\system\Commands\Server\rewrite.php(43): require_once('C:\\wamp\\www\\sta...')
#8 {main}
CRITICAL - 2022-02-10 08:46:38 --> syntax error, unexpected token "endforeach"
#0 C:\wamp\www\statut\system\View\View.php(213): CodeIgniter\View\View->CodeIgniter\View\{closure}()
#1 C:\wamp\www\statut\system\Common.php(1089): CodeIgniter\View\View->render('index', Array, true)
#2 C:\wamp\www\statut\app\Controllers\Index.php(37): view('index', Array)
#3 C:\wamp\www\statut\system\CodeIgniter.php(802): App\Controllers\Index->__construct()
#4 C:\wamp\www\statut\system\CodeIgniter.php(403): CodeIgniter\CodeIgniter->createController()
#5 C:\wamp\www\statut\system\CodeIgniter.php(320): CodeIgniter\CodeIgniter->handleRequest(NULL, Object(Config\Cache), false)
#6 C:\wamp\www\statut\public\index.php(37): CodeIgniter\CodeIgniter->run()
#7 C:\wamp\www\statut\system\Commands\Server\rewrite.php(43): require_once('C:\\wamp\\www\\sta...')
#8 {main}
CRITICAL - 2022-02-10 11:01:37 --> Undefined variable $category
#0 C:\wamp\www\statut\app\Views\index.php(33): CodeIgniter\Debug\Exceptions->errorHandler(2, 'Undefined varia...', 'C:\\wamp\\www\\sta...', 33)
#1 C:\wamp\www\statut\system\View\View.php(210): include('C:\\wamp\\www\\sta...')
#2 C:\wamp\www\statut\system\View\View.php(213): CodeIgniter\View\View->CodeIgniter\View\{closure}()
#3 C:\wamp\www\statut\system\Common.php(1089): CodeIgniter\View\View->render('index', Array, true)
#4 C:\wamp\www\statut\app\Controllers\Index.php(37): view('index', Array)
#5 C:\wamp\www\statut\system\CodeIgniter.php(802): App\Controllers\Index->__construct()
#6 C:\wamp\www\statut\system\CodeIgniter.php(403): CodeIgniter\CodeIgniter->createController()
#7 C:\wamp\www\statut\system\CodeIgniter.php(320): CodeIgniter\CodeIgniter->handleRequest(NULL, Object(Config\Cache), false)
#8 C:\wamp\www\statut\public\index.php(37): CodeIgniter\CodeIgniter->run()
#9 C:\wamp\www\statut\system\Commands\Server\rewrite.php(43): require_once('C:\\wamp\\www\\sta...')
#10 {main}
CRITICAL - 2022-02-10 11:05:04 --> syntax error, unexpected token "elseif"
#0 C:\wamp\www\statut\system\View\View.php(213): CodeIgniter\View\View->CodeIgniter\View\{closure}()
#1 C:\wamp\www\statut\system\Common.php(1089): CodeIgniter\View\View->render('index', Array, true)
#2 C:\wamp\www\statut\app\Controllers\Index.php(37): view('index', Array)
#3 C:\wamp\www\statut\system\CodeIgniter.php(802): App\Controllers\Index->__construct()
#4 C:\wamp\www\statut\system\CodeIgniter.php(403): CodeIgniter\CodeIgniter->createController()
#5 C:\wamp\www\statut\system\CodeIgniter.php(320): CodeIgniter\CodeIgniter->handleRequest(NULL, Object(Config\Cache), false)
#6 C:\wamp\www\statut\public\index.php(37): CodeIgniter\CodeIgniter->run()
#7 C:\wamp\www\statut\system\Commands\Server\rewrite.php(43): require_once('C:\\wamp\\www\\sta...')
#8 {main}
CRITICAL - 2022-02-10 11:30:01 --> Array to string conversion
#0 C:\wamp\www\statut\app\Views\index.php(43): CodeIgniter\Debug\Exceptions->errorHandler(2, 'Array to string...', 'C:\\wamp\\www\\sta...', 43)
#1 C:\wamp\www\statut\system\View\View.php(210): include('C:\\wamp\\www\\sta...')
#2 C:\wamp\www\statut\system\View\View.php(213): CodeIgniter\View\View->CodeIgniter\View\{closure}()
#3 C:\wamp\www\statut\system\Common.php(1089): CodeIgniter\View\View->render('index', Array, true)
#4 C:\wamp\www\statut\app\Controllers\Index.php(37): view('index', Array)
#5 C:\wamp\www\statut\system\CodeIgniter.php(802): App\Controllers\Index->__construct()
#6 C:\wamp\www\statut\system\CodeIgniter.php(403): CodeIgniter\CodeIgniter->createController()
#7 C:\wamp\www\statut\system\CodeIgniter.php(320): CodeIgniter\CodeIgniter->handleRequest(NULL, Object(Config\Cache), false)
#8 C:\wamp\www\statut\public\index.php(37): CodeIgniter\CodeIgniter->run()
#9 C:\wamp\www\statut\system\Commands\Server\rewrite.php(43): require_once('C:\\wamp\\www\\sta...')
#10 {main}
