CRITICAL - 2022-02-04 09:22:28 --> Too few arguments to function App\Controllers\Category::delete(), 0 passed in C:\wamp\www\statut\system\CodeIgniter.php on line 825 and exactly 1 expected
#0 C:\wamp\www\statut\system\CodeIgniter.php(825): App\Controllers\Category->delete()
#1 C:\wamp\www\statut\system\CodeIgniter.php(412): CodeIgniter\CodeIgniter->runController(Object(App\Controllers\Category))
#2 C:\wamp\www\statut\system\CodeIgniter.php(320): CodeIgniter\CodeIgniter->handleRequest(NULL, Object(Config\Cache), false)
#3 C:\wamp\www\statut\public\index.php(37): CodeIgniter\CodeIgniter->run()
#4 C:\wamp\www\statut\system\Commands\Server\rewrite.php(43): require_once('C:\\wamp\\www\\sta...')
#5 {main}
CRITICAL - 2022-02-04 10:25:16 --> Call to a member function setFlashdata() on string
#0 C:\wamp\www\statut\system\CodeIgniter.php(825): App\Controllers\Users->delete()
#1 C:\wamp\www\statut\system\CodeIgniter.php(412): CodeIgniter\CodeIgniter->runController(Object(App\Controllers\Users))
#2 C:\wamp\www\statut\system\CodeIgniter.php(320): CodeIgniter\CodeIgniter->handleRequest(NULL, Object(Config\Cache), false)
#3 C:\wamp\www\statut\public\index.php(37): CodeIgniter\CodeIgniter->run()
#4 C:\wamp\www\statut\system\Commands\Server\rewrite.php(43): require_once('C:\\wamp\\www\\sta...')
#5 {main}
CRITICAL - 2022-02-04 10:25:40 --> Call to a member function setFlashdata() on string
#0 C:\wamp\www\statut\system\CodeIgniter.php(825): App\Controllers\Users->delete()
#1 C:\wamp\www\statut\system\CodeIgniter.php(412): CodeIgniter\CodeIgniter->runController(Object(App\Controllers\Users))
#2 C:\wamp\www\statut\system\CodeIgniter.php(320): CodeIgniter\CodeIgniter->handleRequest(NULL, Object(Config\Cache), false)
#3 C:\wamp\www\statut\public\index.php(37): CodeIgniter\CodeIgniter->run()
#4 C:\wamp\www\statut\system\Commands\Server\rewrite.php(43): require_once('C:\\wamp\\www\\sta...')
#5 {main}
CRITICAL - 2022-02-04 10:26:51 --> syntax error, unexpected token "endforeach", expecting "elseif" or "else" or "endif"
#0 C:\wamp\www\statut\system\View\View.php(213): CodeIgniter\View\View->CodeIgniter\View\{closure}()
#1 C:\wamp\www\statut\system\Common.php(1089): CodeIgniter\View\View->render('users', Array, true)
#2 C:\wamp\www\statut\app\Controllers\Users.php(21): view('users', Array)
#3 C:\wamp\www\statut\system\CodeIgniter.php(802): App\Controllers\Users->__construct()
#4 C:\wamp\www\statut\system\CodeIgniter.php(403): CodeIgniter\CodeIgniter->createController()
#5 C:\wamp\www\statut\system\CodeIgniter.php(320): CodeIgniter\CodeIgniter->handleRequest(NULL, Object(Config\Cache), false)
#6 C:\wamp\www\statut\public\index.php(37): CodeIgniter\CodeIgniter->run()
#7 C:\wamp\www\statut\system\Commands\Server\rewrite.php(43): require_once('C:\\wamp\\www\\sta...')
#8 {main}
CRITICAL - 2022-02-04 10:26:52 --> syntax error, unexpected token "endforeach", expecting "elseif" or "else" or "endif"
#0 C:\wamp\www\statut\system\View\View.php(213): CodeIgniter\View\View->CodeIgniter\View\{closure}()
#1 C:\wamp\www\statut\system\Common.php(1089): CodeIgniter\View\View->render('users', Array, true)
#2 C:\wamp\www\statut\app\Controllers\Users.php(21): view('users', Array)
#3 C:\wamp\www\statut\system\CodeIgniter.php(802): App\Controllers\Users->__construct()
#4 C:\wamp\www\statut\system\CodeIgniter.php(403): CodeIgniter\CodeIgniter->createController()
#5 C:\wamp\www\statut\system\CodeIgniter.php(320): CodeIgniter\CodeIgniter->handleRequest(NULL, Object(Config\Cache), false)
#6 C:\wamp\www\statut\public\index.php(37): CodeIgniter\CodeIgniter->run()
#7 C:\wamp\www\statut\system\Commands\Server\rewrite.php(43): require_once('C:\\wamp\\www\\sta...')
#8 {main}
CRITICAL - 2022-02-04 10:26:53 --> syntax error, unexpected token "endforeach", expecting "elseif" or "else" or "endif"
#0 C:\wamp\www\statut\system\View\View.php(213): CodeIgniter\View\View->CodeIgniter\View\{closure}()
#1 C:\wamp\www\statut\system\Common.php(1089): CodeIgniter\View\View->render('users', Array, true)
#2 C:\wamp\www\statut\app\Controllers\Users.php(21): view('users', Array)
#3 C:\wamp\www\statut\system\CodeIgniter.php(802): App\Controllers\Users->__construct()
#4 C:\wamp\www\statut\system\CodeIgniter.php(403): CodeIgniter\CodeIgniter->createController()
#5 C:\wamp\www\statut\system\CodeIgniter.php(320): CodeIgniter\CodeIgniter->handleRequest(NULL, Object(Config\Cache), false)
#6 C:\wamp\www\statut\public\index.php(37): CodeIgniter\CodeIgniter->run()
#7 C:\wamp\www\statut\system\Commands\Server\rewrite.php(43): require_once('C:\\wamp\\www\\sta...')
#8 {main}
CRITICAL - 2022-02-04 10:26:53 --> syntax error, unexpected token "endforeach", expecting "elseif" or "else" or "endif"
#0 C:\wamp\www\statut\system\View\View.php(213): CodeIgniter\View\View->CodeIgniter\View\{closure}()
#1 C:\wamp\www\statut\system\Common.php(1089): CodeIgniter\View\View->render('users', Array, true)
#2 C:\wamp\www\statut\app\Controllers\Users.php(21): view('users', Array)
#3 C:\wamp\www\statut\system\CodeIgniter.php(802): App\Controllers\Users->__construct()
#4 C:\wamp\www\statut\system\CodeIgniter.php(403): CodeIgniter\CodeIgniter->createController()
#5 C:\wamp\www\statut\system\CodeIgniter.php(320): CodeIgniter\CodeIgniter->handleRequest(NULL, Object(Config\Cache), false)
#6 C:\wamp\www\statut\public\index.php(37): CodeIgniter\CodeIgniter->run()
#7 C:\wamp\www\statut\system\Commands\Server\rewrite.php(43): require_once('C:\\wamp\\www\\sta...')
#8 {main}
CRITICAL - 2022-02-04 10:28:38 --> Call to a member function setFlashdata() on string
#0 C:\wamp\www\statut\system\CodeIgniter.php(825): App\Controllers\Users->delete()
#1 C:\wamp\www\statut\system\CodeIgniter.php(412): CodeIgniter\CodeIgniter->runController(Object(App\Controllers\Users))
#2 C:\wamp\www\statut\system\CodeIgniter.php(320): CodeIgniter\CodeIgniter->handleRequest(NULL, Object(Config\Cache), false)
#3 C:\wamp\www\statut\public\index.php(37): CodeIgniter\CodeIgniter->run()
#4 C:\wamp\www\statut\system\Commands\Server\rewrite.php(43): require_once('C:\\wamp\\www\\sta...')
#5 {main}
CRITICAL - 2022-02-04 10:28:58 --> Call to a member function setFlashdata() on string
#0 C:\wamp\www\statut\system\CodeIgniter.php(825): App\Controllers\Users->delete()
#1 C:\wamp\www\statut\system\CodeIgniter.php(412): CodeIgniter\CodeIgniter->runController(Object(App\Controllers\Users))
#2 C:\wamp\www\statut\system\CodeIgniter.php(320): CodeIgniter\CodeIgniter->handleRequest(NULL, Object(Config\Cache), false)
#3 C:\wamp\www\statut\public\index.php(37): CodeIgniter\CodeIgniter->run()
#4 C:\wamp\www\statut\system\Commands\Server\rewrite.php(43): require_once('C:\\wamp\\www\\sta...')
#5 {main}
CRITICAL - 2022-02-04 10:29:37 --> Call to a member function setFlashdata() on string
#0 C:\wamp\www\statut\system\CodeIgniter.php(825): App\Controllers\Users->delete()
#1 C:\wamp\www\statut\system\CodeIgniter.php(412): CodeIgniter\CodeIgniter->runController(Object(App\Controllers\Users))
#2 C:\wamp\www\statut\system\CodeIgniter.php(320): CodeIgniter\CodeIgniter->handleRequest(NULL, Object(Config\Cache), false)
#3 C:\wamp\www\statut\public\index.php(37): CodeIgniter\CodeIgniter->run()
#4 C:\wamp\www\statut\system\Commands\Server\rewrite.php(43): require_once('C:\\wamp\\www\\sta...')
#5 {main}
CRITICAL - 2022-02-04 10:30:06 --> Call to a member function setFlashdata() on string
#0 C:\wamp\www\statut\system\CodeIgniter.php(825): App\Controllers\Users->delete()
#1 C:\wamp\www\statut\system\CodeIgniter.php(412): CodeIgniter\CodeIgniter->runController(Object(App\Controllers\Users))
#2 C:\wamp\www\statut\system\CodeIgniter.php(320): CodeIgniter\CodeIgniter->handleRequest(NULL, Object(Config\Cache), false)
#3 C:\wamp\www\statut\public\index.php(37): CodeIgniter\CodeIgniter->run()
#4 C:\wamp\www\statut\system\Commands\Server\rewrite.php(43): require_once('C:\\wamp\\www\\sta...')
#5 {main}
