CRITICAL - 2022-02-03 04:56:19 --> Undefined variable $user
#0 C:\wamp\www\statut\app\Views\edit_user.php(21): CodeIgniter\Debug\Exceptions->errorHandler(2, 'Undefined varia...', 'C:\\wamp\\www\\sta...', 21)
#1 C:\wamp\www\statut\system\View\View.php(210): include('C:\\wamp\\www\\sta...')
#2 C:\wamp\www\statut\system\View\View.php(213): CodeIgniter\View\View->CodeIgniter\View\{closure}()
#3 C:\wamp\www\statut\system\Common.php(1089): CodeIgniter\View\View->render('edit_user', Array, true)
#4 C:\wamp\www\statut\app\Controllers\Users.php(85): view('edit_user', Array)
#5 C:\wamp\www\statut\system\CodeIgniter.php(825): App\Controllers\Users->editUser('2')
#6 C:\wamp\www\statut\system\CodeIgniter.php(412): CodeIgniter\CodeIgniter->runController(Object(App\Controllers\Users))
#7 C:\wamp\www\statut\system\CodeIgniter.php(320): CodeIgniter\CodeIgniter->handleRequest(NULL, Object(Config\Cache), false)
#8 C:\wamp\www\statut\public\index.php(37): CodeIgniter\CodeIgniter->run()
#9 C:\wamp\www\statut\system\Commands\Server\rewrite.php(43): require_once('C:\\wamp\\www\\sta...')
#10 {main}
CRITICAL - 2022-02-03 05:01:03 --> Undefined variable $user
#0 C:\wamp\www\statut\app\Views\edit_user.php(21): CodeIgniter\Debug\Exceptions->errorHandler(2, 'Undefined varia...', 'C:\\wamp\\www\\sta...', 21)
#1 C:\wamp\www\statut\system\View\View.php(210): include('C:\\wamp\\www\\sta...')
#2 C:\wamp\www\statut\system\View\View.php(213): CodeIgniter\View\View->CodeIgniter\View\{closure}()
#3 C:\wamp\www\statut\system\Common.php(1089): CodeIgniter\View\View->render('edit_user', Array, true)
#4 C:\wamp\www\statut\app\Controllers\Users.php(60): view('edit_user', Array)
#5 C:\wamp\www\statut\system\CodeIgniter.php(825): App\Controllers\Users->dataUser('2')
#6 C:\wamp\www\statut\system\CodeIgniter.php(412): CodeIgniter\CodeIgniter->runController(Object(App\Controllers\Users))
#7 C:\wamp\www\statut\system\CodeIgniter.php(320): CodeIgniter\CodeIgniter->handleRequest(NULL, Object(Config\Cache), false)
#8 C:\wamp\www\statut\public\index.php(37): CodeIgniter\CodeIgniter->run()
#9 C:\wamp\www\statut\system\Commands\Server\rewrite.php(43): require_once('C:\\wamp\\www\\sta...')
#10 {main}
CRITICAL - 2022-02-03 05:02:01 --> Undefined variable $user
#0 C:\wamp\www\statut\app\Views\edit_user.php(21): CodeIgniter\Debug\Exceptions->errorHandler(2, 'Undefined varia...', 'C:\\wamp\\www\\sta...', 21)
#1 C:\wamp\www\statut\system\View\View.php(210): include('C:\\wamp\\www\\sta...')
#2 C:\wamp\www\statut\system\View\View.php(213): CodeIgniter\View\View->CodeIgniter\View\{closure}()
#3 C:\wamp\www\statut\system\Common.php(1089): CodeIgniter\View\View->render('edit_user', Array, true)
#4 C:\wamp\www\statut\app\Controllers\Users.php(60): view('edit_user', Array)
#5 C:\wamp\www\statut\system\CodeIgniter.php(825): App\Controllers\Users->dataUser('2')
#6 C:\wamp\www\statut\system\CodeIgniter.php(412): CodeIgniter\CodeIgniter->runController(Object(App\Controllers\Users))
#7 C:\wamp\www\statut\system\CodeIgniter.php(320): CodeIgniter\CodeIgniter->handleRequest(NULL, Object(Config\Cache), false)
#8 C:\wamp\www\statut\public\index.php(37): CodeIgniter\CodeIgniter->run()
#9 C:\wamp\www\statut\system\Commands\Server\rewrite.php(43): require_once('C:\\wamp\\www\\sta...')
#10 {main}
CRITICAL - 2022-02-03 05:09:18 --> Undefined variable $user
#0 C:\wamp\www\statut\app\Views\edit_user.php(21): CodeIgniter\Debug\Exceptions->errorHandler(2, 'Undefined varia...', 'C:\\wamp\\www\\sta...', 21)
#1 C:\wamp\www\statut\system\View\View.php(210): include('C:\\wamp\\www\\sta...')
#2 C:\wamp\www\statut\system\View\View.php(213): CodeIgniter\View\View->CodeIgniter\View\{closure}()
#3 C:\wamp\www\statut\system\Common.php(1089): CodeIgniter\View\View->render('edit_user', Array, true)
#4 C:\wamp\www\statut\app\Controllers\Users.php(60): view('edit_user', Array)
#5 C:\wamp\www\statut\system\CodeIgniter.php(825): App\Controllers\Users->dataUser('2')
#6 C:\wamp\www\statut\system\CodeIgniter.php(412): CodeIgniter\CodeIgniter->runController(Object(App\Controllers\Users))
#7 C:\wamp\www\statut\system\CodeIgniter.php(320): CodeIgniter\CodeIgniter->handleRequest(NULL, Object(Config\Cache), false)
#8 C:\wamp\www\statut\public\index.php(37): CodeIgniter\CodeIgniter->run()
#9 C:\wamp\www\statut\system\Commands\Server\rewrite.php(43): require_once('C:\\wamp\\www\\sta...')
#10 {main}
CRITICAL - 2022-02-03 05:10:40 --> Undefined variable $user
#0 C:\wamp\www\statut\app\Views\edit_user.php(21): CodeIgniter\Debug\Exceptions->errorHandler(2, 'Undefined varia...', 'C:\\wamp\\www\\sta...', 21)
#1 C:\wamp\www\statut\system\View\View.php(210): include('C:\\wamp\\www\\sta...')
#2 C:\wamp\www\statut\system\View\View.php(213): CodeIgniter\View\View->CodeIgniter\View\{closure}()
#3 C:\wamp\www\statut\system\Common.php(1089): CodeIgniter\View\View->render('edit_user', Array, true)
#4 C:\wamp\www\statut\app\Controllers\Users.php(60): view('edit_user', Array)
#5 C:\wamp\www\statut\system\CodeIgniter.php(825): App\Controllers\Users->dataUser('2')
#6 C:\wamp\www\statut\system\CodeIgniter.php(412): CodeIgniter\CodeIgniter->runController(Object(App\Controllers\Users))
#7 C:\wamp\www\statut\system\CodeIgniter.php(320): CodeIgniter\CodeIgniter->handleRequest(NULL, Object(Config\Cache), false)
#8 C:\wamp\www\statut\public\index.php(37): CodeIgniter\CodeIgniter->run()
#9 C:\wamp\www\statut\system\Commands\Server\rewrite.php(43): require_once('C:\\wamp\\www\\sta...')
#10 {main}
CRITICAL - 2022-02-03 05:11:56 --> Undefined variable $user
#0 C:\wamp\www\statut\app\Views\edit_user.php(22): CodeIgniter\Debug\Exceptions->errorHandler(2, 'Undefined varia...', 'C:\\wamp\\www\\sta...', 22)
#1 C:\wamp\www\statut\system\View\View.php(210): include('C:\\wamp\\www\\sta...')
#2 C:\wamp\www\statut\system\View\View.php(213): CodeIgniter\View\View->CodeIgniter\View\{closure}()
#3 C:\wamp\www\statut\system\Common.php(1089): CodeIgniter\View\View->render('edit_user', Array, true)
#4 C:\wamp\www\statut\app\Controllers\Users.php(60): view('edit_user', Array)
#5 C:\wamp\www\statut\system\CodeIgniter.php(825): App\Controllers\Users->dataUser('2')
#6 C:\wamp\www\statut\system\CodeIgniter.php(412): CodeIgniter\CodeIgniter->runController(Object(App\Controllers\Users))
#7 C:\wamp\www\statut\system\CodeIgniter.php(320): CodeIgniter\CodeIgniter->handleRequest(NULL, Object(Config\Cache), false)
#8 C:\wamp\www\statut\public\index.php(37): CodeIgniter\CodeIgniter->run()
#9 C:\wamp\www\statut\system\Commands\Server\rewrite.php(43): require_once('C:\\wamp\\www\\sta...')
#10 {main}
CRITICAL - 2022-02-03 05:11:57 --> Undefined variable $user
#0 C:\wamp\www\statut\app\Views\edit_user.php(22): CodeIgniter\Debug\Exceptions->errorHandler(2, 'Undefined varia...', 'C:\\wamp\\www\\sta...', 22)
#1 C:\wamp\www\statut\system\View\View.php(210): include('C:\\wamp\\www\\sta...')
#2 C:\wamp\www\statut\system\View\View.php(213): CodeIgniter\View\View->CodeIgniter\View\{closure}()
#3 C:\wamp\www\statut\system\Common.php(1089): CodeIgniter\View\View->render('edit_user', Array, true)
#4 C:\wamp\www\statut\app\Controllers\Users.php(60): view('edit_user', Array)
#5 C:\wamp\www\statut\system\CodeIgniter.php(825): App\Controllers\Users->dataUser('2')
#6 C:\wamp\www\statut\system\CodeIgniter.php(412): CodeIgniter\CodeIgniter->runController(Object(App\Controllers\Users))
#7 C:\wamp\www\statut\system\CodeIgniter.php(320): CodeIgniter\CodeIgniter->handleRequest(NULL, Object(Config\Cache), false)
#8 C:\wamp\www\statut\public\index.php(37): CodeIgniter\CodeIgniter->run()
#9 C:\wamp\www\statut\system\Commands\Server\rewrite.php(43): require_once('C:\\wamp\\www\\sta...')
#10 {main}
CRITICAL - 2022-02-03 05:12:48 --> Undefined variable $logins
#0 C:\wamp\www\statut\app\Views\users.php(47): CodeIgniter\Debug\Exceptions->errorHandler(2, 'Undefined varia...', 'C:\\wamp\\www\\sta...', 47)
#1 C:\wamp\www\statut\system\View\View.php(210): include('C:\\wamp\\www\\sta...')
#2 C:\wamp\www\statut\system\View\View.php(213): CodeIgniter\View\View->CodeIgniter\View\{closure}()
#3 C:\wamp\www\statut\system\Common.php(1089): CodeIgniter\View\View->render('users', Array, true)
#4 C:\wamp\www\statut\app\Controllers\Users.php(20): view('users', Array)
#5 C:\wamp\www\statut\system\CodeIgniter.php(802): App\Controllers\Users->__construct()
#6 C:\wamp\www\statut\system\CodeIgniter.php(403): CodeIgniter\CodeIgniter->createController()
#7 C:\wamp\www\statut\system\CodeIgniter.php(320): CodeIgniter\CodeIgniter->handleRequest(NULL, Object(Config\Cache), false)
#8 C:\wamp\www\statut\public\index.php(37): CodeIgniter\CodeIgniter->run()
#9 C:\wamp\www\statut\system\Commands\Server\rewrite.php(43): require_once('C:\\wamp\\www\\sta...')
#10 {main}
CRITICAL - 2022-02-03 05:13:19 --> Undefined variable $user
#0 C:\wamp\www\statut\app\Views\edit_user.php(21): CodeIgniter\Debug\Exceptions->errorHandler(2, 'Undefined varia...', 'C:\\wamp\\www\\sta...', 21)
#1 C:\wamp\www\statut\system\View\View.php(210): include('C:\\wamp\\www\\sta...')
#2 C:\wamp\www\statut\system\View\View.php(213): CodeIgniter\View\View->CodeIgniter\View\{closure}()
#3 C:\wamp\www\statut\system\Common.php(1089): CodeIgniter\View\View->render('edit_user', Array, true)
#4 C:\wamp\www\statut\app\Controllers\Users.php(60): view('edit_user', Array)
#5 C:\wamp\www\statut\system\CodeIgniter.php(825): App\Controllers\Users->dataUser('1')
#6 C:\wamp\www\statut\system\CodeIgniter.php(412): CodeIgniter\CodeIgniter->runController(Object(App\Controllers\Users))
#7 C:\wamp\www\statut\system\CodeIgniter.php(320): CodeIgniter\CodeIgniter->handleRequest(NULL, Object(Config\Cache), false)
#8 C:\wamp\www\statut\public\index.php(37): CodeIgniter\CodeIgniter->run()
#9 C:\wamp\www\statut\system\Commands\Server\rewrite.php(43): require_once('C:\\wamp\\www\\sta...')
#10 {main}
CRITICAL - 2022-02-03 05:14:42 --> Undefined array key "id"
#0 C:\wamp\www\statut\app\Views\edit_user.php(21): CodeIgniter\Debug\Exceptions->errorHandler(2, 'Undefined array...', 'C:\\wamp\\www\\sta...', 21)
#1 C:\wamp\www\statut\system\View\View.php(210): include('C:\\wamp\\www\\sta...')
#2 C:\wamp\www\statut\system\View\View.php(213): CodeIgniter\View\View->CodeIgniter\View\{closure}()
#3 C:\wamp\www\statut\system\Common.php(1089): CodeIgniter\View\View->render('edit_user', Array, true)
#4 C:\wamp\www\statut\app\Controllers\Users.php(60): view('edit_user', Array)
#5 C:\wamp\www\statut\system\CodeIgniter.php(825): App\Controllers\Users->dataUser('1')
#6 C:\wamp\www\statut\system\CodeIgniter.php(412): CodeIgniter\CodeIgniter->runController(Object(App\Controllers\Users))
#7 C:\wamp\www\statut\system\CodeIgniter.php(320): CodeIgniter\CodeIgniter->handleRequest(NULL, Object(Config\Cache), false)
#8 C:\wamp\www\statut\public\index.php(37): CodeIgniter\CodeIgniter->run()
#9 C:\wamp\www\statut\system\Commands\Server\rewrite.php(43): require_once('C:\\wamp\\www\\sta...')
#10 {main}
CRITICAL - 2022-02-03 05:15:04 --> Undefined array key "email"
#0 C:\wamp\www\statut\app\Views\edit_user.php(25): CodeIgniter\Debug\Exceptions->errorHandler(2, 'Undefined array...', 'C:\\wamp\\www\\sta...', 25)
#1 C:\wamp\www\statut\system\View\View.php(210): include('C:\\wamp\\www\\sta...')
#2 C:\wamp\www\statut\system\View\View.php(213): CodeIgniter\View\View->CodeIgniter\View\{closure}()
#3 C:\wamp\www\statut\system\Common.php(1089): CodeIgniter\View\View->render('edit_user', Array, true)
#4 C:\wamp\www\statut\app\Controllers\Users.php(60): view('edit_user', Array)
#5 C:\wamp\www\statut\system\CodeIgniter.php(825): App\Controllers\Users->dataUser('1')
#6 C:\wamp\www\statut\system\CodeIgniter.php(412): CodeIgniter\CodeIgniter->runController(Object(App\Controllers\Users))
#7 C:\wamp\www\statut\system\CodeIgniter.php(320): CodeIgniter\CodeIgniter->handleRequest(NULL, Object(Config\Cache), false)
#8 C:\wamp\www\statut\public\index.php(37): CodeIgniter\CodeIgniter->run()
#9 C:\wamp\www\statut\system\Commands\Server\rewrite.php(43): require_once('C:\\wamp\\www\\sta...')
#10 {main}
CRITICAL - 2022-02-03 05:16:48 --> Undefined variable $user
#0 C:\wamp\www\statut\app\Views\edit_user.php(21): CodeIgniter\Debug\Exceptions->errorHandler(2, 'Undefined varia...', 'C:\\wamp\\www\\sta...', 21)
#1 C:\wamp\www\statut\system\View\View.php(210): include('C:\\wamp\\www\\sta...')
#2 C:\wamp\www\statut\system\View\View.php(213): CodeIgniter\View\View->CodeIgniter\View\{closure}()
#3 C:\wamp\www\statut\system\Common.php(1089): CodeIgniter\View\View->render('edit_user', Array, true)
#4 C:\wamp\www\statut\app\Controllers\Users.php(60): view('edit_user', Array)
#5 C:\wamp\www\statut\system\CodeIgniter.php(825): App\Controllers\Users->dataUser('2')
#6 C:\wamp\www\statut\system\CodeIgniter.php(412): CodeIgniter\CodeIgniter->runController(Object(App\Controllers\Users))
#7 C:\wamp\www\statut\system\CodeIgniter.php(320): CodeIgniter\CodeIgniter->handleRequest(NULL, Object(Config\Cache), false)
#8 C:\wamp\www\statut\public\index.php(37): CodeIgniter\CodeIgniter->run()
#9 C:\wamp\www\statut\system\Commands\Server\rewrite.php(43): require_once('C:\\wamp\\www\\sta...')
#10 {main}
CRITICAL - 2022-02-03 05:17:55 --> Undefined variable $user
#0 C:\wamp\www\statut\app\Views\edit_user.php(27): CodeIgniter\Debug\Exceptions->errorHandler(2, 'Undefined varia...', 'C:\\wamp\\www\\sta...', 27)
#1 C:\wamp\www\statut\system\View\View.php(210): include('C:\\wamp\\www\\sta...')
#2 C:\wamp\www\statut\system\View\View.php(213): CodeIgniter\View\View->CodeIgniter\View\{closure}()
#3 C:\wamp\www\statut\system\Common.php(1089): CodeIgniter\View\View->render('edit_user', Array, true)
#4 C:\wamp\www\statut\app\Controllers\Users.php(60): view('edit_user', Array)
#5 C:\wamp\www\statut\system\CodeIgniter.php(825): App\Controllers\Users->dataUser('2')
#6 C:\wamp\www\statut\system\CodeIgniter.php(412): CodeIgniter\CodeIgniter->runController(Object(App\Controllers\Users))
#7 C:\wamp\www\statut\system\CodeIgniter.php(320): CodeIgniter\CodeIgniter->handleRequest(NULL, Object(Config\Cache), false)
#8 C:\wamp\www\statut\public\index.php(37): CodeIgniter\CodeIgniter->run()
#9 C:\wamp\www\statut\system\Commands\Server\rewrite.php(43): require_once('C:\\wamp\\www\\sta...')
#10 {main}
CRITICAL - 2022-02-03 05:18:30 --> Undefined variable $user
#0 C:\wamp\www\statut\app\Views\edit_user.php(31): CodeIgniter\Debug\Exceptions->errorHandler(2, 'Undefined varia...', 'C:\\wamp\\www\\sta...', 31)
#1 C:\wamp\www\statut\system\View\View.php(210): include('C:\\wamp\\www\\sta...')
#2 C:\wamp\www\statut\system\View\View.php(213): CodeIgniter\View\View->CodeIgniter\View\{closure}()
#3 C:\wamp\www\statut\system\Common.php(1089): CodeIgniter\View\View->render('edit_user', Array, true)
#4 C:\wamp\www\statut\app\Controllers\Users.php(60): view('edit_user', Array)
#5 C:\wamp\www\statut\system\CodeIgniter.php(825): App\Controllers\Users->dataUser('2')
#6 C:\wamp\www\statut\system\CodeIgniter.php(412): CodeIgniter\CodeIgniter->runController(Object(App\Controllers\Users))
#7 C:\wamp\www\statut\system\CodeIgniter.php(320): CodeIgniter\CodeIgniter->handleRequest(NULL, Object(Config\Cache), false)
#8 C:\wamp\www\statut\public\index.php(37): CodeIgniter\CodeIgniter->run()
#9 C:\wamp\www\statut\system\Commands\Server\rewrite.php(43): require_once('C:\\wamp\\www\\sta...')
#10 {main}
CRITICAL - 2022-02-03 05:22:50 --> Invalid file: editUser.php
#0 C:\wamp\www\statut\system\View\View.php(198): CodeIgniter\Exceptions\FrameworkException::forInvalidFile('editUser.php')
#1 C:\wamp\www\statut\system\Common.php(1089): CodeIgniter\View\View->render('editUser', Array, true)
#2 C:\wamp\www\statut\app\Controllers\Users.php(85): view('editUser', Array)
#3 C:\wamp\www\statut\system\CodeIgniter.php(825): App\Controllers\Users->editUser()
#4 C:\wamp\www\statut\system\CodeIgniter.php(412): CodeIgniter\CodeIgniter->runController(Object(App\Controllers\Users))
#5 C:\wamp\www\statut\system\CodeIgniter.php(320): CodeIgniter\CodeIgniter->handleRequest(NULL, Object(Config\Cache), false)
#6 C:\wamp\www\statut\public\index.php(37): CodeIgniter\CodeIgniter->run()
#7 C:\wamp\www\statut\system\Commands\Server\rewrite.php(43): require_once('C:\\wamp\\www\\sta...')
#8 {main}
CRITICAL - 2022-02-03 05:25:53 --> Invalid file: editUser.php
#0 C:\wamp\www\statut\system\View\View.php(198): CodeIgniter\Exceptions\FrameworkException::forInvalidFile('editUser.php')
#1 C:\wamp\www\statut\system\Common.php(1089): CodeIgniter\View\View->render('editUser', Array, true)
#2 C:\wamp\www\statut\app\Controllers\Users.php(85): view('editUser', Array)
#3 C:\wamp\www\statut\system\CodeIgniter.php(825): App\Controllers\Users->editUser()
#4 C:\wamp\www\statut\system\CodeIgniter.php(412): CodeIgniter\CodeIgniter->runController(Object(App\Controllers\Users))
#5 C:\wamp\www\statut\system\CodeIgniter.php(320): CodeIgniter\CodeIgniter->handleRequest(NULL, Object(Config\Cache), false)
#6 C:\wamp\www\statut\public\index.php(37): CodeIgniter\CodeIgniter->run()
#7 C:\wamp\www\statut\system\Commands\Server\rewrite.php(43): require_once('C:\\wamp\\www\\sta...')
#8 {main}
CRITICAL - 2022-02-03 05:26:50 --> Undefined variable $login
#0 C:\wamp\www\statut\app\Views\edit_user.php(27): CodeIgniter\Debug\Exceptions->errorHandler(2, 'Undefined varia...', 'C:\\wamp\\www\\sta...', 27)
#1 C:\wamp\www\statut\system\View\View.php(210): include('C:\\wamp\\www\\sta...')
#2 C:\wamp\www\statut\system\View\View.php(213): CodeIgniter\View\View->CodeIgniter\View\{closure}()
#3 C:\wamp\www\statut\system\Common.php(1089): CodeIgniter\View\View->render('edit_user', Array, true)
#4 C:\wamp\www\statut\app\Controllers\Users.php(85): view('edit_user', Array)
#5 C:\wamp\www\statut\system\CodeIgniter.php(825): App\Controllers\Users->editUser()
#6 C:\wamp\www\statut\system\CodeIgniter.php(412): CodeIgniter\CodeIgniter->runController(Object(App\Controllers\Users))
#7 C:\wamp\www\statut\system\CodeIgniter.php(320): CodeIgniter\CodeIgniter->handleRequest(NULL, Object(Config\Cache), false)
#8 C:\wamp\www\statut\public\index.php(37): CodeIgniter\CodeIgniter->run()
#9 C:\wamp\www\statut\system\Commands\Server\rewrite.php(43): require_once('C:\\wamp\\www\\sta...')
#10 {main}
CRITICAL - 2022-02-03 05:27:18 --> Undefined variable $login
#0 C:\wamp\www\statut\app\Views\edit_user.php(27): CodeIgniter\Debug\Exceptions->errorHandler(2, 'Undefined varia...', 'C:\\wamp\\www\\sta...', 27)
#1 C:\wamp\www\statut\system\View\View.php(210): include('C:\\wamp\\www\\sta...')
#2 C:\wamp\www\statut\system\View\View.php(213): CodeIgniter\View\View->CodeIgniter\View\{closure}()
#3 C:\wamp\www\statut\system\Common.php(1089): CodeIgniter\View\View->render('edit_user', Array, true)
#4 C:\wamp\www\statut\app\Controllers\Users.php(85): view('edit_user', Array)
#5 C:\wamp\www\statut\system\CodeIgniter.php(825): App\Controllers\Users->editUser()
#6 C:\wamp\www\statut\system\CodeIgniter.php(412): CodeIgniter\CodeIgniter->runController(Object(App\Controllers\Users))
#7 C:\wamp\www\statut\system\CodeIgniter.php(320): CodeIgniter\CodeIgniter->handleRequest(NULL, Object(Config\Cache), false)
#8 C:\wamp\www\statut\public\index.php(37): CodeIgniter\CodeIgniter->run()
#9 C:\wamp\www\statut\system\Commands\Server\rewrite.php(43): require_once('C:\\wamp\\www\\sta...')
#10 {main}
CRITICAL - 2022-02-03 05:49:39 --> Undefined variable $row
#0 C:\wamp\www\statut\app\Views\users.php(55): CodeIgniter\Debug\Exceptions->errorHandler(2, 'Undefined varia...', 'C:\\wamp\\www\\sta...', 55)
#1 C:\wamp\www\statut\system\View\View.php(210): include('C:\\wamp\\www\\sta...')
#2 C:\wamp\www\statut\system\View\View.php(213): CodeIgniter\View\View->CodeIgniter\View\{closure}()
#3 C:\wamp\www\statut\system\Common.php(1089): CodeIgniter\View\View->render('users', Array, true)
#4 C:\wamp\www\statut\app\Controllers\Users.php(20): view('users', Array)
#5 C:\wamp\www\statut\system\CodeIgniter.php(802): App\Controllers\Users->__construct()
#6 C:\wamp\www\statut\system\CodeIgniter.php(403): CodeIgniter\CodeIgniter->createController()
#7 C:\wamp\www\statut\system\CodeIgniter.php(320): CodeIgniter\CodeIgniter->handleRequest(NULL, Object(Config\Cache), false)
#8 C:\wamp\www\statut\public\index.php(37): CodeIgniter\CodeIgniter->run()
#9 C:\wamp\www\statut\system\Commands\Server\rewrite.php(43): require_once('C:\\wamp\\www\\sta...')
#10 {main}
CRITICAL - 2022-02-03 06:04:03 --> Invalid file: users/edit.php
#0 C:\wamp\www\statut\system\View\View.php(198): CodeIgniter\Exceptions\FrameworkException::forInvalidFile('users/edit.php')
#1 C:\wamp\www\statut\system\Common.php(1089): CodeIgniter\View\View->render('users/edit', Array, true)
#2 C:\wamp\www\statut\app\Controllers\Users.php(65): view('users/edit', Array)
#3 C:\wamp\www\statut\system\CodeIgniter.php(825): App\Controllers\Users->edit('2')
#4 C:\wamp\www\statut\system\CodeIgniter.php(412): CodeIgniter\CodeIgniter->runController(Object(App\Controllers\Users))
#5 C:\wamp\www\statut\system\CodeIgniter.php(320): CodeIgniter\CodeIgniter->handleRequest(NULL, Object(Config\Cache), false)
#6 C:\wamp\www\statut\public\index.php(37): CodeIgniter\CodeIgniter->run()
#7 C:\wamp\www\statut\system\Commands\Server\rewrite.php(43): require_once('C:\\wamp\\www\\sta...')
#8 {main}
CRITICAL - 2022-02-03 06:15:02 --> Undefined variable $login
#0 C:\wamp\www\statut\app\Views\modal.php(18): CodeIgniter\Debug\Exceptions->errorHandler(2, 'Undefined varia...', 'C:\\wamp\\www\\sta...', 18)
#1 C:\wamp\www\statut\app\Views\users.php(102): require('C:\\wamp\\www\\sta...')
#2 C:\wamp\www\statut\system\View\View.php(210): include('C:\\wamp\\www\\sta...')
#3 C:\wamp\www\statut\system\View\View.php(213): CodeIgniter\View\View->CodeIgniter\View\{closure}()
#4 C:\wamp\www\statut\system\Common.php(1089): CodeIgniter\View\View->render('users', Array, true)
#5 C:\wamp\www\statut\app\Controllers\Users.php(20): view('users', Array)
#6 C:\wamp\www\statut\system\CodeIgniter.php(802): App\Controllers\Users->__construct()
#7 C:\wamp\www\statut\system\CodeIgniter.php(403): CodeIgniter\CodeIgniter->createController()
#8 C:\wamp\www\statut\system\CodeIgniter.php(320): CodeIgniter\CodeIgniter->handleRequest(NULL, Object(Config\Cache), false)
#9 C:\wamp\www\statut\public\index.php(37): CodeIgniter\CodeIgniter->run()
#10 C:\wamp\www\statut\system\Commands\Server\rewrite.php(43): require_once('C:\\wamp\\www\\sta...')
#11 {main}
CRITICAL - 2022-02-03 07:08:54 --> Array to string conversion
#0 C:\wamp\www\statut\app\Views\users.php(70): CodeIgniter\Debug\Exceptions->errorHandler(2, 'Array to string...', 'C:\\wamp\\www\\sta...', 70)
#1 C:\wamp\www\statut\system\View\View.php(210): include('C:\\wamp\\www\\sta...')
#2 C:\wamp\www\statut\system\View\View.php(213): CodeIgniter\View\View->CodeIgniter\View\{closure}()
#3 C:\wamp\www\statut\system\Common.php(1089): CodeIgniter\View\View->render('users', Array, true)
#4 C:\wamp\www\statut\app\Controllers\Users.php(20): view('users', Array)
#5 C:\wamp\www\statut\system\CodeIgniter.php(802): App\Controllers\Users->__construct()
#6 C:\wamp\www\statut\system\CodeIgniter.php(403): CodeIgniter\CodeIgniter->createController()
#7 C:\wamp\www\statut\system\CodeIgniter.php(320): CodeIgniter\CodeIgniter->handleRequest(NULL, Object(Config\Cache), false)
#8 C:\wamp\www\statut\public\index.php(37): CodeIgniter\CodeIgniter->run()
#9 C:\wamp\www\statut\system\Commands\Server\rewrite.php(43): require_once('C:\\wamp\\www\\sta...')
#10 {main}
CRITICAL - 2022-02-03 07:29:41 --> Array to string conversion
#0 C:\wamp\www\statut\app\Views\users.php(52): CodeIgniter\Debug\Exceptions->errorHandler(2, 'Array to string...', 'C:\\wamp\\www\\sta...', 52)
#1 C:\wamp\www\statut\system\View\View.php(210): include('C:\\wamp\\www\\sta...')
#2 C:\wamp\www\statut\system\View\View.php(213): CodeIgniter\View\View->CodeIgniter\View\{closure}()
#3 C:\wamp\www\statut\system\Common.php(1089): CodeIgniter\View\View->render('users', Array, true)
#4 C:\wamp\www\statut\app\Controllers\Users.php(20): view('users', Array)
#5 C:\wamp\www\statut\system\CodeIgniter.php(802): App\Controllers\Users->__construct()
#6 C:\wamp\www\statut\system\CodeIgniter.php(403): CodeIgniter\CodeIgniter->createController()
#7 C:\wamp\www\statut\system\CodeIgniter.php(320): CodeIgniter\CodeIgniter->handleRequest(NULL, Object(Config\Cache), false)
#8 C:\wamp\www\statut\public\index.php(37): CodeIgniter\CodeIgniter->run()
#9 C:\wamp\www\statut\system\Commands\Server\rewrite.php(43): require_once('C:\\wamp\\www\\sta...')
#10 {main}
CRITICAL - 2022-02-03 07:30:57 --> Array to string conversion
#0 C:\wamp\www\statut\app\Views\users.php(52): CodeIgniter\Debug\Exceptions->errorHandler(2, 'Array to string...', 'C:\\wamp\\www\\sta...', 52)
#1 C:\wamp\www\statut\system\View\View.php(210): include('C:\\wamp\\www\\sta...')
#2 C:\wamp\www\statut\system\View\View.php(213): CodeIgniter\View\View->CodeIgniter\View\{closure}()
#3 C:\wamp\www\statut\system\Common.php(1089): CodeIgniter\View\View->render('users', Array, true)
#4 C:\wamp\www\statut\app\Controllers\Users.php(20): view('users', Array)
#5 C:\wamp\www\statut\system\CodeIgniter.php(802): App\Controllers\Users->__construct()
#6 C:\wamp\www\statut\system\CodeIgniter.php(403): CodeIgniter\CodeIgniter->createController()
#7 C:\wamp\www\statut\system\CodeIgniter.php(320): CodeIgniter\CodeIgniter->handleRequest(NULL, Object(Config\Cache), false)
#8 C:\wamp\www\statut\public\index.php(37): CodeIgniter\CodeIgniter->run()
#9 C:\wamp\www\statut\system\Commands\Server\rewrite.php(43): require_once('C:\\wamp\\www\\sta...')
#10 {main}
CRITICAL - 2022-02-03 07:30:57 --> Array to string conversion
#0 C:\wamp\www\statut\app\Views\users.php(52): CodeIgniter\Debug\Exceptions->errorHandler(2, 'Array to string...', 'C:\\wamp\\www\\sta...', 52)
#1 C:\wamp\www\statut\system\View\View.php(210): include('C:\\wamp\\www\\sta...')
#2 C:\wamp\www\statut\system\View\View.php(213): CodeIgniter\View\View->CodeIgniter\View\{closure}()
#3 C:\wamp\www\statut\system\Common.php(1089): CodeIgniter\View\View->render('users', Array, true)
#4 C:\wamp\www\statut\app\Controllers\Users.php(20): view('users', Array)
#5 C:\wamp\www\statut\system\CodeIgniter.php(802): App\Controllers\Users->__construct()
#6 C:\wamp\www\statut\system\CodeIgniter.php(403): CodeIgniter\CodeIgniter->createController()
#7 C:\wamp\www\statut\system\CodeIgniter.php(320): CodeIgniter\CodeIgniter->handleRequest(NULL, Object(Config\Cache), false)
#8 C:\wamp\www\statut\public\index.php(37): CodeIgniter\CodeIgniter->run()
#9 C:\wamp\www\statut\system\Commands\Server\rewrite.php(43): require_once('C:\\wamp\\www\\sta...')
#10 {main}
CRITICAL - 2022-02-03 07:30:57 --> Array to string conversion
#0 C:\wamp\www\statut\app\Views\users.php(52): CodeIgniter\Debug\Exceptions->errorHandler(2, 'Array to string...', 'C:\\wamp\\www\\sta...', 52)
#1 C:\wamp\www\statut\system\View\View.php(210): include('C:\\wamp\\www\\sta...')
#2 C:\wamp\www\statut\system\View\View.php(213): CodeIgniter\View\View->CodeIgniter\View\{closure}()
#3 C:\wamp\www\statut\system\Common.php(1089): CodeIgniter\View\View->render('users', Array, true)
#4 C:\wamp\www\statut\app\Controllers\Users.php(20): view('users', Array)
#5 C:\wamp\www\statut\system\CodeIgniter.php(802): App\Controllers\Users->__construct()
#6 C:\wamp\www\statut\system\CodeIgniter.php(403): CodeIgniter\CodeIgniter->createController()
#7 C:\wamp\www\statut\system\CodeIgniter.php(320): CodeIgniter\CodeIgniter->handleRequest(NULL, Object(Config\Cache), false)
#8 C:\wamp\www\statut\public\index.php(37): CodeIgniter\CodeIgniter->run()
#9 C:\wamp\www\statut\system\Commands\Server\rewrite.php(43): require_once('C:\\wamp\\www\\sta...')
#10 {main}
CRITICAL - 2022-02-03 07:30:58 --> Array to string conversion
#0 C:\wamp\www\statut\app\Views\users.php(52): CodeIgniter\Debug\Exceptions->errorHandler(2, 'Array to string...', 'C:\\wamp\\www\\sta...', 52)
#1 C:\wamp\www\statut\system\View\View.php(210): include('C:\\wamp\\www\\sta...')
#2 C:\wamp\www\statut\system\View\View.php(213): CodeIgniter\View\View->CodeIgniter\View\{closure}()
#3 C:\wamp\www\statut\system\Common.php(1089): CodeIgniter\View\View->render('users', Array, true)
#4 C:\wamp\www\statut\app\Controllers\Users.php(20): view('users', Array)
#5 C:\wamp\www\statut\system\CodeIgniter.php(802): App\Controllers\Users->__construct()
#6 C:\wamp\www\statut\system\CodeIgniter.php(403): CodeIgniter\CodeIgniter->createController()
#7 C:\wamp\www\statut\system\CodeIgniter.php(320): CodeIgniter\CodeIgniter->handleRequest(NULL, Object(Config\Cache), false)
#8 C:\wamp\www\statut\public\index.php(37): CodeIgniter\CodeIgniter->run()
#9 C:\wamp\www\statut\system\Commands\Server\rewrite.php(43): require_once('C:\\wamp\\www\\sta...')
#10 {main}
CRITICAL - 2022-02-03 07:31:44 --> Array to string conversion
#0 C:\wamp\www\statut\app\Views\users.php(53): CodeIgniter\Debug\Exceptions->errorHandler(2, 'Array to string...', 'C:\\wamp\\www\\sta...', 53)
#1 C:\wamp\www\statut\system\View\View.php(210): include('C:\\wamp\\www\\sta...')
#2 C:\wamp\www\statut\system\View\View.php(213): CodeIgniter\View\View->CodeIgniter\View\{closure}()
#3 C:\wamp\www\statut\system\Common.php(1089): CodeIgniter\View\View->render('users', Array, true)
#4 C:\wamp\www\statut\app\Controllers\Users.php(20): view('users', Array)
#5 C:\wamp\www\statut\system\CodeIgniter.php(802): App\Controllers\Users->__construct()
#6 C:\wamp\www\statut\system\CodeIgniter.php(403): CodeIgniter\CodeIgniter->createController()
#7 C:\wamp\www\statut\system\CodeIgniter.php(320): CodeIgniter\CodeIgniter->handleRequest(NULL, Object(Config\Cache), false)
#8 C:\wamp\www\statut\public\index.php(37): CodeIgniter\CodeIgniter->run()
#9 C:\wamp\www\statut\system\Commands\Server\rewrite.php(43): require_once('C:\\wamp\\www\\sta...')
#10 {main}
CRITICAL - 2022-02-03 07:51:09 --> Undefined array key 0
#0 C:\wamp\www\statut\system\Router\RouteCollection.php(1091): CodeIgniter\Debug\Exceptions->errorHandler(2, 'Undefined array...', 'C:\\wamp\\www\\sta...', 1091)
#1 C:\wamp\www\statut\system\Router\RouteCollection.php(971): CodeIgniter\Router\RouteCollection->fillRouteParams('users/edit/([0-...', Array)
#2 C:\wamp\www\statut\system\Common.php(882): CodeIgniter\Router\RouteCollection->reverseRoute('users/edit')
#3 C:\wamp\www\statut\app\Views\users.php(66): route_to('users/edit')
#4 C:\wamp\www\statut\system\View\View.php(210): include('C:\\wamp\\www\\sta...')
#5 C:\wamp\www\statut\system\View\View.php(213): CodeIgniter\View\View->CodeIgniter\View\{closure}()
#6 C:\wamp\www\statut\system\Common.php(1089): CodeIgniter\View\View->render('users', Array, true)
#7 C:\wamp\www\statut\app\Controllers\Users.php(20): view('users', Array)
#8 C:\wamp\www\statut\system\CodeIgniter.php(802): App\Controllers\Users->__construct()
#9 C:\wamp\www\statut\system\CodeIgniter.php(403): CodeIgniter\CodeIgniter->createController()
#10 C:\wamp\www\statut\system\CodeIgniter.php(320): CodeIgniter\CodeIgniter->handleRequest(NULL, Object(Config\Cache), false)
#11 C:\wamp\www\statut\public\index.php(37): CodeIgniter\CodeIgniter->run()
#12 C:\wamp\www\statut\system\Commands\Server\rewrite.php(43): require_once('C:\\wamp\\www\\sta...')
#13 {main}
CRITICAL - 2022-02-03 07:54:00 --> Invalid file: users/edit.php
#0 C:\wamp\www\statut\system\View\View.php(198): CodeIgniter\Exceptions\FrameworkException::forInvalidFile('users/edit.php')
#1 C:\wamp\www\statut\system\Common.php(1089): CodeIgniter\View\View->render('users/edit', Array, true)
#2 C:\wamp\www\statut\app\Controllers\Users.php(65): view('users/edit', Array)
#3 C:\wamp\www\statut\system\CodeIgniter.php(825): App\Controllers\Users->edit()
#4 C:\wamp\www\statut\system\CodeIgniter.php(412): CodeIgniter\CodeIgniter->runController(Object(App\Controllers\Users))
#5 C:\wamp\www\statut\system\CodeIgniter.php(320): CodeIgniter\CodeIgniter->handleRequest(NULL, Object(Config\Cache), false)
#6 C:\wamp\www\statut\public\index.php(37): CodeIgniter\CodeIgniter->run()
#7 C:\wamp\www\statut\system\Commands\Server\rewrite.php(43): require_once('C:\\wamp\\www\\sta...')
#8 {main}
CRITICAL - 2022-02-03 07:55:23 --> Undefined array key 0
#0 C:\wamp\www\statut\system\Router\RouteCollection.php(1091): CodeIgniter\Debug\Exceptions->errorHandler(2, 'Undefined array...', 'C:\\wamp\\www\\sta...', 1091)
#1 C:\wamp\www\statut\system\Router\RouteCollection.php(971): CodeIgniter\Router\RouteCollection->fillRouteParams('users/edit/([0-...', Array)
#2 C:\wamp\www\statut\system\Common.php(882): CodeIgniter\Router\RouteCollection->reverseRoute('users/edit')
#3 C:\wamp\www\statut\app\Views\users.php(66): route_to('users/edit')
#4 C:\wamp\www\statut\system\View\View.php(210): include('C:\\wamp\\www\\sta...')
#5 C:\wamp\www\statut\system\View\View.php(213): CodeIgniter\View\View->CodeIgniter\View\{closure}()
#6 C:\wamp\www\statut\system\Common.php(1089): CodeIgniter\View\View->render('users', Array, true)
#7 C:\wamp\www\statut\app\Controllers\Users.php(20): view('users', Array)
#8 C:\wamp\www\statut\system\CodeIgniter.php(802): App\Controllers\Users->__construct()
#9 C:\wamp\www\statut\system\CodeIgniter.php(403): CodeIgniter\CodeIgniter->createController()
#10 C:\wamp\www\statut\system\CodeIgniter.php(320): CodeIgniter\CodeIgniter->handleRequest(NULL, Object(Config\Cache), false)
#11 C:\wamp\www\statut\public\index.php(37): CodeIgniter\CodeIgniter->run()
#12 C:\wamp\www\statut\system\Commands\Server\rewrite.php(43): require_once('C:\\wamp\\www\\sta...')
#13 {main}
CRITICAL - 2022-02-03 08:27:36 --> Undefined array key 0
#0 C:\wamp\www\statut\system\Router\RouteCollection.php(1091): CodeIgniter\Debug\Exceptions->errorHandler(2, 'Undefined array...', 'C:\\wamp\\www\\sta...', 1091)
#1 C:\wamp\www\statut\system\Router\RouteCollection.php(971): CodeIgniter\Router\RouteCollection->fillRouteParams('users/update/([...', Array)
#2 C:\wamp\www\statut\system\Common.php(882): CodeIgniter\Router\RouteCollection->reverseRoute('users/update/')
#3 C:\wamp\www\statut\app\Views\users.php(66): route_to('users/update/')
#4 C:\wamp\www\statut\system\View\View.php(210): include('C:\\wamp\\www\\sta...')
#5 C:\wamp\www\statut\system\View\View.php(213): CodeIgniter\View\View->CodeIgniter\View\{closure}()
#6 C:\wamp\www\statut\system\Common.php(1089): CodeIgniter\View\View->render('users', Array, true)
#7 C:\wamp\www\statut\app\Controllers\Users.php(20): view('users', Array)
#8 C:\wamp\www\statut\system\CodeIgniter.php(802): App\Controllers\Users->__construct()
#9 C:\wamp\www\statut\system\CodeIgniter.php(403): CodeIgniter\CodeIgniter->createController()
#10 C:\wamp\www\statut\system\CodeIgniter.php(320): CodeIgniter\CodeIgniter->handleRequest(NULL, Object(Config\Cache), false)
#11 C:\wamp\www\statut\public\index.php(37): CodeIgniter\CodeIgniter->run()
#12 C:\wamp\www\statut\system\Commands\Server\rewrite.php(43): require_once('C:\\wamp\\www\\sta...')
#13 {main}
CRITICAL - 2022-02-03 08:28:07 --> Undefined array key 0
#0 C:\wamp\www\statut\system\Router\RouteCollection.php(1091): CodeIgniter\Debug\Exceptions->errorHandler(2, 'Undefined array...', 'C:\\wamp\\www\\sta...', 1091)
#1 C:\wamp\www\statut\system\Router\RouteCollection.php(971): CodeIgniter\Router\RouteCollection->fillRouteParams('users/update/([...', Array)
#2 C:\wamp\www\statut\system\Common.php(882): CodeIgniter\Router\RouteCollection->reverseRoute('users/update/')
#3 C:\wamp\www\statut\app\Views\users.php(66): route_to('users/update/')
#4 C:\wamp\www\statut\system\View\View.php(210): include('C:\\wamp\\www\\sta...')
#5 C:\wamp\www\statut\system\View\View.php(213): CodeIgniter\View\View->CodeIgniter\View\{closure}()
#6 C:\wamp\www\statut\system\Common.php(1089): CodeIgniter\View\View->render('users', Array, true)
#7 C:\wamp\www\statut\app\Controllers\Users.php(20): view('users', Array)
#8 C:\wamp\www\statut\system\CodeIgniter.php(802): App\Controllers\Users->__construct()
#9 C:\wamp\www\statut\system\CodeIgniter.php(403): CodeIgniter\CodeIgniter->createController()
#10 C:\wamp\www\statut\system\CodeIgniter.php(320): CodeIgniter\CodeIgniter->handleRequest(NULL, Object(Config\Cache), false)
#11 C:\wamp\www\statut\public\index.php(37): CodeIgniter\CodeIgniter->run()
#12 C:\wamp\www\statut\system\Commands\Server\rewrite.php(43): require_once('C:\\wamp\\www\\sta...')
#13 {main}
CRITICAL - 2022-02-03 08:28:55 --> Undefined array key 0
#0 C:\wamp\www\statut\system\Router\RouteCollection.php(1091): CodeIgniter\Debug\Exceptions->errorHandler(2, 'Undefined array...', 'C:\\wamp\\www\\sta...', 1091)
#1 C:\wamp\www\statut\system\Router\RouteCollection.php(971): CodeIgniter\Router\RouteCollection->fillRouteParams('users/update/([...', Array)
#2 C:\wamp\www\statut\system\Common.php(882): CodeIgniter\Router\RouteCollection->reverseRoute('users/update/$1')
#3 C:\wamp\www\statut\app\Views\users.php(66): route_to('users/update/$1')
#4 C:\wamp\www\statut\system\View\View.php(210): include('C:\\wamp\\www\\sta...')
#5 C:\wamp\www\statut\system\View\View.php(213): CodeIgniter\View\View->CodeIgniter\View\{closure}()
#6 C:\wamp\www\statut\system\Common.php(1089): CodeIgniter\View\View->render('users', Array, true)
#7 C:\wamp\www\statut\app\Controllers\Users.php(20): view('users', Array)
#8 C:\wamp\www\statut\system\CodeIgniter.php(802): App\Controllers\Users->__construct()
#9 C:\wamp\www\statut\system\CodeIgniter.php(403): CodeIgniter\CodeIgniter->createController()
#10 C:\wamp\www\statut\system\CodeIgniter.php(320): CodeIgniter\CodeIgniter->handleRequest(NULL, Object(Config\Cache), false)
#11 C:\wamp\www\statut\public\index.php(37): CodeIgniter\CodeIgniter->run()
#12 C:\wamp\www\statut\system\Commands\Server\rewrite.php(43): require_once('C:\\wamp\\www\\sta...')
#13 {main}
