CRITICAL - 2022-02-02 04:19:55 --> Undefined variable $logins
#0 C:\wamp\www\statut\app\Views\users.php(40): CodeIgniter\Debug\Exceptions->errorHandler(2, 'Undefined varia...', 'C:\\wamp\\www\\sta...', 40)
#1 C:\wamp\www\statut\system\View\View.php(210): include('C:\\wamp\\www\\sta...')
#2 C:\wamp\www\statut\system\View\View.php(213): CodeIgniter\View\View->CodeIgniter\View\{closure}()
#3 C:\wamp\www\statut\system\Common.php(1089): CodeIgniter\View\View->render('users', Array, true)
#4 C:\wamp\www\statut\app\Controllers\Users.php(58): view('users', Array)
#5 C:\wamp\www\statut\system\CodeIgniter.php(825): App\Controllers\Users->save()
#6 C:\wamp\www\statut\system\CodeIgniter.php(412): CodeIgniter\CodeIgniter->runController(Object(App\Controllers\Users))
#7 C:\wamp\www\statut\system\CodeIgniter.php(320): CodeIgniter\CodeIgniter->handleRequest(NULL, Object(Config\Cache), false)
#8 C:\wamp\www\statut\index.php(37): CodeIgniter\CodeIgniter->run()
#9 {main}
CRITICAL - 2022-02-02 04:20:01 --> Undefined variable $logins
#0 C:\wamp\www\statut\app\Views\users.php(40): CodeIgniter\Debug\Exceptions->errorHandler(2, 'Undefined varia...', 'C:\\wamp\\www\\sta...', 40)
#1 C:\wamp\www\statut\system\View\View.php(210): include('C:\\wamp\\www\\sta...')
#2 C:\wamp\www\statut\system\View\View.php(213): CodeIgniter\View\View->CodeIgniter\View\{closure}()
#3 C:\wamp\www\statut\system\Common.php(1089): CodeIgniter\View\View->render('users', Array, true)
#4 C:\wamp\www\statut\app\Controllers\Users.php(58): view('users', Array)
#5 C:\wamp\www\statut\system\CodeIgniter.php(825): App\Controllers\Users->save()
#6 C:\wamp\www\statut\system\CodeIgniter.php(412): CodeIgniter\CodeIgniter->runController(Object(App\Controllers\Users))
#7 C:\wamp\www\statut\system\CodeIgniter.php(320): CodeIgniter\CodeIgniter->handleRequest(NULL, Object(Config\Cache), false)
#8 C:\wamp\www\statut\index.php(37): CodeIgniter\CodeIgniter->run()
#9 {main}
CRITICAL - 2022-02-02 04:20:30 --> Undefined variable $logins
#0 C:\wamp\www\statut\app\Views\users.php(40): CodeIgniter\Debug\Exceptions->errorHandler(2, 'Undefined varia...', 'C:\\wamp\\www\\sta...', 40)
#1 C:\wamp\www\statut\system\View\View.php(210): include('C:\\wamp\\www\\sta...')
#2 C:\wamp\www\statut\system\View\View.php(213): CodeIgniter\View\View->CodeIgniter\View\{closure}()
#3 C:\wamp\www\statut\system\Common.php(1089): CodeIgniter\View\View->render('users', Array, true)
#4 C:\wamp\www\statut\app\Controllers\Users.php(58): view('users', Array)
#5 C:\wamp\www\statut\system\CodeIgniter.php(825): App\Controllers\Users->save()
#6 C:\wamp\www\statut\system\CodeIgniter.php(412): CodeIgniter\CodeIgniter->runController(Object(App\Controllers\Users))
#7 C:\wamp\www\statut\system\CodeIgniter.php(320): CodeIgniter\CodeIgniter->handleRequest(NULL, Object(Config\Cache), false)
#8 C:\wamp\www\statut\index.php(37): CodeIgniter\CodeIgniter->run()
#9 {main}
CRITICAL - 2022-02-02 04:21:43 --> Undefined variable $services
#0 C:\wamp\www\statut\app\Views\dashboard.php(40): CodeIgniter\Debug\Exceptions->errorHandler(2, 'Undefined varia...', 'C:\\wamp\\www\\sta...', 40)
#1 C:\wamp\www\statut\system\View\View.php(210): include('C:\\wamp\\www\\sta...')
#2 C:\wamp\www\statut\system\View\View.php(213): CodeIgniter\View\View->CodeIgniter\View\{closure}()
#3 C:\wamp\www\statut\system\Common.php(1089): CodeIgniter\View\View->render('dashboard', Array, true)
#4 C:\wamp\www\statut\app\Controllers\Dashboard.php(47): view('dashboard', Array)
#5 C:\wamp\www\statut\system\CodeIgniter.php(825): App\Controllers\Dashboard->service()
#6 C:\wamp\www\statut\system\CodeIgniter.php(412): CodeIgniter\CodeIgniter->runController(Object(App\Controllers\Dashboard))
#7 C:\wamp\www\statut\system\CodeIgniter.php(320): CodeIgniter\CodeIgniter->handleRequest(NULL, Object(Config\Cache), false)
#8 C:\wamp\www\statut\index.php(37): CodeIgniter\CodeIgniter->run()
#9 {main}
CRITICAL - 2022-02-02 04:21:50 --> Undefined variable $services
#0 C:\wamp\www\statut\app\Views\dashboard.php(40): CodeIgniter\Debug\Exceptions->errorHandler(2, 'Undefined varia...', 'C:\\wamp\\www\\sta...', 40)
#1 C:\wamp\www\statut\system\View\View.php(210): include('C:\\wamp\\www\\sta...')
#2 C:\wamp\www\statut\system\View\View.php(213): CodeIgniter\View\View->CodeIgniter\View\{closure}()
#3 C:\wamp\www\statut\system\Common.php(1089): CodeIgniter\View\View->render('dashboard', Array, true)
#4 C:\wamp\www\statut\app\Controllers\Dashboard.php(47): view('dashboard', Array)
#5 C:\wamp\www\statut\system\CodeIgniter.php(825): App\Controllers\Dashboard->service()
#6 C:\wamp\www\statut\system\CodeIgniter.php(412): CodeIgniter\CodeIgniter->runController(Object(App\Controllers\Dashboard))
#7 C:\wamp\www\statut\system\CodeIgniter.php(320): CodeIgniter\CodeIgniter->handleRequest(NULL, Object(Config\Cache), false)
#8 C:\wamp\www\statut\index.php(37): CodeIgniter\CodeIgniter->run()
#9 {main}
CRITICAL - 2022-02-02 04:24:23 --> Undefined variable $services
#0 C:\wamp\www\statut\app\Views\dashboard.php(40): CodeIgniter\Debug\Exceptions->errorHandler(2, 'Undefined varia...', 'C:\\wamp\\www\\sta...', 40)
#1 C:\wamp\www\statut\system\View\View.php(210): include('C:\\wamp\\www\\sta...')
#2 C:\wamp\www\statut\system\View\View.php(213): CodeIgniter\View\View->CodeIgniter\View\{closure}()
#3 C:\wamp\www\statut\system\Common.php(1089): CodeIgniter\View\View->render('dashboard', Array, true)
#4 C:\wamp\www\statut\app\Controllers\Dashboard.php(47): view('dashboard', Array)
#5 C:\wamp\www\statut\system\CodeIgniter.php(825): App\Controllers\Dashboard->service()
#6 C:\wamp\www\statut\system\CodeIgniter.php(412): CodeIgniter\CodeIgniter->runController(Object(App\Controllers\Dashboard))
#7 C:\wamp\www\statut\system\CodeIgniter.php(320): CodeIgniter\CodeIgniter->handleRequest(NULL, Object(Config\Cache), false)
#8 C:\wamp\www\statut\index.php(37): CodeIgniter\CodeIgniter->run()
#9 {main}
CRITICAL - 2022-02-02 04:24:30 --> Undefined variable $services
#0 C:\wamp\www\statut\app\Views\dashboard.php(40): CodeIgniter\Debug\Exceptions->errorHandler(2, 'Undefined varia...', 'C:\\wamp\\www\\sta...', 40)
#1 C:\wamp\www\statut\system\View\View.php(210): include('C:\\wamp\\www\\sta...')
#2 C:\wamp\www\statut\system\View\View.php(213): CodeIgniter\View\View->CodeIgniter\View\{closure}()
#3 C:\wamp\www\statut\system\Common.php(1089): CodeIgniter\View\View->render('dashboard', Array, true)
#4 C:\wamp\www\statut\app\Controllers\Dashboard.php(47): view('dashboard', Array)
#5 C:\wamp\www\statut\system\CodeIgniter.php(825): App\Controllers\Dashboard->service()
#6 C:\wamp\www\statut\system\CodeIgniter.php(412): CodeIgniter\CodeIgniter->runController(Object(App\Controllers\Dashboard))
#7 C:\wamp\www\statut\system\CodeIgniter.php(320): CodeIgniter\CodeIgniter->handleRequest(NULL, Object(Config\Cache), false)
#8 C:\wamp\www\statut\index.php(37): CodeIgniter\CodeIgniter->run()
#9 {main}
CRITICAL - 2022-02-02 04:25:07 --> Undefined variable $services
#0 C:\wamp\www\statut\app\Views\dashboard.php(40): CodeIgniter\Debug\Exceptions->errorHandler(2, 'Undefined varia...', 'C:\\wamp\\www\\sta...', 40)
#1 C:\wamp\www\statut\system\View\View.php(210): include('C:\\wamp\\www\\sta...')
#2 C:\wamp\www\statut\system\View\View.php(213): CodeIgniter\View\View->CodeIgniter\View\{closure}()
#3 C:\wamp\www\statut\system\Common.php(1089): CodeIgniter\View\View->render('dashboard', Array, true)
#4 C:\wamp\www\statut\app\Controllers\Dashboard.php(47): view('dashboard', Array)
#5 C:\wamp\www\statut\system\CodeIgniter.php(825): App\Controllers\Dashboard->service()
#6 C:\wamp\www\statut\system\CodeIgniter.php(412): CodeIgniter\CodeIgniter->runController(Object(App\Controllers\Dashboard))
#7 C:\wamp\www\statut\system\CodeIgniter.php(320): CodeIgniter\CodeIgniter->handleRequest(NULL, Object(Config\Cache), false)
#8 C:\wamp\www\statut\index.php(37): CodeIgniter\CodeIgniter->run()
#9 {main}
CRITICAL - 2022-02-02 04:27:13 --> Undefined variable $services
#0 C:\wamp\www\statut\app\Views\dashboard.php(40): CodeIgniter\Debug\Exceptions->errorHandler(2, 'Undefined varia...', 'C:\\wamp\\www\\sta...', 40)
#1 C:\wamp\www\statut\system\View\View.php(210): include('C:\\wamp\\www\\sta...')
#2 C:\wamp\www\statut\system\View\View.php(213): CodeIgniter\View\View->CodeIgniter\View\{closure}()
#3 C:\wamp\www\statut\system\Common.php(1089): CodeIgniter\View\View->render('dashboard', Array, true)
#4 C:\wamp\www\statut\app\Controllers\Dashboard.php(47): view('dashboard', Array)
#5 C:\wamp\www\statut\system\CodeIgniter.php(825): App\Controllers\Dashboard->service()
#6 C:\wamp\www\statut\system\CodeIgniter.php(412): CodeIgniter\CodeIgniter->runController(Object(App\Controllers\Dashboard))
#7 C:\wamp\www\statut\system\CodeIgniter.php(320): CodeIgniter\CodeIgniter->handleRequest(NULL, Object(Config\Cache), false)
#8 C:\wamp\www\statut\index.php(37): CodeIgniter\CodeIgniter->run()
#9 {main}
CRITICAL - 2022-02-02 04:27:19 --> Undefined variable $services
#0 C:\wamp\www\statut\app\Views\dashboard.php(40): CodeIgniter\Debug\Exceptions->errorHandler(2, 'Undefined varia...', 'C:\\wamp\\www\\sta...', 40)
#1 C:\wamp\www\statut\system\View\View.php(210): include('C:\\wamp\\www\\sta...')
#2 C:\wamp\www\statut\system\View\View.php(213): CodeIgniter\View\View->CodeIgniter\View\{closure}()
#3 C:\wamp\www\statut\system\Common.php(1089): CodeIgniter\View\View->render('dashboard', Array, true)
#4 C:\wamp\www\statut\app\Controllers\Dashboard.php(47): view('dashboard', Array)
#5 C:\wamp\www\statut\system\CodeIgniter.php(825): App\Controllers\Dashboard->service()
#6 C:\wamp\www\statut\system\CodeIgniter.php(412): CodeIgniter\CodeIgniter->runController(Object(App\Controllers\Dashboard))
#7 C:\wamp\www\statut\system\CodeIgniter.php(320): CodeIgniter\CodeIgniter->handleRequest(NULL, Object(Config\Cache), false)
#8 C:\wamp\www\statut\index.php(37): CodeIgniter\CodeIgniter->run()
#9 {main}
CRITICAL - 2022-02-02 04:28:31 --> Undefined variable $services
#0 C:\wamp\www\statut\app\Views\dashboard.php(40): CodeIgniter\Debug\Exceptions->errorHandler(2, 'Undefined varia...', 'C:\\wamp\\www\\sta...', 40)
#1 C:\wamp\www\statut\system\View\View.php(210): include('C:\\wamp\\www\\sta...')
#2 C:\wamp\www\statut\system\View\View.php(213): CodeIgniter\View\View->CodeIgniter\View\{closure}()
#3 C:\wamp\www\statut\system\Common.php(1089): CodeIgniter\View\View->render('dashboard', Array, true)
#4 C:\wamp\www\statut\app\Controllers\Dashboard.php(47): view('dashboard', Array)
#5 C:\wamp\www\statut\system\CodeIgniter.php(825): App\Controllers\Dashboard->service()
#6 C:\wamp\www\statut\system\CodeIgniter.php(412): CodeIgniter\CodeIgniter->runController(Object(App\Controllers\Dashboard))
#7 C:\wamp\www\statut\system\CodeIgniter.php(320): CodeIgniter\CodeIgniter->handleRequest(NULL, Object(Config\Cache), false)
#8 C:\wamp\www\statut\index.php(37): CodeIgniter\CodeIgniter->run()
#9 {main}
CRITICAL - 2022-02-02 04:28:57 --> Undefined variable $services
#0 C:\wamp\www\statut\app\Views\dashboard.php(40): CodeIgniter\Debug\Exceptions->errorHandler(2, 'Undefined varia...', 'C:\\wamp\\www\\sta...', 40)
#1 C:\wamp\www\statut\system\View\View.php(210): include('C:\\wamp\\www\\sta...')
#2 C:\wamp\www\statut\system\View\View.php(213): CodeIgniter\View\View->CodeIgniter\View\{closure}()
#3 C:\wamp\www\statut\system\Common.php(1089): CodeIgniter\View\View->render('dashboard', Array, true)
#4 C:\wamp\www\statut\app\Controllers\Dashboard.php(47): view('dashboard', Array)
#5 C:\wamp\www\statut\system\CodeIgniter.php(825): App\Controllers\Dashboard->service()
#6 C:\wamp\www\statut\system\CodeIgniter.php(412): CodeIgniter\CodeIgniter->runController(Object(App\Controllers\Dashboard))
#7 C:\wamp\www\statut\system\CodeIgniter.php(320): CodeIgniter\CodeIgniter->handleRequest(NULL, Object(Config\Cache), false)
#8 C:\wamp\www\statut\index.php(37): CodeIgniter\CodeIgniter->run()
#9 {main}
CRITICAL - 2022-02-02 04:29:29 --> Undefined variable $logins
#0 C:\wamp\www\statut\app\Views\users.php(40): CodeIgniter\Debug\Exceptions->errorHandler(2, 'Undefined varia...', 'C:\\wamp\\www\\sta...', 40)
#1 C:\wamp\www\statut\system\View\View.php(210): include('C:\\wamp\\www\\sta...')
#2 C:\wamp\www\statut\system\View\View.php(213): CodeIgniter\View\View->CodeIgniter\View\{closure}()
#3 C:\wamp\www\statut\system\Common.php(1089): CodeIgniter\View\View->render('users', Array, true)
#4 C:\wamp\www\statut\app\Controllers\Users.php(58): view('users', Array)
#5 C:\wamp\www\statut\system\CodeIgniter.php(825): App\Controllers\Users->save()
#6 C:\wamp\www\statut\system\CodeIgniter.php(412): CodeIgniter\CodeIgniter->runController(Object(App\Controllers\Users))
#7 C:\wamp\www\statut\system\CodeIgniter.php(320): CodeIgniter\CodeIgniter->handleRequest(NULL, Object(Config\Cache), false)
#8 C:\wamp\www\statut\index.php(37): CodeIgniter\CodeIgniter->run()
#9 {main}
CRITICAL - 2022-02-02 04:29:59 --> Undefined variable $logins
#0 C:\wamp\www\statut\app\Views\users.php(40): CodeIgniter\Debug\Exceptions->errorHandler(2, 'Undefined varia...', 'C:\\wamp\\www\\sta...', 40)
#1 C:\wamp\www\statut\system\View\View.php(210): include('C:\\wamp\\www\\sta...')
#2 C:\wamp\www\statut\system\View\View.php(213): CodeIgniter\View\View->CodeIgniter\View\{closure}()
#3 C:\wamp\www\statut\system\Common.php(1089): CodeIgniter\View\View->render('users', Array, true)
#4 C:\wamp\www\statut\app\Controllers\Users.php(58): view('users', Array)
#5 C:\wamp\www\statut\system\CodeIgniter.php(825): App\Controllers\Users->save()
#6 C:\wamp\www\statut\system\CodeIgniter.php(412): CodeIgniter\CodeIgniter->runController(Object(App\Controllers\Users))
#7 C:\wamp\www\statut\system\CodeIgniter.php(320): CodeIgniter\CodeIgniter->handleRequest(NULL, Object(Config\Cache), false)
#8 C:\wamp\www\statut\index.php(37): CodeIgniter\CodeIgniter->run()
#9 {main}
CRITICAL - 2022-02-02 04:33:49 --> Undefined variable $logins
#0 C:\wamp\www\statut\app\Views\users.php(40): CodeIgniter\Debug\Exceptions->errorHandler(2, 'Undefined varia...', 'C:\\wamp\\www\\sta...', 40)
#1 C:\wamp\www\statut\system\View\View.php(210): include('C:\\wamp\\www\\sta...')
#2 C:\wamp\www\statut\system\View\View.php(213): CodeIgniter\View\View->CodeIgniter\View\{closure}()
#3 C:\wamp\www\statut\system\Common.php(1089): CodeIgniter\View\View->render('users', Array, true)
#4 C:\wamp\www\statut\app\Controllers\Users.php(52): view('users', Array)
#5 C:\wamp\www\statut\system\CodeIgniter.php(825): App\Controllers\Users->save()
#6 C:\wamp\www\statut\system\CodeIgniter.php(412): CodeIgniter\CodeIgniter->runController(Object(App\Controllers\Users))
#7 C:\wamp\www\statut\system\CodeIgniter.php(320): CodeIgniter\CodeIgniter->handleRequest(NULL, Object(Config\Cache), false)
#8 C:\wamp\www\statut\index.php(37): CodeIgniter\CodeIgniter->run()
#9 {main}
CRITICAL - 2022-02-02 04:36:55 --> Undefined variable $logins
#0 C:\wamp\www\statut\app\Views\users.php(40): CodeIgniter\Debug\Exceptions->errorHandler(2, 'Undefined varia...', 'C:\\wamp\\www\\sta...', 40)
#1 C:\wamp\www\statut\system\View\View.php(210): include('C:\\wamp\\www\\sta...')
#2 C:\wamp\www\statut\system\View\View.php(213): CodeIgniter\View\View->CodeIgniter\View\{closure}()
#3 C:\wamp\www\statut\system\Common.php(1089): CodeIgniter\View\View->render('users', Array, true)
#4 C:\wamp\www\statut\app\Controllers\Users.php(55): view('users', Array)
#5 C:\wamp\www\statut\system\CodeIgniter.php(825): App\Controllers\Users->save()
#6 C:\wamp\www\statut\system\CodeIgniter.php(412): CodeIgniter\CodeIgniter->runController(Object(App\Controllers\Users))
#7 C:\wamp\www\statut\system\CodeIgniter.php(320): CodeIgniter\CodeIgniter->handleRequest(NULL, Object(Config\Cache), false)
#8 C:\wamp\www\statut\index.php(37): CodeIgniter\CodeIgniter->run()
#9 {main}
CRITICAL - 2022-02-02 04:37:01 --> Undefined variable $logins
#0 C:\wamp\www\statut\app\Views\users.php(40): CodeIgniter\Debug\Exceptions->errorHandler(2, 'Undefined varia...', 'C:\\wamp\\www\\sta...', 40)
#1 C:\wamp\www\statut\system\View\View.php(210): include('C:\\wamp\\www\\sta...')
#2 C:\wamp\www\statut\system\View\View.php(213): CodeIgniter\View\View->CodeIgniter\View\{closure}()
#3 C:\wamp\www\statut\system\Common.php(1089): CodeIgniter\View\View->render('users', Array, true)
#4 C:\wamp\www\statut\app\Controllers\Users.php(55): view('users', Array)
#5 C:\wamp\www\statut\system\CodeIgniter.php(825): App\Controllers\Users->save()
#6 C:\wamp\www\statut\system\CodeIgniter.php(412): CodeIgniter\CodeIgniter->runController(Object(App\Controllers\Users))
#7 C:\wamp\www\statut\system\CodeIgniter.php(320): CodeIgniter\CodeIgniter->handleRequest(NULL, Object(Config\Cache), false)
#8 C:\wamp\www\statut\index.php(37): CodeIgniter\CodeIgniter->run()
#9 {main}
CRITICAL - 2022-02-02 04:37:49 --> Undefined property: App\Controllers\Users::$userModel
#0 C:\wamp\www\statut\app\Controllers\Users.php(51): CodeIgniter\Debug\Exceptions->errorHandler(2, 'Undefined prope...', 'C:\\wamp\\www\\sta...', 51)
#1 C:\wamp\www\statut\system\CodeIgniter.php(825): App\Controllers\Users->save()
#2 C:\wamp\www\statut\system\CodeIgniter.php(412): CodeIgniter\CodeIgniter->runController(Object(App\Controllers\Users))
#3 C:\wamp\www\statut\system\CodeIgniter.php(320): CodeIgniter\CodeIgniter->handleRequest(NULL, Object(Config\Cache), false)
#4 C:\wamp\www\statut\index.php(37): CodeIgniter\CodeIgniter->run()
#5 {main}
CRITICAL - 2022-02-02 04:38:59 --> Undefined variable $logins
#0 C:\wamp\www\statut\app\Views\users.php(40): CodeIgniter\Debug\Exceptions->errorHandler(2, 'Undefined varia...', 'C:\\wamp\\www\\sta...', 40)
#1 C:\wamp\www\statut\system\View\View.php(210): include('C:\\wamp\\www\\sta...')
#2 C:\wamp\www\statut\system\View\View.php(213): CodeIgniter\View\View->CodeIgniter\View\{closure}()
#3 C:\wamp\www\statut\system\Common.php(1089): CodeIgniter\View\View->render('users', Array, true)
#4 C:\wamp\www\statut\app\Controllers\Users.php(55): view('users', Array)
#5 C:\wamp\www\statut\system\CodeIgniter.php(825): App\Controllers\Users->save()
#6 C:\wamp\www\statut\system\CodeIgniter.php(412): CodeIgniter\CodeIgniter->runController(Object(App\Controllers\Users))
#7 C:\wamp\www\statut\system\CodeIgniter.php(320): CodeIgniter\CodeIgniter->handleRequest(NULL, Object(Config\Cache), false)
#8 C:\wamp\www\statut\index.php(37): CodeIgniter\CodeIgniter->run()
#9 {main}
CRITICAL - 2022-02-02 04:39:54 --> Undefined variable $categorys
#0 C:\wamp\www\statut\app\Views\category.php(34): CodeIgniter\Debug\Exceptions->errorHandler(2, 'Undefined varia...', 'C:\\wamp\\www\\sta...', 34)
#1 C:\wamp\www\statut\system\View\View.php(210): include('C:\\wamp\\www\\sta...')
#2 C:\wamp\www\statut\system\View\View.php(213): CodeIgniter\View\View->CodeIgniter\View\{closure}()
#3 C:\wamp\www\statut\system\Common.php(1089): CodeIgniter\View\View->render('category', Array, true)
#4 C:\wamp\www\statut\app\Controllers\Category.php(36): view('category', Array)
#5 C:\wamp\www\statut\system\CodeIgniter.php(825): App\Controllers\Category->category()
#6 C:\wamp\www\statut\system\CodeIgniter.php(412): CodeIgniter\CodeIgniter->runController(Object(App\Controllers\Category))
#7 C:\wamp\www\statut\system\CodeIgniter.php(320): CodeIgniter\CodeIgniter->handleRequest(NULL, Object(Config\Cache), false)
#8 C:\wamp\www\statut\index.php(37): CodeIgniter\CodeIgniter->run()
#9 {main}
CRITICAL - 2022-02-02 04:41:53 --> Undefined variable $categorys
#0 C:\wamp\www\statut\app\Views\category.php(34): CodeIgniter\Debug\Exceptions->errorHandler(2, 'Undefined varia...', 'C:\\wamp\\www\\sta...', 34)
#1 C:\wamp\www\statut\system\View\View.php(210): include('C:\\wamp\\www\\sta...')
#2 C:\wamp\www\statut\system\View\View.php(213): CodeIgniter\View\View->CodeIgniter\View\{closure}()
#3 C:\wamp\www\statut\system\Common.php(1089): CodeIgniter\View\View->render('category', Array, true)
#4 C:\wamp\www\statut\app\Controllers\Category.php(36): view('category', Array)
#5 C:\wamp\www\statut\system\CodeIgniter.php(825): App\Controllers\Category->category()
#6 C:\wamp\www\statut\system\CodeIgniter.php(412): CodeIgniter\CodeIgniter->runController(Object(App\Controllers\Category))
#7 C:\wamp\www\statut\system\CodeIgniter.php(320): CodeIgniter\CodeIgniter->handleRequest(NULL, Object(Config\Cache), false)
#8 C:\wamp\www\statut\index.php(37): CodeIgniter\CodeIgniter->run()
#9 {main}
CRITICAL - 2022-02-02 04:42:16 --> Undefined property: App\Controllers\Users::$userModel
#0 C:\wamp\www\statut\app\Controllers\Users.php(48): CodeIgniter\Debug\Exceptions->errorHandler(2, 'Undefined prope...', 'C:\\wamp\\www\\sta...', 48)
#1 C:\wamp\www\statut\system\CodeIgniter.php(825): App\Controllers\Users->save()
#2 C:\wamp\www\statut\system\CodeIgniter.php(412): CodeIgniter\CodeIgniter->runController(Object(App\Controllers\Users))
#3 C:\wamp\www\statut\system\CodeIgniter.php(320): CodeIgniter\CodeIgniter->handleRequest(NULL, Object(Config\Cache), false)
#4 C:\wamp\www\statut\index.php(37): CodeIgniter\CodeIgniter->run()
#5 {main}
CRITICAL - 2022-02-02 04:48:22 --> Undefined variable $logins
#0 C:\wamp\www\statut\app\Views\users.php(40): CodeIgniter\Debug\Exceptions->errorHandler(2, 'Undefined varia...', 'C:\\wamp\\www\\sta...', 40)
#1 C:\wamp\www\statut\system\View\View.php(210): include('C:\\wamp\\www\\sta...')
#2 C:\wamp\www\statut\system\View\View.php(213): CodeIgniter\View\View->CodeIgniter\View\{closure}()
#3 C:\wamp\www\statut\system\Common.php(1089): CodeIgniter\View\View->render('users', Array, true)
#4 C:\wamp\www\statut\app\Controllers\Users.php(52): view('users', Array)
#5 C:\wamp\www\statut\system\CodeIgniter.php(825): App\Controllers\Users->save()
#6 C:\wamp\www\statut\system\CodeIgniter.php(412): CodeIgniter\CodeIgniter->runController(Object(App\Controllers\Users))
#7 C:\wamp\www\statut\system\CodeIgniter.php(320): CodeIgniter\CodeIgniter->handleRequest(NULL, Object(Config\Cache), false)
#8 C:\wamp\www\statut\index.php(37): CodeIgniter\CodeIgniter->run()
#9 {main}
CRITICAL - 2022-02-02 04:48:30 --> Undefined variable $logins
#0 C:\wamp\www\statut\app\Views\users.php(40): CodeIgniter\Debug\Exceptions->errorHandler(2, 'Undefined varia...', 'C:\\wamp\\www\\sta...', 40)
#1 C:\wamp\www\statut\system\View\View.php(210): include('C:\\wamp\\www\\sta...')
#2 C:\wamp\www\statut\system\View\View.php(213): CodeIgniter\View\View->CodeIgniter\View\{closure}()
#3 C:\wamp\www\statut\system\Common.php(1089): CodeIgniter\View\View->render('users', Array, true)
#4 C:\wamp\www\statut\app\Controllers\Users.php(52): view('users', Array)
#5 C:\wamp\www\statut\system\CodeIgniter.php(825): App\Controllers\Users->save()
#6 C:\wamp\www\statut\system\CodeIgniter.php(412): CodeIgniter\CodeIgniter->runController(Object(App\Controllers\Users))
#7 C:\wamp\www\statut\system\CodeIgniter.php(320): CodeIgniter\CodeIgniter->handleRequest(NULL, Object(Config\Cache), false)
#8 C:\wamp\www\statut\index.php(37): CodeIgniter\CodeIgniter->run()
#9 {main}
CRITICAL - 2022-02-02 04:52:28 --> Undefined variable $logins
#0 C:\wamp\www\statut\app\Views\users.php(40): CodeIgniter\Debug\Exceptions->errorHandler(2, 'Undefined varia...', 'C:\\wamp\\www\\sta...', 40)
#1 C:\wamp\www\statut\system\View\View.php(210): include('C:\\wamp\\www\\sta...')
#2 C:\wamp\www\statut\system\View\View.php(213): CodeIgniter\View\View->CodeIgniter\View\{closure}()
#3 C:\wamp\www\statut\system\Common.php(1089): CodeIgniter\View\View->render('users', Array, true)
#4 C:\wamp\www\statut\app\Controllers\Users.php(52): view('users', Array)
#5 C:\wamp\www\statut\system\CodeIgniter.php(825): App\Controllers\Users->save()
#6 C:\wamp\www\statut\system\CodeIgniter.php(412): CodeIgniter\CodeIgniter->runController(Object(App\Controllers\Users))
#7 C:\wamp\www\statut\system\CodeIgniter.php(320): CodeIgniter\CodeIgniter->handleRequest(NULL, Object(Config\Cache), false)
#8 C:\wamp\www\statut\index.php(37): CodeIgniter\CodeIgniter->run()
#9 {main}
CRITICAL - 2022-02-02 04:52:34 --> Undefined variable $logins
#0 C:\wamp\www\statut\app\Views\users.php(40): CodeIgniter\Debug\Exceptions->errorHandler(2, 'Undefined varia...', 'C:\\wamp\\www\\sta...', 40)
#1 C:\wamp\www\statut\system\View\View.php(210): include('C:\\wamp\\www\\sta...')
#2 C:\wamp\www\statut\system\View\View.php(213): CodeIgniter\View\View->CodeIgniter\View\{closure}()
#3 C:\wamp\www\statut\system\Common.php(1089): CodeIgniter\View\View->render('users', Array, true)
#4 C:\wamp\www\statut\app\Controllers\Users.php(52): view('users', Array)
#5 C:\wamp\www\statut\system\CodeIgniter.php(825): App\Controllers\Users->save()
#6 C:\wamp\www\statut\system\CodeIgniter.php(412): CodeIgniter\CodeIgniter->runController(Object(App\Controllers\Users))
#7 C:\wamp\www\statut\system\CodeIgniter.php(320): CodeIgniter\CodeIgniter->handleRequest(NULL, Object(Config\Cache), false)
#8 C:\wamp\www\statut\index.php(37): CodeIgniter\CodeIgniter->run()
#9 {main}
CRITICAL - 2022-02-02 04:53:10 --> Undefined variable $categorys
#0 C:\wamp\www\statut\app\Views\category.php(34): CodeIgniter\Debug\Exceptions->errorHandler(2, 'Undefined varia...', 'C:\\wamp\\www\\sta...', 34)
#1 C:\wamp\www\statut\system\View\View.php(210): include('C:\\wamp\\www\\sta...')
#2 C:\wamp\www\statut\system\View\View.php(213): CodeIgniter\View\View->CodeIgniter\View\{closure}()
#3 C:\wamp\www\statut\system\Common.php(1089): CodeIgniter\View\View->render('category', Array, true)
#4 C:\wamp\www\statut\app\Controllers\Category.php(36): view('category', Array)
#5 C:\wamp\www\statut\system\CodeIgniter.php(825): App\Controllers\Category->category()
#6 C:\wamp\www\statut\system\CodeIgniter.php(412): CodeIgniter\CodeIgniter->runController(Object(App\Controllers\Category))
#7 C:\wamp\www\statut\system\CodeIgniter.php(320): CodeIgniter\CodeIgniter->handleRequest(NULL, Object(Config\Cache), false)
#8 C:\wamp\www\statut\index.php(37): CodeIgniter\CodeIgniter->run()
#9 {main}
CRITICAL - 2022-02-02 04:55:39 --> Undefined variable $categorys
#0 C:\wamp\www\statut\app\Views\category.php(34): CodeIgniter\Debug\Exceptions->errorHandler(2, 'Undefined varia...', 'C:\\wamp\\www\\sta...', 34)
#1 C:\wamp\www\statut\system\View\View.php(210): include('C:\\wamp\\www\\sta...')
#2 C:\wamp\www\statut\system\View\View.php(213): CodeIgniter\View\View->CodeIgniter\View\{closure}()
#3 C:\wamp\www\statut\system\Common.php(1089): CodeIgniter\View\View->render('category', Array, true)
#4 C:\wamp\www\statut\app\Controllers\Category.php(36): view('category', Array)
#5 C:\wamp\www\statut\system\CodeIgniter.php(825): App\Controllers\Category->category()
#6 C:\wamp\www\statut\system\CodeIgniter.php(412): CodeIgniter\CodeIgniter->runController(Object(App\Controllers\Category))
#7 C:\wamp\www\statut\system\CodeIgniter.php(320): CodeIgniter\CodeIgniter->handleRequest(NULL, Object(Config\Cache), false)
#8 C:\wamp\www\statut\index.php(37): CodeIgniter\CodeIgniter->run()
#9 {main}
CRITICAL - 2022-02-02 04:55:45 --> Undefined variable $categorys
#0 C:\wamp\www\statut\app\Views\category.php(34): CodeIgniter\Debug\Exceptions->errorHandler(2, 'Undefined varia...', 'C:\\wamp\\www\\sta...', 34)
#1 C:\wamp\www\statut\system\View\View.php(210): include('C:\\wamp\\www\\sta...')
#2 C:\wamp\www\statut\system\View\View.php(213): CodeIgniter\View\View->CodeIgniter\View\{closure}()
#3 C:\wamp\www\statut\system\Common.php(1089): CodeIgniter\View\View->render('category', Array, true)
#4 C:\wamp\www\statut\app\Controllers\Category.php(36): view('category', Array)
#5 C:\wamp\www\statut\system\CodeIgniter.php(825): App\Controllers\Category->category()
#6 C:\wamp\www\statut\system\CodeIgniter.php(412): CodeIgniter\CodeIgniter->runController(Object(App\Controllers\Category))
#7 C:\wamp\www\statut\system\CodeIgniter.php(320): CodeIgniter\CodeIgniter->handleRequest(NULL, Object(Config\Cache), false)
#8 C:\wamp\www\statut\index.php(37): CodeIgniter\CodeIgniter->run()
#9 {main}
CRITICAL - 2022-02-02 04:56:53 --> Undefined variable $categorys
#0 C:\wamp\www\statut\app\Views\category.php(34): CodeIgniter\Debug\Exceptions->errorHandler(2, 'Undefined varia...', 'C:\\wamp\\www\\sta...', 34)
#1 C:\wamp\www\statut\system\View\View.php(210): include('C:\\wamp\\www\\sta...')
#2 C:\wamp\www\statut\system\View\View.php(213): CodeIgniter\View\View->CodeIgniter\View\{closure}()
#3 C:\wamp\www\statut\system\Common.php(1089): CodeIgniter\View\View->render('category', Array, true)
#4 C:\wamp\www\statut\app\Controllers\Category.php(36): view('category', Array)
#5 C:\wamp\www\statut\system\CodeIgniter.php(825): App\Controllers\Category->category()
#6 C:\wamp\www\statut\system\CodeIgniter.php(412): CodeIgniter\CodeIgniter->runController(Object(App\Controllers\Category))
#7 C:\wamp\www\statut\system\CodeIgniter.php(320): CodeIgniter\CodeIgniter->handleRequest(NULL, Object(Config\Cache), false)
#8 C:\wamp\www\statut\index.php(37): CodeIgniter\CodeIgniter->run()
#9 {main}
CRITICAL - 2022-02-02 04:56:58 --> Undefined variable $categorys
#0 C:\wamp\www\statut\app\Views\category.php(34): CodeIgniter\Debug\Exceptions->errorHandler(2, 'Undefined varia...', 'C:\\wamp\\www\\sta...', 34)
#1 C:\wamp\www\statut\system\View\View.php(210): include('C:\\wamp\\www\\sta...')
#2 C:\wamp\www\statut\system\View\View.php(213): CodeIgniter\View\View->CodeIgniter\View\{closure}()
#3 C:\wamp\www\statut\system\Common.php(1089): CodeIgniter\View\View->render('category', Array, true)
#4 C:\wamp\www\statut\app\Controllers\Category.php(36): view('category', Array)
#5 C:\wamp\www\statut\system\CodeIgniter.php(825): App\Controllers\Category->category()
#6 C:\wamp\www\statut\system\CodeIgniter.php(412): CodeIgniter\CodeIgniter->runController(Object(App\Controllers\Category))
#7 C:\wamp\www\statut\system\CodeIgniter.php(320): CodeIgniter\CodeIgniter->handleRequest(NULL, Object(Config\Cache), false)
#8 C:\wamp\www\statut\index.php(37): CodeIgniter\CodeIgniter->run()
#9 {main}
CRITICAL - 2022-02-02 04:57:21 --> Undefined variable $categorys
#0 C:\wamp\www\statut\app\Views\category.php(34): CodeIgniter\Debug\Exceptions->errorHandler(2, 'Undefined varia...', 'C:\\wamp\\www\\sta...', 34)
#1 C:\wamp\www\statut\system\View\View.php(210): include('C:\\wamp\\www\\sta...')
#2 C:\wamp\www\statut\system\View\View.php(213): CodeIgniter\View\View->CodeIgniter\View\{closure}()
#3 C:\wamp\www\statut\system\Common.php(1089): CodeIgniter\View\View->render('category', Array, true)
#4 C:\wamp\www\statut\app\Controllers\Category.php(36): view('category', Array)
#5 C:\wamp\www\statut\system\CodeIgniter.php(825): App\Controllers\Category->category()
#6 C:\wamp\www\statut\system\CodeIgniter.php(412): CodeIgniter\CodeIgniter->runController(Object(App\Controllers\Category))
#7 C:\wamp\www\statut\system\CodeIgniter.php(320): CodeIgniter\CodeIgniter->handleRequest(NULL, Object(Config\Cache), false)
#8 C:\wamp\www\statut\index.php(37): CodeIgniter\CodeIgniter->run()
#9 {main}
CRITICAL - 2022-02-02 04:57:26 --> Undefined variable $categorys
#0 C:\wamp\www\statut\app\Views\category.php(34): CodeIgniter\Debug\Exceptions->errorHandler(2, 'Undefined varia...', 'C:\\wamp\\www\\sta...', 34)
#1 C:\wamp\www\statut\system\View\View.php(210): include('C:\\wamp\\www\\sta...')
#2 C:\wamp\www\statut\system\View\View.php(213): CodeIgniter\View\View->CodeIgniter\View\{closure}()
#3 C:\wamp\www\statut\system\Common.php(1089): CodeIgniter\View\View->render('category', Array, true)
#4 C:\wamp\www\statut\app\Controllers\Category.php(36): view('category', Array)
#5 C:\wamp\www\statut\system\CodeIgniter.php(825): App\Controllers\Category->category()
#6 C:\wamp\www\statut\system\CodeIgniter.php(412): CodeIgniter\CodeIgniter->runController(Object(App\Controllers\Category))
#7 C:\wamp\www\statut\system\CodeIgniter.php(320): CodeIgniter\CodeIgniter->handleRequest(NULL, Object(Config\Cache), false)
#8 C:\wamp\www\statut\index.php(37): CodeIgniter\CodeIgniter->run()
#9 {main}
CRITICAL - 2022-02-02 05:02:13 --> Undefined variable $categorys
#0 C:\wamp\www\statut\app\Views\category.php(34): CodeIgniter\Debug\Exceptions->errorHandler(2, 'Undefined varia...', 'C:\\wamp\\www\\sta...', 34)
#1 C:\wamp\www\statut\system\View\View.php(210): include('C:\\wamp\\www\\sta...')
#2 C:\wamp\www\statut\system\View\View.php(213): CodeIgniter\View\View->CodeIgniter\View\{closure}()
#3 C:\wamp\www\statut\system\Common.php(1089): CodeIgniter\View\View->render('category', Array, true)
#4 C:\wamp\www\statut\app\Controllers\Category.php(36): view('category', Array)
#5 C:\wamp\www\statut\system\CodeIgniter.php(825): App\Controllers\Category->category()
#6 C:\wamp\www\statut\system\CodeIgniter.php(412): CodeIgniter\CodeIgniter->runController(Object(App\Controllers\Category))
#7 C:\wamp\www\statut\system\CodeIgniter.php(320): CodeIgniter\CodeIgniter->handleRequest(NULL, Object(Config\Cache), false)
#8 C:\wamp\www\statut\index.php(37): CodeIgniter\CodeIgniter->run()
#9 {main}
CRITICAL - 2022-02-02 05:03:22 --> Undefined variable $categorys
#0 C:\wamp\www\statut\app\Views\category.php(34): CodeIgniter\Debug\Exceptions->errorHandler(2, 'Undefined varia...', 'C:\\wamp\\www\\sta...', 34)
#1 C:\wamp\www\statut\system\View\View.php(210): include('C:\\wamp\\www\\sta...')
#2 C:\wamp\www\statut\system\View\View.php(213): CodeIgniter\View\View->CodeIgniter\View\{closure}()
#3 C:\wamp\www\statut\system\Common.php(1089): CodeIgniter\View\View->render('category', Array, true)
#4 C:\wamp\www\statut\app\Controllers\Category.php(36): view('category', Array)
#5 C:\wamp\www\statut\system\CodeIgniter.php(825): App\Controllers\Category->category()
#6 C:\wamp\www\statut\system\CodeIgniter.php(412): CodeIgniter\CodeIgniter->runController(Object(App\Controllers\Category))
#7 C:\wamp\www\statut\system\CodeIgniter.php(320): CodeIgniter\CodeIgniter->handleRequest(NULL, Object(Config\Cache), false)
#8 C:\wamp\www\statut\index.php(37): CodeIgniter\CodeIgniter->run()
#9 {main}
CRITICAL - 2022-02-02 05:03:26 --> Undefined variable $categorys
#0 C:\wamp\www\statut\app\Views\category.php(34): CodeIgniter\Debug\Exceptions->errorHandler(2, 'Undefined varia...', 'C:\\wamp\\www\\sta...', 34)
#1 C:\wamp\www\statut\system\View\View.php(210): include('C:\\wamp\\www\\sta...')
#2 C:\wamp\www\statut\system\View\View.php(213): CodeIgniter\View\View->CodeIgniter\View\{closure}()
#3 C:\wamp\www\statut\system\Common.php(1089): CodeIgniter\View\View->render('category', Array, true)
#4 C:\wamp\www\statut\app\Controllers\Category.php(36): view('category', Array)
#5 C:\wamp\www\statut\system\CodeIgniter.php(825): App\Controllers\Category->category()
#6 C:\wamp\www\statut\system\CodeIgniter.php(412): CodeIgniter\CodeIgniter->runController(Object(App\Controllers\Category))
#7 C:\wamp\www\statut\system\CodeIgniter.php(320): CodeIgniter\CodeIgniter->handleRequest(NULL, Object(Config\Cache), false)
#8 C:\wamp\www\statut\index.php(37): CodeIgniter\CodeIgniter->run()
#9 {main}
CRITICAL - 2022-02-02 05:03:35 --> Undefined variable $categorys
#0 C:\wamp\www\statut\app\Views\category.php(34): CodeIgniter\Debug\Exceptions->errorHandler(2, 'Undefined varia...', 'C:\\wamp\\www\\sta...', 34)
#1 C:\wamp\www\statut\system\View\View.php(210): include('C:\\wamp\\www\\sta...')
#2 C:\wamp\www\statut\system\View\View.php(213): CodeIgniter\View\View->CodeIgniter\View\{closure}()
#3 C:\wamp\www\statut\system\Common.php(1089): CodeIgniter\View\View->render('category', Array, true)
#4 C:\wamp\www\statut\app\Controllers\Category.php(36): view('category', Array)
#5 C:\wamp\www\statut\system\CodeIgniter.php(825): App\Controllers\Category->category()
#6 C:\wamp\www\statut\system\CodeIgniter.php(412): CodeIgniter\CodeIgniter->runController(Object(App\Controllers\Category))
#7 C:\wamp\www\statut\system\CodeIgniter.php(320): CodeIgniter\CodeIgniter->handleRequest(NULL, Object(Config\Cache), false)
#8 C:\wamp\www\statut\index.php(37): CodeIgniter\CodeIgniter->run()
#9 {main}
CRITICAL - 2022-02-02 05:30:08 --> Undefined variable $logins
#0 C:\wamp\www\statut\app\Views\users.php(40): CodeIgniter\Debug\Exceptions->errorHandler(2, 'Undefined varia...', 'C:\\wamp\\www\\sta...', 40)
#1 C:\wamp\www\statut\system\View\View.php(210): include('C:\\wamp\\www\\sta...')
#2 C:\wamp\www\statut\system\View\View.php(213): CodeIgniter\View\View->CodeIgniter\View\{closure}()
#3 C:\wamp\www\statut\system\Common.php(1089): CodeIgniter\View\View->render('users', Array, true)
#4 C:\wamp\www\statut\app\Controllers\Users.php(52): view('users', Array)
#5 C:\wamp\www\statut\system\CodeIgniter.php(825): App\Controllers\Users->save()
#6 C:\wamp\www\statut\system\CodeIgniter.php(412): CodeIgniter\CodeIgniter->runController(Object(App\Controllers\Users))
#7 C:\wamp\www\statut\system\CodeIgniter.php(320): CodeIgniter\CodeIgniter->handleRequest(NULL, Object(Config\Cache), false)
#8 C:\wamp\www\statut\index.php(37): CodeIgniter\CodeIgniter->run()
#9 {main}
CRITICAL - 2022-02-02 05:31:15 --> Undefined property: App\Controllers\Users::$userModel
#0 C:\wamp\www\statut\app\Controllers\Users.php(48): CodeIgniter\Debug\Exceptions->errorHandler(2, 'Undefined prope...', 'C:\\wamp\\www\\sta...', 48)
#1 C:\wamp\www\statut\system\CodeIgniter.php(825): App\Controllers\Users->save()
#2 C:\wamp\www\statut\system\CodeIgniter.php(412): CodeIgniter\CodeIgniter->runController(Object(App\Controllers\Users))
#3 C:\wamp\www\statut\system\CodeIgniter.php(320): CodeIgniter\CodeIgniter->handleRequest(NULL, Object(Config\Cache), false)
#4 C:\wamp\www\statut\index.php(37): CodeIgniter\CodeIgniter->run()
#5 {main}
CRITICAL - 2022-02-02 05:31:18 --> Undefined property: App\Controllers\Users::$userModel
#0 C:\wamp\www\statut\app\Controllers\Users.php(48): CodeIgniter\Debug\Exceptions->errorHandler(2, 'Undefined prope...', 'C:\\wamp\\www\\sta...', 48)
#1 C:\wamp\www\statut\system\CodeIgniter.php(825): App\Controllers\Users->save()
#2 C:\wamp\www\statut\system\CodeIgniter.php(412): CodeIgniter\CodeIgniter->runController(Object(App\Controllers\Users))
#3 C:\wamp\www\statut\system\CodeIgniter.php(320): CodeIgniter\CodeIgniter->handleRequest(NULL, Object(Config\Cache), false)
#4 C:\wamp\www\statut\index.php(37): CodeIgniter\CodeIgniter->run()
#5 {main}
CRITICAL - 2022-02-02 05:31:57 --> Undefined variable $services
#0 C:\wamp\www\statut\app\Views\dashboard.php(40): CodeIgniter\Debug\Exceptions->errorHandler(2, 'Undefined varia...', 'C:\\wamp\\www\\sta...', 40)
#1 C:\wamp\www\statut\system\View\View.php(210): include('C:\\wamp\\www\\sta...')
#2 C:\wamp\www\statut\system\View\View.php(213): CodeIgniter\View\View->CodeIgniter\View\{closure}()
#3 C:\wamp\www\statut\system\Common.php(1089): CodeIgniter\View\View->render('dashboard', Array, true)
#4 C:\wamp\www\statut\app\Controllers\Dashboard.php(47): view('dashboard', Array)
#5 C:\wamp\www\statut\system\CodeIgniter.php(825): App\Controllers\Dashboard->service()
#6 C:\wamp\www\statut\system\CodeIgniter.php(412): CodeIgniter\CodeIgniter->runController(Object(App\Controllers\Dashboard))
#7 C:\wamp\www\statut\system\CodeIgniter.php(320): CodeIgniter\CodeIgniter->handleRequest(NULL, Object(Config\Cache), false)
#8 C:\wamp\www\statut\index.php(37): CodeIgniter\CodeIgniter->run()
#9 {main}
CRITICAL - 2022-02-02 05:32:32 --> Undefined variable $services
#0 C:\wamp\www\statut\app\Views\dashboard.php(40): CodeIgniter\Debug\Exceptions->errorHandler(2, 'Undefined varia...', 'C:\\wamp\\www\\sta...', 40)
#1 C:\wamp\www\statut\system\View\View.php(210): include('C:\\wamp\\www\\sta...')
#2 C:\wamp\www\statut\system\View\View.php(213): CodeIgniter\View\View->CodeIgniter\View\{closure}()
#3 C:\wamp\www\statut\system\Common.php(1089): CodeIgniter\View\View->render('dashboard', Array, true)
#4 C:\wamp\www\statut\app\Controllers\Dashboard.php(47): view('dashboard', Array)
#5 C:\wamp\www\statut\system\CodeIgniter.php(825): App\Controllers\Dashboard->service()
#6 C:\wamp\www\statut\system\CodeIgniter.php(412): CodeIgniter\CodeIgniter->runController(Object(App\Controllers\Dashboard))
#7 C:\wamp\www\statut\system\CodeIgniter.php(320): CodeIgniter\CodeIgniter->handleRequest(NULL, Object(Config\Cache), false)
#8 C:\wamp\www\statut\index.php(37): CodeIgniter\CodeIgniter->run()
#9 {main}
CRITICAL - 2022-02-02 07:12:46 --> Undefined variable $services
#0 C:\wamp\www\statut\app\Views\dashboard.php(40): CodeIgniter\Debug\Exceptions->errorHandler(2, 'Undefined varia...', 'C:\\wamp\\www\\sta...', 40)
#1 C:\wamp\www\statut\system\View\View.php(210): include('C:\\wamp\\www\\sta...')
#2 C:\wamp\www\statut\system\View\View.php(213): CodeIgniter\View\View->CodeIgniter\View\{closure}()
#3 C:\wamp\www\statut\system\Common.php(1089): CodeIgniter\View\View->render('dashboard', Array, true)
#4 C:\wamp\www\statut\app\Controllers\Dashboard.php(48): view('dashboard', Array)
#5 C:\wamp\www\statut\system\CodeIgniter.php(825): App\Controllers\Dashboard->service()
#6 C:\wamp\www\statut\system\CodeIgniter.php(412): CodeIgniter\CodeIgniter->runController(Object(App\Controllers\Dashboard))
#7 C:\wamp\www\statut\system\CodeIgniter.php(320): CodeIgniter\CodeIgniter->handleRequest(NULL, Object(Config\Cache), false)
#8 C:\wamp\www\statut\index.php(37): CodeIgniter\CodeIgniter->run()
#9 {main}
CRITICAL - 2022-02-02 07:12:56 --> Undefined variable $services
#0 C:\wamp\www\statut\app\Views\dashboard.php(40): CodeIgniter\Debug\Exceptions->errorHandler(2, 'Undefined varia...', 'C:\\wamp\\www\\sta...', 40)
#1 C:\wamp\www\statut\system\View\View.php(210): include('C:\\wamp\\www\\sta...')
#2 C:\wamp\www\statut\system\View\View.php(213): CodeIgniter\View\View->CodeIgniter\View\{closure}()
#3 C:\wamp\www\statut\system\Common.php(1089): CodeIgniter\View\View->render('dashboard', Array, true)
#4 C:\wamp\www\statut\app\Controllers\Dashboard.php(48): view('dashboard', Array)
#5 C:\wamp\www\statut\system\CodeIgniter.php(825): App\Controllers\Dashboard->service()
#6 C:\wamp\www\statut\system\CodeIgniter.php(412): CodeIgniter\CodeIgniter->runController(Object(App\Controllers\Dashboard))
#7 C:\wamp\www\statut\system\CodeIgniter.php(320): CodeIgniter\CodeIgniter->handleRequest(NULL, Object(Config\Cache), false)
#8 C:\wamp\www\statut\index.php(37): CodeIgniter\CodeIgniter->run()
#9 {main}
CRITICAL - 2022-02-02 07:13:00 --> Undefined variable $categorys
#0 C:\wamp\www\statut\app\Views\category.php(34): CodeIgniter\Debug\Exceptions->errorHandler(2, 'Undefined varia...', 'C:\\wamp\\www\\sta...', 34)
#1 C:\wamp\www\statut\system\View\View.php(210): include('C:\\wamp\\www\\sta...')
#2 C:\wamp\www\statut\system\View\View.php(213): CodeIgniter\View\View->CodeIgniter\View\{closure}()
#3 C:\wamp\www\statut\system\Common.php(1089): CodeIgniter\View\View->render('category', Array, true)
#4 C:\wamp\www\statut\app\Controllers\Category.php(36): view('category', Array)
#5 C:\wamp\www\statut\system\CodeIgniter.php(825): App\Controllers\Category->category()
#6 C:\wamp\www\statut\system\CodeIgniter.php(412): CodeIgniter\CodeIgniter->runController(Object(App\Controllers\Category))
#7 C:\wamp\www\statut\system\CodeIgniter.php(320): CodeIgniter\CodeIgniter->handleRequest(NULL, Object(Config\Cache), false)
#8 C:\wamp\www\statut\index.php(37): CodeIgniter\CodeIgniter->run()
#9 {main}
CRITICAL - 2022-02-02 07:15:19 --> Undefined variable $categorys
#0 C:\wamp\www\statut\app\Views\category.php(34): CodeIgniter\Debug\Exceptions->errorHandler(2, 'Undefined varia...', 'C:\\wamp\\www\\sta...', 34)
#1 C:\wamp\www\statut\system\View\View.php(210): include('C:\\wamp\\www\\sta...')
#2 C:\wamp\www\statut\system\View\View.php(213): CodeIgniter\View\View->CodeIgniter\View\{closure}()
#3 C:\wamp\www\statut\system\Common.php(1089): CodeIgniter\View\View->render('category', Array, true)
#4 C:\wamp\www\statut\app\Controllers\Category.php(36): view('category', Array)
#5 C:\wamp\www\statut\system\CodeIgniter.php(825): App\Controllers\Category->category()
#6 C:\wamp\www\statut\system\CodeIgniter.php(412): CodeIgniter\CodeIgniter->runController(Object(App\Controllers\Category))
#7 C:\wamp\www\statut\system\CodeIgniter.php(320): CodeIgniter\CodeIgniter->handleRequest(NULL, Object(Config\Cache), false)
#8 C:\wamp\www\statut\index.php(37): CodeIgniter\CodeIgniter->run()
#9 {main}
CRITICAL - 2022-02-02 07:17:40 --> Undefined variable $categorys
#0 C:\wamp\www\statut\app\Views\category.php(34): CodeIgniter\Debug\Exceptions->errorHandler(2, 'Undefined varia...', 'C:\\wamp\\www\\sta...', 34)
#1 C:\wamp\www\statut\system\View\View.php(210): include('C:\\wamp\\www\\sta...')
#2 C:\wamp\www\statut\system\View\View.php(213): CodeIgniter\View\View->CodeIgniter\View\{closure}()
#3 C:\wamp\www\statut\system\Common.php(1089): CodeIgniter\View\View->render('category', Array, true)
#4 C:\wamp\www\statut\app\Controllers\Category.php(36): view('category', Array)
#5 C:\wamp\www\statut\system\CodeIgniter.php(825): App\Controllers\Category->category()
#6 C:\wamp\www\statut\system\CodeIgniter.php(412): CodeIgniter\CodeIgniter->runController(Object(App\Controllers\Category))
#7 C:\wamp\www\statut\system\CodeIgniter.php(320): CodeIgniter\CodeIgniter->handleRequest(NULL, Object(Config\Cache), false)
#8 C:\wamp\www\statut\index.php(37): CodeIgniter\CodeIgniter->run()
#9 {main}
ERROR - 2022-02-02 07:17:41 --> Error connecting to the database: Base 'ci4' inconnue
CRITICAL - 2022-02-02 07:17:41 --> Unable to connect to the database.
Main connection [MySQLi]: Base 'ci4' inconnue
#0 C:\wamp\www\statut\system\Database\BaseConnection.php(577): CodeIgniter\Database\BaseConnection->initialize()
#1 C:\wamp\www\statut\system\Database\BaseBuilder.php(1539): CodeIgniter\Database\BaseConnection->query('SELECT COUNT(*)...', Array, false)
#2 C:\wamp\www\statut\system\Model.php(509): CodeIgniter\Database\BaseBuilder->countAllResults(false)
#3 C:\wamp\www\statut\system\BaseModel.php(1084): CodeIgniter\Model->countAllResults(false)
#4 C:\wamp\www\statut\app\Controllers\Category.php(14): CodeIgniter\BaseModel->paginate(10)
#5 C:\wamp\www\statut\system\CodeIgniter.php(825): App\Controllers\Category->index()
#6 C:\wamp\www\statut\system\CodeIgniter.php(412): CodeIgniter\CodeIgniter->runController(Object(App\Controllers\Category))
#7 C:\wamp\www\statut\system\CodeIgniter.php(320): CodeIgniter\CodeIgniter->handleRequest(NULL, Object(Config\Cache), false)
#8 C:\wamp\www\statut\index.php(37): CodeIgniter\CodeIgniter->run()
#9 {main}
CRITICAL - 2022-02-02 07:18:19 --> Undefined variable $categorys
#0 C:\wamp\www\statut\app\Views\category.php(34): CodeIgniter\Debug\Exceptions->errorHandler(2, 'Undefined varia...', 'C:\\wamp\\www\\sta...', 34)
#1 C:\wamp\www\statut\system\View\View.php(210): include('C:\\wamp\\www\\sta...')
#2 C:\wamp\www\statut\system\View\View.php(213): CodeIgniter\View\View->CodeIgniter\View\{closure}()
#3 C:\wamp\www\statut\system\Common.php(1089): CodeIgniter\View\View->render('category', Array, true)
#4 C:\wamp\www\statut\app\Controllers\Category.php(36): view('category', Array)
#5 C:\wamp\www\statut\system\CodeIgniter.php(825): App\Controllers\Category->category()
#6 C:\wamp\www\statut\system\CodeIgniter.php(412): CodeIgniter\CodeIgniter->runController(Object(App\Controllers\Category))
#7 C:\wamp\www\statut\system\CodeIgniter.php(320): CodeIgniter\CodeIgniter->handleRequest(NULL, Object(Config\Cache), false)
#8 C:\wamp\www\statut\index.php(37): CodeIgniter\CodeIgniter->run()
#9 {main}
CRITICAL - 2022-02-02 07:19:32 --> Undefined variable $categorys
#0 C:\wamp\www\statut\app\Views\category.php(34): CodeIgniter\Debug\Exceptions->errorHandler(2, 'Undefined varia...', 'C:\\wamp\\www\\sta...', 34)
#1 C:\wamp\www\statut\system\View\View.php(210): include('C:\\wamp\\www\\sta...')
#2 C:\wamp\www\statut\system\View\View.php(213): CodeIgniter\View\View->CodeIgniter\View\{closure}()
#3 C:\wamp\www\statut\system\Common.php(1089): CodeIgniter\View\View->render('category', Array, true)
#4 C:\wamp\www\statut\app\Controllers\Category.php(36): view('category', Array)
#5 C:\wamp\www\statut\system\CodeIgniter.php(825): App\Controllers\Category->category()
#6 C:\wamp\www\statut\system\CodeIgniter.php(412): CodeIgniter\CodeIgniter->runController(Object(App\Controllers\Category))
#7 C:\wamp\www\statut\system\CodeIgniter.php(320): CodeIgniter\CodeIgniter->handleRequest(NULL, Object(Config\Cache), false)
#8 C:\wamp\www\statut\index.php(37): CodeIgniter\CodeIgniter->run()
#9 {main}
CRITICAL - 2022-02-02 07:20:03 --> Undefined variable $categorys
#0 C:\wamp\www\statut\app\Views\category.php(34): CodeIgniter\Debug\Exceptions->errorHandler(2, 'Undefined varia...', 'C:\\wamp\\www\\sta...', 34)
#1 C:\wamp\www\statut\system\View\View.php(210): include('C:\\wamp\\www\\sta...')
#2 C:\wamp\www\statut\system\View\View.php(213): CodeIgniter\View\View->CodeIgniter\View\{closure}()
#3 C:\wamp\www\statut\system\Common.php(1089): CodeIgniter\View\View->render('category', Array, true)
#4 C:\wamp\www\statut\app\Controllers\Category.php(36): view('category', Array)
#5 C:\wamp\www\statut\system\CodeIgniter.php(825): App\Controllers\Category->category()
#6 C:\wamp\www\statut\system\CodeIgniter.php(412): CodeIgniter\CodeIgniter->runController(Object(App\Controllers\Category))
#7 C:\wamp\www\statut\system\CodeIgniter.php(320): CodeIgniter\CodeIgniter->handleRequest(NULL, Object(Config\Cache), false)
#8 C:\wamp\www\statut\index.php(37): CodeIgniter\CodeIgniter->run()
#9 {main}
CRITICAL - 2022-02-02 07:20:52 --> Undefined variable $categorys
#0 C:\wamp\www\statut\app\Views\category.php(34): CodeIgniter\Debug\Exceptions->errorHandler(2, 'Undefined varia...', 'C:\\wamp\\www\\sta...', 34)
#1 C:\wamp\www\statut\system\View\View.php(210): include('C:\\wamp\\www\\sta...')
#2 C:\wamp\www\statut\system\View\View.php(213): CodeIgniter\View\View->CodeIgniter\View\{closure}()
#3 C:\wamp\www\statut\system\Common.php(1089): CodeIgniter\View\View->render('category', Array, true)
#4 C:\wamp\www\statut\app\Controllers\Category.php(15): view('category', Array)
#5 C:\wamp\www\statut\system\CodeIgniter.php(825): App\Controllers\Category->index()
#6 C:\wamp\www\statut\system\CodeIgniter.php(412): CodeIgniter\CodeIgniter->runController(Object(App\Controllers\Category))
#7 C:\wamp\www\statut\system\CodeIgniter.php(320): CodeIgniter\CodeIgniter->handleRequest(NULL, Object(Config\Cache), false)
#8 C:\wamp\www\statut\index.php(37): CodeIgniter\CodeIgniter->run()
#9 {main}
CRITICAL - 2022-02-02 07:21:08 --> Undefined variable $categorys
#0 C:\wamp\www\statut\app\Views\category.php(34): CodeIgniter\Debug\Exceptions->errorHandler(2, 'Undefined varia...', 'C:\\wamp\\www\\sta...', 34)
#1 C:\wamp\www\statut\system\View\View.php(210): include('C:\\wamp\\www\\sta...')
#2 C:\wamp\www\statut\system\View\View.php(213): CodeIgniter\View\View->CodeIgniter\View\{closure}()
#3 C:\wamp\www\statut\system\Common.php(1089): CodeIgniter\View\View->render('category', Array, true)
#4 C:\wamp\www\statut\app\Controllers\Category.php(15): view('category', Array)
#5 C:\wamp\www\statut\system\CodeIgniter.php(825): App\Controllers\Category->index()
#6 C:\wamp\www\statut\system\CodeIgniter.php(412): CodeIgniter\CodeIgniter->runController(Object(App\Controllers\Category))
#7 C:\wamp\www\statut\system\CodeIgniter.php(320): CodeIgniter\CodeIgniter->handleRequest(NULL, Object(Config\Cache), false)
#8 C:\wamp\www\statut\index.php(37): CodeIgniter\CodeIgniter->run()
#9 {main}
CRITICAL - 2022-02-02 07:21:13 --> Undefined variable $categorys
#0 C:\wamp\www\statut\app\Views\category.php(34): CodeIgniter\Debug\Exceptions->errorHandler(2, 'Undefined varia...', 'C:\\wamp\\www\\sta...', 34)
#1 C:\wamp\www\statut\system\View\View.php(210): include('C:\\wamp\\www\\sta...')
#2 C:\wamp\www\statut\system\View\View.php(213): CodeIgniter\View\View->CodeIgniter\View\{closure}()
#3 C:\wamp\www\statut\system\Common.php(1089): CodeIgniter\View\View->render('category', Array, true)
#4 C:\wamp\www\statut\app\Controllers\Category.php(15): view('category', Array)
#5 C:\wamp\www\statut\system\CodeIgniter.php(825): App\Controllers\Category->index()
#6 C:\wamp\www\statut\system\CodeIgniter.php(412): CodeIgniter\CodeIgniter->runController(Object(App\Controllers\Category))
#7 C:\wamp\www\statut\system\CodeIgniter.php(320): CodeIgniter\CodeIgniter->handleRequest(NULL, Object(Config\Cache), false)
#8 C:\wamp\www\statut\index.php(37): CodeIgniter\CodeIgniter->run()
#9 {main}
CRITICAL - 2022-02-02 07:21:34 --> Undefined variable $categorys
#0 C:\wamp\www\statut\app\Views\category.php(34): CodeIgniter\Debug\Exceptions->errorHandler(2, 'Undefined varia...', 'C:\\wamp\\www\\sta...', 34)
#1 C:\wamp\www\statut\system\View\View.php(210): include('C:\\wamp\\www\\sta...')
#2 C:\wamp\www\statut\system\View\View.php(213): CodeIgniter\View\View->CodeIgniter\View\{closure}()
#3 C:\wamp\www\statut\system\Common.php(1089): CodeIgniter\View\View->render('category', Array, true)
#4 C:\wamp\www\statut\app\Controllers\Category.php(15): view('category', Array)
#5 C:\wamp\www\statut\system\CodeIgniter.php(825): App\Controllers\Category->index()
#6 C:\wamp\www\statut\system\CodeIgniter.php(412): CodeIgniter\CodeIgniter->runController(Object(App\Controllers\Category))
#7 C:\wamp\www\statut\system\CodeIgniter.php(320): CodeIgniter\CodeIgniter->handleRequest(NULL, Object(Config\Cache), false)
#8 C:\wamp\www\statut\index.php(37): CodeIgniter\CodeIgniter->run()
#9 {main}
CRITICAL - 2022-02-02 07:22:11 --> Undefined variable $categorys
#0 C:\wamp\www\statut\app\Views\category.php(34): CodeIgniter\Debug\Exceptions->errorHandler(2, 'Undefined varia...', 'C:\\wamp\\www\\sta...', 34)
#1 C:\wamp\www\statut\system\View\View.php(210): include('C:\\wamp\\www\\sta...')
#2 C:\wamp\www\statut\system\View\View.php(213): CodeIgniter\View\View->CodeIgniter\View\{closure}()
#3 C:\wamp\www\statut\system\Common.php(1089): CodeIgniter\View\View->render('category', Array, true)
#4 C:\wamp\www\statut\app\Controllers\Category.php(36): view('category', Array)
#5 C:\wamp\www\statut\system\CodeIgniter.php(825): App\Controllers\Category->category()
#6 C:\wamp\www\statut\system\CodeIgniter.php(412): CodeIgniter\CodeIgniter->runController(Object(App\Controllers\Category))
#7 C:\wamp\www\statut\system\CodeIgniter.php(320): CodeIgniter\CodeIgniter->handleRequest(NULL, Object(Config\Cache), false)
#8 C:\wamp\www\statut\index.php(37): CodeIgniter\CodeIgniter->run()
#9 {main}
CRITICAL - 2022-02-02 07:39:07 --> Undefined variable $logins
#0 C:\wamp\www\statut\app\Views\users.php(40): CodeIgniter\Debug\Exceptions->errorHandler(2, 'Undefined varia...', 'C:\\wamp\\www\\sta...', 40)
#1 C:\wamp\www\statut\system\View\View.php(210): include('C:\\wamp\\www\\sta...')
#2 C:\wamp\www\statut\system\View\View.php(213): CodeIgniter\View\View->CodeIgniter\View\{closure}()
#3 C:\wamp\www\statut\system\Common.php(1089): CodeIgniter\View\View->render('users', Array, true)
#4 C:\wamp\www\statut\app\Controllers\Users.php(52): view('users', Array)
#5 C:\wamp\www\statut\system\CodeIgniter.php(825): App\Controllers\Users->save()
#6 C:\wamp\www\statut\system\CodeIgniter.php(412): CodeIgniter\CodeIgniter->runController(Object(App\Controllers\Users))
#7 C:\wamp\www\statut\system\CodeIgniter.php(320): CodeIgniter\CodeIgniter->handleRequest(NULL, Object(Config\Cache), false)
#8 C:\wamp\www\statut\index.php(37): CodeIgniter\CodeIgniter->run()
#9 {main}
CRITICAL - 2022-02-02 11:18:27 --> Undefined property: App\Controllers\Users::$userModel
#0 C:\wamp\www\statut\app\Controllers\Users.php(50): CodeIgniter\Debug\Exceptions->errorHandler(2, 'Undefined prope...', 'C:\\wamp\\www\\sta...', 50)
#1 C:\wamp\www\statut\system\CodeIgniter.php(825): App\Controllers\Users->addUser()
#2 C:\wamp\www\statut\system\CodeIgniter.php(412): CodeIgniter\CodeIgniter->runController(Object(App\Controllers\Users))
#3 C:\wamp\www\statut\system\CodeIgniter.php(320): CodeIgniter\CodeIgniter->handleRequest(NULL, Object(Config\Cache), false)
#4 C:\wamp\www\statut\public\index.php(37): CodeIgniter\CodeIgniter->run()
#5 C:\wamp\www\statut\system\Commands\Server\rewrite.php(43): require_once('C:\\wamp\\www\\sta...')
#6 {main}
CRITICAL - 2022-02-02 11:20:11 --> Undefined property: App\Controllers\Users::$userModel
#0 C:\wamp\www\statut\app\Controllers\Users.php(50): CodeIgniter\Debug\Exceptions->errorHandler(2, 'Undefined prope...', 'C:\\wamp\\www\\sta...', 50)
#1 C:\wamp\www\statut\system\CodeIgniter.php(825): App\Controllers\Users->addUser()
#2 C:\wamp\www\statut\system\CodeIgniter.php(412): CodeIgniter\CodeIgniter->runController(Object(App\Controllers\Users))
#3 C:\wamp\www\statut\system\CodeIgniter.php(320): CodeIgniter\CodeIgniter->handleRequest(NULL, Object(Config\Cache), false)
#4 C:\wamp\www\statut\public\index.php(37): CodeIgniter\CodeIgniter->run()
#5 C:\wamp\www\statut\system\Commands\Server\rewrite.php(43): require_once('C:\\wamp\\www\\sta...')
#6 {main}
CRITICAL - 2022-02-02 11:27:08 --> Trying to access array offset on value of type null
#0 C:\wamp\www\statut\app\Views\users.php(45): CodeIgniter\Debug\Exceptions->errorHandler(2, 'Trying to acces...', 'C:\\wamp\\www\\sta...', 45)
#1 C:\wamp\www\statut\system\View\View.php(210): include('C:\\wamp\\www\\sta...')
#2 C:\wamp\www\statut\system\View\View.php(213): CodeIgniter\View\View->CodeIgniter\View\{closure}()
#3 C:\wamp\www\statut\system\Common.php(1089): CodeIgniter\View\View->render('users', Array, true)
#4 C:\wamp\www\statut\app\Controllers\Users.php(20): view('users', Array)
#5 C:\wamp\www\statut\system\CodeIgniter.php(802): App\Controllers\Users->__construct()
#6 C:\wamp\www\statut\system\CodeIgniter.php(403): CodeIgniter\CodeIgniter->createController()
#7 C:\wamp\www\statut\system\CodeIgniter.php(320): CodeIgniter\CodeIgniter->handleRequest(NULL, Object(Config\Cache), false)
#8 C:\wamp\www\statut\public\index.php(37): CodeIgniter\CodeIgniter->run()
#9 C:\wamp\www\statut\system\Commands\Server\rewrite.php(43): require_once('C:\\wamp\\www\\sta...')
#10 {main}
ERROR - 2022-02-02 16:23:35 --> Error connecting to the database: Aucune connexion na pu tre tablie car lordinateur cible la expressment refuse
CRITICAL - 2022-02-02 16:23:35 --> Unable to connect to the database.
Main connection [MySQLi]: Aucune connexion na pu tre tablie car lordinateur cible la expressment refuse
#0 C:\wamp\www\statut\system\Database\BaseConnection.php(577): CodeIgniter\Database\BaseConnection->initialize()
#1 C:\wamp\www\statut\system\Database\BaseBuilder.php(1455): CodeIgniter\Database\BaseConnection->query('SELECT *\nFROM `...', Array, false)
#2 C:\wamp\www\statut\system\Model.php(210): CodeIgniter\Database\BaseBuilder->get()
#3 C:\wamp\www\statut\system\BaseModel.php(622): CodeIgniter\Model->doFirst()
#4 C:\wamp\www\statut\app\Controllers\Login.php(30): CodeIgniter\BaseModel->first()
#5 C:\wamp\www\statut\system\CodeIgniter.php(825): App\Controllers\Login->auth()
#6 C:\wamp\www\statut\system\CodeIgniter.php(412): CodeIgniter\CodeIgniter->runController(Object(App\Controllers\Login))
#7 C:\wamp\www\statut\system\CodeIgniter.php(320): CodeIgniter\CodeIgniter->handleRequest(NULL, Object(Config\Cache), false)
#8 C:\wamp\www\statut\public\index.php(37): CodeIgniter\CodeIgniter->run()
#9 C:\wamp\www\statut\system\Commands\Server\rewrite.php(43): require_once('C:\\wamp\\www\\sta...')
#10 {main}
